
============================================================
УГИЎ ГЏТЅ: 2026-06-01
============================================================

  [KGA-1] raw data ЧЪХЭИЕ...
  [ЦлНУНК] ЦлНУНК_0601.xlsx
    ЧЪХЭ ШФ 2420Чр
  [РЯЗы] РЯЗы_0601_0602.xlsx
    ЧЪХЭ ШФ 6234Чр
  [ЕЅНКФП] ЕЅНКФП_0601_0602.xlsx
    ЧЪХЭ ШФ 4876Чр
  [3PL] 3PL_0601.xlsx
    ЧЪХЭ ШФ 559Чр
    [ЦлНУНК] РхРчПЯ GБИПЊ 3Чр Ёц K-115-00 КЏАц

  [KGA-2] АЁЕПЗќ-ЗЮЕЅРЬХЭ ЦФРЯ КЙЛч...
    КЙЛч ПЯЗс: tmp_kga1.xlsx
    КЙЛч ПЯЗс: tmp_kga2.xlsx

  [KGA-3] RAW DATA НУЦЎ ОїЕЅРЬЦЎ...
    [ЦлНУНК RAW DATA] 2420Чр РдЗТ
    [РЯЗы RAW DATA] 6234Чр РдЗТ
    [ЕЅНКФП RAW DATA] 4876Чр РдЗТ
    [3PL RAW DATA] 559Чр РдЗТ

  [KGA-4] CalculateFull() НЧЧр Сп...
  [ПЯЗс]

  [KGA-5] ЕЅРЬХЭСЄИЎ,АшЛъ РаБт...
    F_1=2420Чр  I_1=6234Чр  D_1=4876Чр  DU_1=559Чр

  [zoneКА Чр Мі]
    F_1(ЦлНУНК): Уб 2420Чр
      B: 62
      E-F: 1129
      J-K: 856
      L: 155
      L/S: 218
    I_1(РЯЗы): Уб 6234Чр
      A-P: 1203
      C-D: 2370
      DPS: 1419
      H-I: 1242
    D_1(ЕЅНКФП): Уб 4876Чр
      M-N: 3167
      S: 1709
    DU_1(3PL): Уб 559Чр
      R: 186
      W: 373

  [1] Excel П­Бт...
  [ПЯЗс]

  [2] ЧЧХЗНЧРћ CП­ ОїЕЅРЬЦЎ...
      [H-I] 11Иэ (ННЗд 50Чр)
      [C-D] 14Иэ (ННЗд 50Чр)
      [A-P] 17Иэ (ННЗд 50Чр)
      [DPS] 1Иэ (ННЗд 50Чр)
      [E-F] 11Иэ (ННЗд 50Чр)
      [J-K] 9Иэ (ННЗд 50Чр)
      [L] 5Иэ (ННЗд 50Чр)
      [B] 1Иэ (ННЗд 50Чр)
      [L/S] 1Иэ (ННЗд 50Чр)
      [M-N] 14Иэ (ННЗд 50Чр)
      [S] 4Иэ (ННЗд 50Чр)
      [W] 3Иэ (ННЗд 50Чр)
      [R] 6Иэ (ННЗд 50Чр)
  [ПЯЗс]

  [3] НУЦЎ ЕЅРЬХЭ ОВБт...
    [F_1] 2420Чр РлМК (C~L, U~AA)
    [I_1] 6234Чр РлМК (C~L, U~AA)
    [D_1] 4876Чр РлМК (C~L, U~AA)
    [DU_1] 559Чр РлМК (C~L, U~AA)
  [ПЯЗс]

  [3.1] ЧЧХЗБнОз(BF/BGП­) БтРд...
  [АјРхЕЕАЁ] Е№НКХЉ ФГНУ ЛчПы (3НУЦЎ)
    [F_1] ЧЧХЗБнОз ЧеАш: 481,358,200Пј
    [I_1] ЧЧХЗБнОз ЧеАш: 478,505,985Пј
    [D_1] ЧЧХЗБнОз ЧеАш: 402,679,412Пј
    [DU_1] ЧЧХЗБнОз ЧеАш: 182,772,060Пј
  [ПЯЗс]

  [4.3] РќУМ НУЦЎ МіНФ ЙќРЇ ШЎРх...
    [F_1] МіНФ ШЎРх КвЧЪПф (РЬЙЬ РќУМ Чр ФПЙі)
    [I_1] МіНФ ШЎРх КвЧЪПф (РЬЙЬ РќУМ Чр ФПЙі)
    [D_1] МіНФ ШЎРх КвЧЪПф (РЬЙЬ РќУМ Чр ФПЙі)
    [DU_1] МіНФ ШЎРх КвЧЪПф (РЬЙЬ РќУМ Чр ФПЙі)
  [ПЯЗс]

  [4.5] D_1/DU_1 ПЁЗЏ МіНФ IFERROR ЗЁЧЮ...
    [D_1] col30 IFERROR ЗЁЧЮ: =(IF($M2="НУРл",INDEX(MNPSWRT!$B$3:$O$16,MATCH($N2,MNPSWRT!$A$3:$A$16,0),MATCH($U2
    [D_1] col31 IFERROR ЗЁЧЮ: =(IF($B2="DPS",IF($M2="НУРл",INDEX(DPS!$B$3:$AF$33,MATCH($O2,DPS!$A$3:$A$33,0),MAT
    [D_1] col32 IFERROR ЗЁЧЮ: =(IF($B2="DPS",0,IF($M2="НУРл",INDEX('1_28'!$B$3:$AD$31,MATCH($P2,'1_28'!$A$3:$A$3
    [D_1] col33 IFERROR ЗЁЧЮ: =(IF($Q2="ГЁ",INDEX(MNPSWRT!$B$3:$O$16,MATCH($U2,MNPSWRT!$A$3:$A$16,0),MATCH($R2,
    [D_1] col34 IFERROR ЗЁЧЮ: =(IF($B2="DPS",IF($Q2="ГЁ",INDEX(DPS!$B$3:$AF$33,MATCH($V2,DPS!$A$3:$A$33,0),MATC
    [D_1] col35 IFERROR ЗЁЧЮ: =(IF($B2="DPS",0,IF($Q2="ГЁ",INDEX('1_28'!$B$3:$AD$31,MATCH($W2,'1_28'!$A$3:$A$31
    [D_1] col36 IFERROR ЗЁЧЮ: =(IF($J2="DPS",IF($G1=$G2,INDEX(MNPSWRT!$B$3:$N$15,MATCH($U1,MNPSWRT!$A$3:$A$15,
    [D_1] col37 IFERROR ЗЁЧЮ: =(IF($J2="DPS",IF($I1=$I2,INDEX(DPS!$B$3:$AF$33,MATCH($V1,DPS!$A$3:$A$33,0),MATC
    [D_1] col38 IFERROR ЗЁЧЮ: =(IF($J2="DPS",0,IF($G2=$G1,INDEX('1_28'!$B$3:$AD$31,MATCH($W2,'1_28'!$A$3:$A$31
    [D_1] col39 IFERROR ЗЁЧЮ: =IF($B2="DPS",0,IF($D1&$G1&$U1&$V1&$W1&$X1=$D2&$G2&$U2&$V2&$W2&$X2,0,IF(ISERROR(
    [D_1] col40 IFERROR ЗЁЧЮ: =IF($B2="DPS",0,IF($B2="TEAM4",IF($D1&$G1&$U1&$V1&$W1&$X1=$D2&$G2&$U2&$V2&$W2&$X
    [D_1] col41 IFERROR ЗЁЧЮ: =IF(OR($B2="DPS",$B2="TEAM4"),VLOOKUP($B2,ЧЧХЗНУАЃ!$A:$B,2,0)*E2,VLOOKUP($U2,ЧЧХЗНУАЃ!$A
    [D_1] col42 IFERROR ЗЁЧЮ: =IF($B2="DPS",IF($D2&$G2&$U2&$V2&$W2&$X2=$D3&$G3&$U3&$V3&$W3&$X3,0,ЧЧХЗНУАЃ!$M$4),IF
    [D_1] col43 IFERROR ЗЁЧЮ: =IF(AND($M2="НУРл",$B2="DPS"),'WAVEАЃ НУАЃ'!$B$3,IF(AND($M2="НУРл",$B2="TEAM4"),'WAVEАЃ 
    [D_1] col44 IFERROR ЗЁЧЮ: =IF(AND($B2="DPS",$Q2="ГЁ",$L2="АцРЮ"),VLOOKUP($B2,'WAVEАЃ НУАЃ'!$W:$X,2,0),IF(AND($B2
    [D_1] col45 IFERROR ЗЁЧЮ: =AD2+AE2+AF2+AG2+AH2+AI2+AJ2+AK2+AL2+AM2+AN2+AO2+AP2+AQ2+AR2
    [DU_1] col30 IFERROR ЗЁЧЮ: =(IF($M2="НУРл",INDEX(MNPSWRT!$B$3:$O$16,MATCH($N2,MNPSWRT!$A$3:$A$16,0),MATCH($U2
    [DU_1] col31 IFERROR ЗЁЧЮ: =(IF($B2="DPS",IF($M2="НУРл",INDEX(DPS!$B$3:$AF$33,MATCH($O2,DPS!$A$3:$A$33,0),MAT
    [DU_1] col32 IFERROR ЗЁЧЮ: =(IF($B2="DPS",0,IF($M2="НУРл",INDEX('1_28'!$B$3:$AD$31,MATCH($P2,'1_28'!$A$3:$A$3
    [DU_1] col33 IFERROR ЗЁЧЮ: =(IF($Q2="ГЁ",INDEX(MNPSWRT!$B$3:$O$16,MATCH($U2,MNPSWRT!$A$3:$A$16,0),MATCH($R2,
    [DU_1] col34 IFERROR ЗЁЧЮ: =(IF($B2="DPS",IF($Q2="ГЁ",INDEX(DPS!$B$3:$AF$33,MATCH($V2,DPS!$A$3:$A$33,0),MATC
    [DU_1] col35 IFERROR ЗЁЧЮ: =(IF($B2="DPS",0,IF($Q2="ГЁ",INDEX('1_28'!$B$3:$AD$31,MATCH($W2,'1_28'!$A$3:$A$31
    [DU_1] col36 IFERROR ЗЁЧЮ: =(IF($J2="DPS",IF($G1=$G2,INDEX(MNPSWRT!$B$3:$O$16,MATCH($U1,MNPSWRT!$A$3:$A$16,
    [DU_1] col37 IFERROR ЗЁЧЮ: =(IF($J2="DPS",IF($I1=$I2,INDEX(DPS!$B$3:$AF$33,MATCH($V1,DPS!$A$3:$A$33,0),MATC
    [DU_1] col38 IFERROR ЗЁЧЮ: =(IF($J2="DPS",0,IF($G2=$G1,INDEX('1_28'!$B$3:$AD$31,MATCH($W2,'1_28'!$A$3:$A$31
    [DU_1] col39 IFERROR ЗЁЧЮ: =IF($B2="DPS",0,IF($D1&$G1&$U1&$V1&$W1&$X1=$D2&$G2&$U2&$V2&$W2&$X2,0,IF(ISERROR(
    [DU_1] col40 IFERROR ЗЁЧЮ: =IF($B2="DPS",0,IF($B2="TEAM4",IF($D1&$G1&$U1&$V1&$W1&$X1=$D2&$G2&$U2&$V2&$W2&$X
    [DU_1] col41 IFERROR ЗЁЧЮ: =IF(OR($B2="DPS",$B2="TEAM4"),VLOOKUP($B2,ЧЧХЗНУАЃ!$A:$B,2,0)*E2,VLOOKUP($U2,ЧЧХЗНУАЃ!$A
    [DU_1] col42 IFERROR ЗЁЧЮ: =IF($B2="DPS",IF($D2&$G2&$U2&$V2&$W2&$X2=$D3&$G3&$U3&$V3&$W3&$X3,0,ЧЧХЗНУАЃ!$M$4),IF
    [DU_1] col43 IFERROR ЗЁЧЮ: =IF(AND($M2="НУРл",$B2="DPS"),'WAVEАЃ НУАЃ'!$B$3,IF(AND($M2="НУРл",$B2="TEAM4"),'WAVEАЃ 
    [DU_1] col44 IFERROR ЗЁЧЮ: =IF(AND($B2="DPS",$Q2="ГЁ",$L2="АцРЮ"),VLOOKUP($B2,'WAVEАЃ НУАЃ'!$W:$X,2,0),IF(AND($B2
    [DU_1] col45 IFERROR ЗЁЧЮ: =AD2+AE2+AF2+AG2+AH2+AI2+AJ2+AK2+AL2+AM2+AN2+AO2+AP2+AQ2+AR2
  [ПЯЗс]

  [4.7] F_1/I_1 bay АХИЎ МіНФ IFERROR ЗЁЧЮ...
    [F_1] col32 IFERROR ЗЁЧЮ: =(IF($B2="DPS",0,IF($M2="НУРл",INDEX('1_24'!$B$3:$Z$27,MATCH($P2,'1_24'!$A$3:$A$27
    [F_1] col35 IFERROR ЗЁЧЮ: =(IF($B2="DPS",0,IF($Q2="ГЁ",INDEX('1_24'!$B$3:$Z$27,MATCH($W2,'1_24'!$A$3:$A$27,
    [F_1] col38 IFERROR ЗЁЧЮ: =(IF($J2="DPS",0,IF($G2=$G1,INDEX('1_24'!$B$3:$Z$27,MATCH($W2,'1_24'!$A$3:$A$27,
    [I_1] col32 IFERROR ЗЁЧЮ: =(IF($B2="DPS",0,IF($M2="НУРл",INDEX('1_24'!$B$3:$Z$27,MATCH($P2,'1_24'!$A$3:$A$27
    [I_1] col35 IFERROR ЗЁЧЮ: =(IF($B2="DPS",0,IF($Q2="ГЁ",INDEX('1_24'!$B$3:$Z$27,MATCH($W2,'1_24'!$A$3:$A$27,
  [ПЯЗс]

  [5] I_1 ЦЏМі МіНФ МГСЄ...
  [ПЯЗс] (I_1 МіНФРК ИЖНКХЭ ПјКЛ БзДыЗЮ ЛчПы)

  [6] CalculateFull() НЧЧр Сп... (Мі Ка МвПф)
  [ПЯЗс]

  [7] Python С§Аш Ёц СОЧеНЧРћ DП­ СїСЂ БтРд...

    [НЧРћНУАЃ КИСЄЙцНФ СјДм]
    [F_1 НЧРћКЏЧќ СјДм] brand=ЦлНУНК
      B     raw=   1.851  РНМіКИСЄ(+30)=   1.851(neg0)  break_adj=   1.851
      E-F   raw=  27.990  РНМіКИСЄ(+30)=  27.990(neg0)  break_adj=  27.990
      J-K   raw=  23.152  РНМіКИСЄ(+30)=  23.152(neg0)  break_adj=  23.152
      L     raw=   7.447  РНМіКИСЄ(+30)=   7.447(neg0)  break_adj=   7.447
      L/S   raw=   4.450  РНМіКИСЄ(+30)=   4.450(neg0)  break_adj=   4.450
    [I_1 НЧРћКЏЧќ СјДм] brand=РЯЗы
      A-P   raw=  28.971  РНМіКИСЄ(+30)=  28.971(neg0)  break_adj=  28.971
      C-D   raw=  54.615  РНМіКИСЄ(+30)=  54.615(neg0)  break_adj=  54.615
      DPS   raw=  55.573  РНМіКИСЄ(+30)=  55.573(neg0)  break_adj=  55.573
      H-I   raw=  42.246  РНМіКИСЄ(+30)=  42.246(neg0)  break_adj=  42.246
    [D_1 НЧРћКЏЧќ СјДм] brand=ЕЅНКФП
      M-N   raw=  76.065  РНМіКИСЄ(+30)=  76.065(neg0)  break_adj=  76.065
      S     raw=  12.594  РНМіКИСЄ(+30)=  12.594(neg0)  break_adj=  12.594
    [DU_1 НЧРћКЏЧќ СјДм] brand=3PL
      R     raw=   9.696  РНМіКИСЄ(+30)=   9.696(neg0)  break_adj=   9.696
      W     raw=   8.067  РНМіКИСЄ(+30)=   8.067(neg0)  break_adj=   8.067
    [Д§ЧС] C:\Users\РЬЙЎНТ\Desktop\PJ_Л§ЛъМКСіЧЅ\data\temp\f1_run_order.csv
    [wb1 zoneКА ЧЅСиНУАЃ(min)] {'H-I': 1324.4, 'C-D': 2122.2, 'A-P': 1169.9, 'DPS': 3496.0, 'E-F': 1125.7, 'J-K': 931.4, 'L': 392.6, 'B': 124.9, 'L/S': 262.8}
    [wb2 zoneКА ЧЅСиНУАЃ(min)] {'M-N': 2695.0, 'S': 1010.2, 'W': 454.3, 'R': 566.2}
    [D_1 M-N] Чр=3167, MНУРл=195ШИ, ASЧе=2695.0min(44.917hr), AUЧе=2695.0min(44.917hr), AS=0Чр=0
      ФУЗГЧе: AE=32.08, AF=19.90, AG=6.83, AH=35.87, AI=11.62, AJ=0.53, AK=109.30, AL=209.82, AM=35.94, AN=343.87, AO=992.76, AP=343.87, AQ=59.15, AR=493.51
    [D_1 S] Чр=1709, MНУРл=95ШИ, ASЧе=1010.2min(16.837hr), AUЧе=1010.2min(16.837hr), AS=0Чр=0
      ФУЗГЧе: AE=19.98, AF=11.84, AH=51.98, AI=7.92, AK=20.21, AL=53.84, AM=149.68, AN=153.07, AO=130.80, AP=153.07, AQ=28.82, AR=229.03
    [D_1 ФУЗГ СјДм РњРх] C:\Users\РЬЙЎНТ\Desktop\PJ_Л§ЛъМКСіЧЅ\data\temp\d1_col_diag_2026-06-01.json

    [I_1 zoneКА СјДм]
      [H-I] Чр=1242, MНУРл=121ШИ, ASЧе=1202.1min(20.034hr), AUЧе=1324.4min(22.074hr), AKЧе=79.30min, AS=0Чр=0, AKКёжУЛљЧУ=[0.19, 0.065, 0.225, 0.225, 0.11666666666666667]
        VП­ЛљЧУ(УГРН5Чр): [101.0, 104.0, 103.0, 103.0, 103.0]
        UП­ЛљЧУ(УГРН5Чр): ['I', 'H', 'I', 'I', 'I']
      [C-D] Чр=2370, MНУРл=116ШИ, ASЧе=2082.0min(34.700hr), AUЧе=2122.2min(35.370hr), AKЧе=142.70min, AS=0Чр=0, AKКёжУЛљЧУ=[0.19499999999999998, 0.11666666666666667, 0.225, 0.11666666666666667, 0.065]
        VП­ЛљЧУ(УГРН5Чр): [116.0, 108.0, 112.0, 102.0, 107.0]
      [A-P] Чр=1203, MНУРл=116ШИ, ASЧе=1332.4min(22.207hr), AUЧе=1169.9min(19.498hr), AKЧе=81.15min, AS=0Чр=0, AKКёжУЛљЧУ=[0.19499999999999998, 0.19499999999999998, 0.065, 0.065, 0.15333333333333332]
        VП­ЛљЧУ(УГРН5Чр): [116.0, 104.0, 105.0, 105.0, 104.0]
      [DPS] Чр=1419, MНУРл=975ШИ, ASЧе=3496.0min(58.267hr), AUЧе=3496.0min(58.267hr), AKЧе=353.02min, AS=0Чр=0, AKКёжУЛљЧУ=[0.2533333333333333, 0.38, 0.38, 0.8233333333333331, 0.8233333333333331]
        VП­ЛљЧУ(УГРН5Чр): [326.0, 333.0, 333.0, 303.0, 315.0]
        UП­ЛљЧУ(УГРН5Чр): ['P', 'P', 'P', 'P', 'P']
        HП­ЛљЧУ(УГРН5Чр): [202605300022.0, 202605300022.0, 202605300022.0, 202606010087.0, 202606010087.0]
        JП­ЛљЧУ(УГРН5Чр): ['DPS', 'DPS', 'DPS', 'DPS', 'DPS']
        DPS АэРЏHМі=118
        DPS П­КАЧе(AD~AR): AD=383.50, AE=435.16, AG=383.50, AH=458.22, AK=353.02, AO=89.70, AP=18.17, AQ=487.50, AR=887.25

    [DU_1 R zone СјДм]
      ИЖСіИЗЧр(560) AUМіНФ: '=IF($G560&$H560&$J560=$G561&$H561&$J561,0,$AT560)'
      ИЖСіИЗЧр(560) AKМіНФ: '=IFERROR((IF($J560="DPS",IF($I559=$I560,INDEX(DPS!$B$3:$AF$33,MATCH($V559,DPS!$A$3:$A$33,0),MATCH($V560,DPS!$B$2:$AF$2,0)),0),IF($U560="P",IF($G559=$G560,INDEX('101_MN'!$C$3:$AK$37,MATCH($V559,'101_MN'!$B$3:$B$37,0),MATCH($V560,'101_MN'!$C$2:$AK$2,0)),0),IF($G559=$G560,INDEX('101_ABCDJ'!$C$3:$T$20,MATCH($V559,'101_ABCDJ'!$B$3:$B$20,0),MATCH($V560,'101_ABCDJ'!$C$2:$T$2,0)),0))))/60,0)'
      R zone: КёжУ AUЧр=131, Че=566.18min, ЛљЧУ=[3.3015, 3.3015, 3.3465, 3.2315, 3.5498333333333334]
      W zone: КёжУ AUЧр=129, Че=454.32min, ЛљЧУ=[3.2464999999999997, 3.1331666666666664, 3.123166666666666, 3.1631666666666662, 3.8181666666666665]
      R zone VП­(ЗЂЙјШЃ) ЛљЧУ: [104.0, 104.0, 102.0, 102.0, 105.0, 105.0, 101.0, 103.0, 102.0, 105.0]
      R zone УГРН10Чр AK(37)=[0.0, 0.0, 0.065, 0.0, 0.065, 0.0, 0.11666666666666667, 0.065, 0.0, 0.065]
      R zone УГРН10Чр AS(45)=[3.3015, 3.3015, 3.3465, 3.2315, 3.5498333333333334, 3.3848333333333334, 0.8973333333333333, 2.928166666666667, 0.8456666666666667, 2.9798333333333336]
      R zone УГРН10Чр AT(46)=[3.3015, 3.3015, 3.3465, 3.2315, 3.5498333333333334, 3.3848333333333334, 0.8973333333333333, 2.928166666666667, 0.8456666666666667, 2.9798333333333336]
  [ПЯЗс] (СОЧеНЧРћ=ЧЧХЗНЧРћ SUMIF АцЗЮ ЛчПы, PythonАЊРК СјДмПы)

  [СОЧеНЧРћ DП­ - БтСиСЄКИ1_ИЖНКХЭ]
  zone       ЧЅСи(hr)      НЧРћ(hr)        БтСи      ПРТї%
  --------------------------------------------------
  H-I       22.0736     42.2457   22.0736    0.00% OK
  C-D       35.3703     54.6153   35.3703    0.00% OK
  A-P       19.4978     28.9706   19.4978    0.00% OK
  DPS       58.2669     55.5734   58.2722    0.01% OK
  E-F       18.7616     27.9897   18.7616    0.00% OK
  J-K       15.5227     23.1517   15.5227    0.00% OK
  L          6.5430      7.4472    6.5430    0.00% OK
  B          2.0809      1.8513    2.0809    0.00% OK
  L/S        4.3792      4.4500    4.3792    0.00% OK

  [СОЧеНЧРћ DП­ - БтСиСЄКИ2_ИЖНКХЭ]
  zone       ЧЅСи(hr)      НЧРћ(hr)        БтСи      ПРТї%
  --------------------------------------------------
  M-N       44.9171     76.0651   44.9603    0.10% OK
  S         16.8374     12.5937   16.8374    0.00% OK
  W          7.5720      8.0674    7.5720    0.00% OK
  R          9.4364      9.6959    9.4364    0.00% OK

  [УжСО АсАњ]
    H-I   : ЧЅСи=22.0736hr  НЧРћ=42.2457hr  (БтСи:22.0736  ПРТї:0.00%)
    C-D   : ЧЅСи=35.3703hr  НЧРћ=54.6153hr  (БтСи:35.3703  ПРТї:0.00%)
    A-P   : ЧЅСи=19.4978hr  НЧРћ=28.9706hr  (БтСи:19.4978  ПРТї:0.00%)
    DPS   : ЧЅСи=58.2669hr  НЧРћ=55.5734hr  (БтСи:58.2722  ПРТї:0.01%)
    E-F   : ЧЅСи=18.7616hr  НЧРћ=27.9897hr  (БтСи:18.7616  ПРТї:0.00%)
    J-K   : ЧЅСи=15.5227hr  НЧРћ=23.1517hr  (БтСи:15.5227  ПРТї:0.00%)
    L     : ЧЅСи=6.5430hr  НЧРћ=7.4472hr  (БтСи:6.5430  ПРТї:0.00%)
    B     : ЧЅСи=2.0809hr  НЧРћ=1.8513hr  (БтСи:2.0809  ПРТї:0.00%)
    L/S   : ЧЅСи=4.3792hr  НЧРћ=4.4500hr  (БтСи:4.3792  ПРТї:0.00%)
    M-N   : ЧЅСи=44.9171hr  НЧРћ=76.0651hr  (БтСи:44.9603  ПРТї:0.10%)
    S     : ЧЅСи=16.8374hr  НЧРћ=12.5937hr  (БтСи:16.8374  ПРТї:0.00%)
    W     : ЧЅСи=7.5720hr  НЧРћ=8.0674hr  (БтСи:7.5720  ПРТї:0.00%)
    R     : ЧЅСи=9.4364hr  НЧРћ=9.6959hr  (БтСи:9.4364  ПРТї:0.00%)
  [АсАњ РњРх] C:\Users\РЬЙЎНТ\Desktop\PJ_Л§ЛъМКСіЧЅ\data\temp\result_2026-06-01.json

  DB РћРч Сп: 13АГ...
  [ПЯЗс] DB РћРч ПЯЗс

================================================================
АЫСѕ [2026-06-01] ЧЅСи/БнОз/ЙкНК ЁО1%, НЧРћ ЁО3%  (O=ХыАњ X=НЧЦа)
  zone         ЧЅСи       БнОз       ЙкНК        НЧРћ
  ------------------------------------------------------
  A-P      O 0.0%   O 0.0%   O 0.0%    O 0.0%
  B        O 0.0%   O 0.0%   O 0.0%    O 0.0%
  C-D      O 0.0%   O 1.0%   O 0.0%    O 0.0%
  DPS      O 0.0%   O 0.0%   O 0.0%    O 0.1%
  E-F      O 0.0%   O 0.0%   O 0.0%    O 0.0%
  H-I      O 0.0%   O 0.0%   O 0.0%    O 0.0%
  J-K      O 0.0%   O 0.0%   O 0.0%    O 0.0%
  L        O 0.0%   O 0.0%   O 0.0%    O 0.0%
  L/S      O 0.0%   O 0.0%   O 0.0%    O 0.0%
  M-N      O 0.1%   O 0.0%   O 0.0%    O 0.0%
  R        O 0.0%   X41.6%   O 0.0%    O 0.0%
  S        O 0.0%   O 0.0%   O 0.0%    O 0.0%
  W        O 0.0%   X 1.7%   O 0.0%    O 0.0%
  ======================================================
  РЯКЮ FAIL
