
============================================================
УГИЎ ГЏТЅ: 2026-06-05
============================================================

  [KGA-1] raw data ЧЪХЭИЕ...
  [ЦлНУНК] ЦлНУНК_0605.xlsx
    ЧЪХЭ ШФ 1843Чр
  [РЯЗы] РЯЗы_0605_0608.xlsx
    ЧЪХЭ ШФ 7677Чр
  [ЕЅНКФП] ЕЅНКФП_0605_0608.xlsx
    ЧЪХЭ ШФ 4827Чр
  [3PL] 3PL_0605.xlsx
    ЧЪХЭ ШФ 238Чр
    [ЦлНУНК] РхРчПЯ GБИПЊ 6Чр Ёц K-115-00 КЏАц

  [KGA-2] АЁЕПЗќ-ЗЮЕЅРЬХЭ ЦФРЯ КЙЛч...
    КЙЛч ПЯЗс: tmp_kga1.xlsx
    КЙЛч ПЯЗс: tmp_kga2.xlsx

  [KGA-3] RAW DATA НУЦЎ ОїЕЅРЬЦЎ...
    [ЦлНУНК RAW DATA] 1843Чр РдЗТ
    [РЯЗы RAW DATA] 7677Чр РдЗТ
    [ЕЅНКФП RAW DATA] 4827Чр РдЗТ
    [3PL RAW DATA] 238Чр РдЗТ

  [KGA-4] CalculateFull() НЧЧр Сп...
  [ПЯЗс]

  [KGA-5] ЕЅРЬХЭСЄИЎ,АшЛъ РаБт...
    F_1=1843Чр  I_1=7677Чр  D_1=4827Чр  DU_1=238Чр

  [zoneКА Чр Мі]
    F_1(ЦлНУНК): Уб 1843Чр
      B: 114
      E-F: 768
      J-K: 551
      L: 182
      L/S: 228
    I_1(РЯЗы): Уб 7677Чр
      A-P: 1449
      C-D: 2652
      DPS: 2080
      H-I: 1496
    D_1(ЕЅНКФП): Уб 4827Чр
      M-N: 3248
      S: 1579
    DU_1(3PL): Уб 238Чр
      R: 115
      W: 123

  [1] Excel П­Бт...
  [ПЯЗс]

  [2] ЧЧХЗНЧРћ CП­ ОїЕЅРЬЦЎ...
      [H-I] 12Иэ (ННЗд 50Чр)
      [C-D] 15Иэ (ННЗд 50Чр)
      [A-P] 20Иэ (ННЗд 50Чр)
      [DPS] 1Иэ (ННЗд 50Чр)
      [E-F] 13Иэ (ННЗд 50Чр)
      [J-K] 7Иэ (ННЗд 50Чр)
      [L] 6Иэ (ННЗд 50Чр)
      [B] 5Иэ (ННЗд 50Чр)
      [L/S] 1Иэ (ННЗд 50Чр)
      [M-N] 13Иэ (ННЗд 50Чр)
      [S] 4Иэ (ННЗд 50Чр)
      [W] 3Иэ (ННЗд 50Чр)
      [R] 5Иэ (ННЗд 50Чр)
  [ПЯЗс]

  [3] НУЦЎ ЕЅРЬХЭ ОВБт...
    [F_1] 1843Чр РлМК (C~L, U~AA)
    [I_1] 7677Чр РлМК (C~L, U~AA)
    [D_1] 4827Чр РлМК (C~L, U~AA)
    [DU_1] 238Чр РлМК (C~L, U~AA)
  [ПЯЗс]

  [3.1] ЧЧХЗБнОз(BF/BGП­) БтРд...
  [АјРхЕЕАЁ] Е№НКХЉ ФГНУ ЛчПы (3НУЦЎ)
    [F_1] ЧЧХЗБнОз ЧеАш: 438,227,950Пј
    [I_1] ЧЧХЗБнОз ЧеАш: 552,669,157Пј
    [D_1] ЧЧХЗБнОз ЧеАш: 258,896,540Пј
    [DU_1] ЧЧХЗБнОз ЧеАш: 103,046,026Пј
  [ПЯЗс]

  [4.3] РќУМ НУЦЎ МіНФ ЙќРЇ ШЎРх...
    [F_1] МіНФ ШЎРх КвЧЪПф (РЬЙЬ РќУМ Чр ФПЙі)
    [I_1] МіНФ ШЎРх КвЧЪПф (РЬЙЬ РќУМ Чр ФПЙі)
    [D_1] МіНФ ШЎРх КвЧЪПф (РЬЙЬ РќУМ Чр ФПЙі)
    [DU_1] МіНФ ШЎРх КвЧЪПф (РЬЙЬ РќУМ Чр ФПЙі)
  [ПЯЗс]

  [4.5] D_1/DU_1 ПЁЗЏ МіНФ IFERROR ЗЁЧЮ...
    [D_1] col30 IFERROR ЗЁЧЮ: =(IF($M2="НУРл",INDEX(MNPSWRT!$B$3:$O$16,MATCH($N2,MNPSWRT!$A$3:$A$16,0),MATCH($U2
    [D_1] col31 IFERROR ЗЁЧЮ: =(IF($B2="DPS",IF($M2="НУРл",INDEX(DPS!$B$3:$AF$33,MATCH($O2,DPS!$A$3:$A$33,0),MAT
    [D_1] col32 IFERROR ЗЁЧЮ: =(IF($B2="DPS",0,IF($M2="НУРл",INDEX('1_28'!$B$3:$AD$31,MATCH($P2,'1_28'!$A$3:$A$3
    [D_1] col33 IFERROR ЗЁЧЮ: =(IF($Q2="ГЁ",INDEX(MNPSWRT!$B$3:$O$16,MATCH($U2,MNPSWRT!$A$3:$A$16,0),MATCH($R2,
    [D_1] col34 IFERROR ЗЁЧЮ: =(IF($B2="DPS",IF($Q2="ГЁ",INDEX(DPS!$B$3:$AF$33,MATCH($V2,DPS!$A$3:$A$33,0),MATC
    [D_1] col35 IFERROR ЗЁЧЮ: =(IF($B2="DPS",0,IF($Q2="ГЁ",INDEX('1_28'!$B$3:$AD$31,MATCH($W2,'1_28'!$A$3:$A$31
    [D_1] col36 IFERROR ЗЁЧЮ: =(IF($J2="DPS",IF($G1=$G2,INDEX(MNPSWRT!$B$3:$N$15,MATCH($U1,MNPSWRT!$A$3:$A$15,
    [D_1] col37 IFERROR ЗЁЧЮ: =(IF($J2="DPS",IF($I1=$I2,INDEX(DPS!$B$3:$AF$33,MATCH($V1,DPS!$A$3:$A$33,0),MATC
    [D_1] col38 IFERROR ЗЁЧЮ: =(IF($J2="DPS",0,IF($G2=$G1,INDEX('1_28'!$B$3:$AD$31,MATCH($W2,'1_28'!$A$3:$A$31
    [D_1] col39 IFERROR ЗЁЧЮ: =IF($B2="DPS",0,IF($D1&$G1&$U1&$V1&$W1&$X1=$D2&$G2&$U2&$V2&$W2&$X2,0,IF(ISERROR(
    [D_1] col40 IFERROR ЗЁЧЮ: =IF($B2="DPS",0,IF($B2="TEAM4",IF($D1&$G1&$U1&$V1&$W1&$X1=$D2&$G2&$U2&$V2&$W2&$X
    [D_1] col41 IFERROR ЗЁЧЮ: =IF(OR($B2="DPS",$B2="TEAM4"),VLOOKUP($B2,ЧЧХЗНУАЃ!$A:$B,2,0)*E2,VLOOKUP($U2,ЧЧХЗНУАЃ!$A
    [D_1] col42 IFERROR ЗЁЧЮ: =IF($B2="DPS",IF($D2&$G2&$U2&$V2&$W2&$X2=$D3&$G3&$U3&$V3&$W3&$X3,0,ЧЧХЗНУАЃ!$M$4),IF
    [D_1] col43 IFERROR ЗЁЧЮ: =IF(AND($M2="НУРл",$B2="DPS"),'WAVEАЃ НУАЃ'!$B$3,IF(AND($M2="НУРл",$B2="TEAM4"),'WAVEАЃ 
    [D_1] col44 IFERROR ЗЁЧЮ: =IF(AND($B2="DPS",$Q2="ГЁ",$L2="АцРЮ"),VLOOKUP($B2,'WAVEАЃ НУАЃ'!$W:$X,2,0),IF(AND($B2
    [D_1] col45 IFERROR ЗЁЧЮ: =AD2+AE2+AF2+AG2+AH2+AI2+AJ2+AK2+AL2+AM2+AN2+AO2+AP2+AQ2+AR2
    [DU_1] col30 IFERROR ЗЁЧЮ: =(IF($M2="НУРл",INDEX(MNPSWRT!$B$3:$O$16,MATCH($N2,MNPSWRT!$A$3:$A$16,0),MATCH($U2
    [DU_1] col31 IFERROR ЗЁЧЮ: =(IF($B2="DPS",IF($M2="НУРл",INDEX(DPS!$B$3:$AF$33,MATCH($O2,DPS!$A$3:$A$33,0),MAT
    [DU_1] col32 IFERROR ЗЁЧЮ: =(IF($B2="DPS",0,IF($M2="НУРл",INDEX('1_28'!$B$3:$AD$31,MATCH($P2,'1_28'!$A$3:$A$3
    [DU_1] col33 IFERROR ЗЁЧЮ: =(IF($Q2="ГЁ",INDEX(MNPSWRT!$B$3:$O$16,MATCH($U2,MNPSWRT!$A$3:$A$16,0),MATCH($R2,
    [DU_1] col34 IFERROR ЗЁЧЮ: =(IF($B2="DPS",IF($Q2="ГЁ",INDEX(DPS!$B$3:$AF$33,MATCH($V2,DPS!$A$3:$A$33,0),MATC
    [DU_1] col35 IFERROR ЗЁЧЮ: =(IF($B2="DPS",0,IF($Q2="ГЁ",INDEX('1_28'!$B$3:$AD$31,MATCH($W2,'1_28'!$A$3:$A$31
    [DU_1] col36 IFERROR ЗЁЧЮ: =(IF($J2="DPS",IF($G1=$G2,INDEX(MNPSWRT!$B$3:$O$16,MATCH($U1,MNPSWRT!$A$3:$A$16,
    [DU_1] col37 IFERROR ЗЁЧЮ: =(IF($J2="DPS",IF($I1=$I2,INDEX(DPS!$B$3:$AF$33,MATCH($V1,DPS!$A$3:$A$33,0),MATC
    [DU_1] col38 IFERROR ЗЁЧЮ: =(IF($J2="DPS",0,IF($G2=$G1,INDEX('1_28'!$B$3:$AD$31,MATCH($W2,'1_28'!$A$3:$A$31
    [DU_1] col39 IFERROR ЗЁЧЮ: =IF($B2="DPS",0,IF($D1&$G1&$U1&$V1&$W1&$X1=$D2&$G2&$U2&$V2&$W2&$X2,0,IF(ISERROR(
    [DU_1] col40 IFERROR ЗЁЧЮ: =IF($B2="DPS",0,IF($B2="TEAM4",IF($D1&$G1&$U1&$V1&$W1&$X1=$D2&$G2&$U2&$V2&$W2&$X
    [DU_1] col41 IFERROR ЗЁЧЮ: =IF(OR($B2="DPS",$B2="TEAM4"),VLOOKUP($B2,ЧЧХЗНУАЃ!$A:$B,2,0)*E2,VLOOKUP($U2,ЧЧХЗНУАЃ!$A
    [DU_1] col42 IFERROR ЗЁЧЮ: =IF($B2="DPS",IF($D2&$G2&$U2&$V2&$W2&$X2=$D3&$G3&$U3&$V3&$W3&$X3,0,ЧЧХЗНУАЃ!$M$4),IF
    [DU_1] col43 IFERROR ЗЁЧЮ: =IF(AND($M2="НУРл",$B2="DPS"),'WAVEАЃ НУАЃ'!$B$3,IF(AND($M2="НУРл",$B2="TEAM4"),'WAVEАЃ 
    [DU_1] col44 IFERROR ЗЁЧЮ: =IF(AND($B2="DPS",$Q2="ГЁ",$L2="АцРЮ"),VLOOKUP($B2,'WAVEАЃ НУАЃ'!$W:$X,2,0),IF(AND($B2
    [DU_1] col45 IFERROR ЗЁЧЮ: =AD2+AE2+AF2+AG2+AH2+AI2+AJ2+AK2+AL2+AM2+AN2+AO2+AP2+AQ2+AR2
  [ПЯЗс]

  [4.7] F_1/I_1 bay АХИЎ МіНФ IFERROR ЗЁЧЮ...
    [F_1] col32 IFERROR ЗЁЧЮ: =(IF($B2="DPS",0,IF($M2="НУРл",INDEX('1_24'!$B$3:$Z$27,MATCH($P2,'1_24'!$A$3:$A$27
    [F_1] col35 IFERROR ЗЁЧЮ: =(IF($B2="DPS",0,IF($Q2="ГЁ",INDEX('1_24'!$B$3:$Z$27,MATCH($W2,'1_24'!$A$3:$A$27,
    [F_1] col38 IFERROR ЗЁЧЮ: =(IF($J2="DPS",0,IF($G2=$G1,INDEX('1_24'!$B$3:$Z$27,MATCH($W2,'1_24'!$A$3:$A$27,
    [I_1] col32 IFERROR ЗЁЧЮ: =(IF($B2="DPS",0,IF($M2="НУРл",INDEX('1_24'!$B$3:$Z$27,MATCH($P2,'1_24'!$A$3:$A$27
    [I_1] col35 IFERROR ЗЁЧЮ: =(IF($B2="DPS",0,IF($Q2="ГЁ",INDEX('1_24'!$B$3:$Z$27,MATCH($W2,'1_24'!$A$3:$A$27,
  [ПЯЗс]

  [5] I_1 ЦЏМі МіНФ МГСЄ...
  [ПЯЗс] (I_1 МіНФРК ИЖНКХЭ ПјКЛ БзДыЗЮ ЛчПы)

  [6] CalculateFull() НЧЧр Сп... (Мі Ка МвПф)
  [ПЯЗс]

  [7] Python С§Аш Ёц СОЧеНЧРћ DП­ СїСЂ БтРд...
    [wb1 zoneКА ЧЅСиНУАЃ(min)] {'H-I': 1194.0, 'C-D': 2386.6, 'A-P': 1725.0, 'DPS': 4451.4, 'E-F': 839.8, 'J-K': 680.7, 'L': 389.0, 'B': 222.4, 'L/S': 311.7}
    [wb2 zoneКА ЧЅСиНУАЃ(min)] {'M-N': 2246.3, 'S': 946.4, 'W': 207.5, 'R': 331.8}
    [D_1 M-N] Чр=3248, MНУРл=145ШИ, ASЧе=2246.3min(37.439hr), AUЧе=2246.3min(37.439hr), AS=0Чр=0
      ФУЗГЧе: AE=26.37, AF=19.87, AG=4.20, AH=25.97, AI=20.30, AJ=0.53, AK=115.00, AL=267.75, AM=37.44, AN=353.33, AO=611.31, AP=353.33, AQ=43.98, AR=366.97
    [D_1 S] Чр=1579, MНУРл=108ШИ, ASЧе=946.4min(15.774hr), AUЧе=946.4min(15.774hr), AS=0Чр=0
      ФУЗГЧе: AE=23.17, AF=10.89, AH=53.60, AI=8.55, AK=15.29, AL=55.75, AM=115.26, AN=138.27, AO=94.25, AP=138.27, AQ=32.76, AR=260.37
    [D_1 ФУЗГ СјДм РњРх] C:\Users\РЬЙЎНТ\Desktop\PJ_Л§ЛъМКСіЧЅ\data\temp\d1_col_diag_2026-06-05.json

    [I_1 zoneКА СјДм]
      [H-I] Чр=1496, MНУРл=163ШИ, ASЧе=1376.8min(22.947hr), AUЧе=1194.0min(19.900hr), AKЧе=79.31min, AS=0Чр=0, AKКёжУЛљЧУ=[0.11666666666666667, 0.065, 0.225, 0.105, 0.105]
        VП­ЛљЧУ(УГРН5Чр): [105.0, 101.0, 102.0, 104.0, 113.0]
        UП­ЛљЧУ(УГРН5Чр): ['H', 'I', 'H', 'H', 'I']
      [C-D] Чр=2652, MНУРл=157ШИ, ASЧе=2376.7min(39.611hr), AUЧе=2386.6min(39.776hr), AKЧе=144.16min, AS=0Чр=0, AKКёжУЛљЧУ=[0.065, 0.065, 0.11666666666666667, 0.11666666666666667, 0.2966666666666667]
        VП­ЛљЧУ(УГРН5Чр): [102.0, 104.0, 104.0, 104.0, 105.0]
      [A-P] Чр=1449, MНУРл=131ШИ, ASЧе=1552.2min(25.869hr), AUЧе=1725.0min(28.751hr), AKЧе=84.78min, AS=0Чр=0, AKКёжУЛљЧУ=[0.11666666666666667, 0.065, 0.065, 0.065, 0.065]
        VП­ЛљЧУ(УГРН5Чр): [103.0, 102.0, 106.0, 107.0, 107.0]
      [DPS] Чр=2080, MНУРл=1245ШИ, ASЧе=4451.4min(74.190hr), AUЧе=4451.4min(74.190hr), AKЧе=450.93min, AS=0Чр=0, AKКёжУЛљЧУ=[0.8866666666666665, 0.12666666666666665, 0.12666666666666665, 0.12666666666666665, 0.7599999999999999]
        VП­ЛљЧУ(УГРН5Чр): [329.0, 302.0, 306.0, 306.0, 302.0]
        UП­ЛљЧУ(УГРН5Чр): ['P', 'P', 'P', 'P', 'P']
        HП­ЛљЧУ(УГРН5Чр): [202606040550.0, 202606040550.0, 202606040550.0, 202606040550.0, 202606040550.0]
        JП­ЛљЧУ(УГРН5Чр): ['DPS', 'DPS', 'DPS', 'DPS', 'DPS']
        DPS АэРЏHМі=132
        DPS П­КАЧе(AD~AR): AD=489.70, AE=528.90, AG=489.70, AH=592.55, AK=450.93, AO=119.20, AP=24.98, AQ=622.50, AR=1132.95

    [DU_1 R zone СјДм]
      ИЖСіИЗЧр(239) AUМіНФ: '=IF($G239&$H239&$J239=$G240&$H240&$J240,0,$AT239)'
      ИЖСіИЗЧр(239) AKМіНФ: '=IFERROR((IF($J239="DPS",IF($I238=$I239,INDEX(DPS!$B$3:$AF$33,MATCH($V238,DPS!$A$3:$A$33,0),MATCH($V239,DPS!$B$2:$AF$2,0)),0),IF($U239="P",IF($G238=$G239,INDEX('101_MN'!$C$3:$AK$37,MATCH($V238,'101_MN'!$B$3:$B$37,0),MATCH($V239,'101_MN'!$C$2:$AK$2,0)),0),IF($G238=$G239,INDEX('101_ABCDJ'!$C$3:$T$20,MATCH($V238,'101_ABCDJ'!$B$3:$B$20,0),MATCH($V239,'101_ABCDJ'!$C$2:$T$2,0)),0))))/60,0)'
      R zone: КёжУ AUЧр=82, Че=331.84min, ЛљЧУ=[3.434833333333333, 3.2681666666666667, 2.7981666666666665, 3.2965, 3.1665]
      W zone: КёжУ AUЧр=58, Че=207.49min, ЛљЧУ=[3.4421666666666666, 3.648833333333333, 3.373166666666666, 3.8431666666666664, 3.7731666666666666]
      R zone VП­(ЗЂЙјШЃ) ЛљЧУ: [104.0, 101.0, 101.0, 101.0, 102.0, 101.0, 101.0, 105.0, 105.0, 101.0]
      R zone УГРН10Чр AK(37)=[0.0, 0.11666666666666667, 0.0, 0.0, 0.065, 0.065, 0.0, 0.11666666666666667, 0.0, 0.0]
      R zone УГРН10Чр AS(45)=[3.434833333333333, 3.2681666666666667, 0.7806666666666666, 2.7981666666666665, 3.2965, 3.1665, 3.2165, 3.589833333333333, 3.3848333333333334, 2.449]
      R zone УГРН10Чр AT(46)=[3.434833333333333, 3.2681666666666667, 0.7806666666666666, 2.7981666666666665, 3.2965, 3.1665, 3.2165, 3.589833333333333, 3.3848333333333334, 2.449]
  [ПЯЗс] (СОЧеНЧРћ=ЧЧХЗНЧРћ SUMIF АцЗЮ ЛчПы, PythonАЊРК СјДмПы)

  [СОЧеНЧРћ DП­ - БтСиСЄКИ1_ИЖНКХЭ]
  zone       ЧЅСи(hr)      НЧРћ(hr)        БтСи      ПРТї%
  --------------------------------------------------
  H-I       19.9003     31.1172   25.4292   21.74% NG
  C-D       39.7765     44.0595   38.4786    3.37% NG
  A-P       28.7506     36.8236   21.4128   34.27% NG
  DPS       74.1902     69.8554   74.1261    0.09% OK
  E-F       13.9972     21.6259   13.4410    4.14% NG
  J-K       11.3447      9.6775   10.9627    3.48% NG
  L          6.4835      6.6758    6.1851    4.82% NG
  B          3.7071      3.0750    3.7576    1.34% NG
  L/S        5.1953      4.9671    5.1953    0.00% OK

  [СОЧеНЧРћ DП­ - БтСиСЄКИ2_ИЖНКХЭ]
  zone       ЧЅСи(hr)      НЧРћ(hr)        БтСи      ПРТї%
  --------------------------------------------------
  M-N       37.4390     61.6317   36.0579    3.83% NG
  S         15.7737      7.3503   15.1571    4.07% NG
  W          3.4582      3.6882    3.4546    0.11% OK
  R          5.5307      5.3097    5.3570    3.24% NG

  [ЧЧХЗНЧРћ РлОїРкКА] 105Иэ УпУт Ёц workers_2026-06-05.json
  [СОЧеНЧРћ БИПЊКА] 13БИПЊ УпУт Ёц zones_2026-06-05.json
    [Д§ЧС] C:\Users\РЬЙЎНТ\Desktop\PJ_Л§ЛъМКСіЧЅ\data\temp\d1_run_2026-06-05.csv

  [УжСО АсАњ]
    H-I   : ЧЅСи=19.9003hr  НЧРћ=31.1172hr  (БтСи:25.4292  ПРТї:21.74%)
    C-D   : ЧЅСи=39.7765hr  НЧРћ=44.0595hr  (БтСи:38.4786  ПРТї:3.37%)
    A-P   : ЧЅСи=28.7506hr  НЧРћ=36.8236hr  (БтСи:21.4128  ПРТї:34.27%)
    DPS   : ЧЅСи=74.1902hr  НЧРћ=69.8554hr  (БтСи:74.1261  ПРТї:0.09%)
    E-F   : ЧЅСи=13.9972hr  НЧРћ=21.6259hr  (БтСи:13.4410  ПРТї:4.14%)
    J-K   : ЧЅСи=11.3447hr  НЧРћ=9.6775hr  (БтСи:10.9627  ПРТї:3.48%)
    L     : ЧЅСи=6.4835hr  НЧРћ=6.6758hr  (БтСи:6.1851  ПРТї:4.82%)
    B     : ЧЅСи=3.7071hr  НЧРћ=3.0750hr  (БтСи:3.7576  ПРТї:1.34%)
    L/S   : ЧЅСи=5.1953hr  НЧРћ=4.9671hr  (БтСи:5.1953  ПРТї:0.00%)
    M-N   : ЧЅСи=37.4390hr  НЧРћ=61.6317hr  (БтСи:36.0579  ПРТї:3.83%)
    S     : ЧЅСи=15.7737hr  НЧРћ=7.3503hr  (БтСи:15.1571  ПРТї:4.07%)
    W     : ЧЅСи=3.4582hr  НЧРћ=3.6882hr  (БтСи:3.4546  ПРТї:0.11%)
    R     : ЧЅСи=5.5307hr  НЧРћ=5.3097hr  (БтСи:5.3570  ПРТї:3.24%)
  [АсАњ РњРх] C:\Users\РЬЙЎНТ\Desktop\PJ_Л§ЛъМКСіЧЅ\data\temp\result_2026-06-05.json

  DB РћРч Сп: 13АГ...
  [ПЯЗс] DB РћРч ПЯЗс

================================================================
АЫСѕ [2026-06-05] ЧЅСи/БнОз/ЙкНК ЁО1%, НЧРћ ЁО3%  (O=ХыАњ X=НЧЦа)
  zone         ЧЅСи       БнОз       ЙкНК        НЧРћ
  ------------------------------------------------------
  A-P      X34.3%   O 0.0%   O 0.0%    X12.4%
  B        X 1.3%   O 0.0%   O 0.0%    X13.3%
  C-D      X 3.4%   O 0.0%   O 0.0%    X15.5%
  DPS      O 0.1%   O 0.0%   O 0.0%    O 0.1%
  E-F      X 4.1%   O 0.0%   O 0.0%    X13.1%
  H-I      X21.7%   O 0.0%   O 0.0%    X43.7%
  J-K      X 3.5%   O 0.0%   O 0.0%    X26.1%
  L        X 4.8%   O 0.1%   O 0.0%    X21.9%
  L/S      O 0.0%   O 0.0%   O 0.0%    O 1.4%
  M-N      X 3.8%   O 0.0%   O 0.0%    X 7.8%
  R        X 3.2%   X14.4%   O 0.0%    O 1.1%
  S        X 4.1%   O 0.0%   O 0.0%    X32.3%
  W        O 0.1%   O 0.8%   O 0.0%    X 4.2%
  ======================================================
  РЯКЮ FAIL
