
============================================================
УГИЎ ГЏТЅ: 2026-06-04
============================================================

  [KGA-1] raw data ЧЪХЭИЕ...
  [ЦлНУНК] ЦлНУНК_0604.xlsx
    ЧЪХЭ ШФ 2482Чр
  [РЯЗы] РЯЗы_0604_0605.xlsx
    ЧЪХЭ ШФ 9226Чр
  [ЕЅНКФП] ЕЅНКФП_0604_0605.xlsx
    ЧЪХЭ ШФ 4837Чр
  [3PL] 3PL_0604.xlsx
    ЧЪХЭ ШФ 555Чр
    [ЦлНУНК] РхРчПЯ GБИПЊ 5Чр Ёц K-115-00 КЏАц

  [KGA-2] АЁЕПЗќ-ЗЮЕЅРЬХЭ ЦФРЯ КЙЛч...
    КЙЛч ПЯЗс: tmp_kga1.xlsx
    КЙЛч ПЯЗс: tmp_kga2.xlsx

  [KGA-3] RAW DATA НУЦЎ ОїЕЅРЬЦЎ...
    [ЦлНУНК RAW DATA] 2482Чр РдЗТ
    [РЯЗы RAW DATA] 9226Чр РдЗТ
    [ЕЅНКФП RAW DATA] 4837Чр РдЗТ
    [3PL RAW DATA] 555Чр РдЗТ

  [KGA-4] CalculateFull() НЧЧр Сп...
  [ПЯЗс]

  [KGA-5] ЕЅРЬХЭСЄИЎ,АшЛъ РаБт...
    F_1=2482Чр  I_1=9226Чр  D_1=4837Чр  DU_1=555Чр

  [zoneКА Чр Мі]
    F_1(ЦлНУНК): Уб 2482Чр
      B: 79
      E-F: 1219
      J-K: 803
      L: 91
      L/S: 290
    I_1(РЯЗы): Уб 9226Чр
      A-P: 1861
      C-D: 3214
      DPS: 2160
      H-I: 1991
    D_1(ЕЅНКФП): Уб 4837Чр
      M-N: 2916
      S: 1921
    DU_1(3PL): Уб 555Чр
      R: 205
      W: 350

  [1] Excel П­Бт...
  [ПЯЗс]

  [2] ЧЧХЗНЧРћ CП­ ОїЕЅРЬЦЎ...
      [H-I] 13Иэ (ННЗд 50Чр)
      [C-D] 14Иэ (ННЗд 50Чр)
      [A-P] 24Иэ (ННЗд 50Чр)
      [DPS] 1Иэ (ННЗд 50Чр)
      [E-F] 10Иэ (ННЗд 50Чр)
      [J-K] 7Иэ (ННЗд 50Чр)
      [L] 4Иэ (ННЗд 50Чр)
      [B] 1Иэ (ННЗд 50Чр)
      [L/S] 2Иэ (ННЗд 50Чр)
      [M-N] 16Иэ (ННЗд 50Чр)
      [S] 5Иэ (ННЗд 50Чр)
      [W] 4Иэ (ННЗд 50Чр)
      [R] 6Иэ (ННЗд 50Чр)
  [ПЯЗс]

  [3] НУЦЎ ЕЅРЬХЭ ОВБт...
    [F_1] 2482Чр РлМК (C~L, U~AA)
    [I_1] 9226Чр РлМК (C~L, U~AA)
    [D_1] 4837Чр РлМК (C~L, U~AA)
    [DU_1] 555Чр РлМК (C~L, U~AA)
  [ПЯЗс]

  [3.1] ЧЧХЗБнОз(BF/BGП­) БтРд...
  [АјРхЕЕАЁ] Е№НКХЉ ФГНУ ЛчПы (3НУЦЎ)
    [F_1] ЧЧХЗБнОз ЧеАш: 716,411,470Пј
    [I_1] ЧЧХЗБнОз ЧеАш: 701,022,790Пј
    [D_1] ЧЧХЗБнОз ЧеАш: 301,451,480Пј
    [DU_1] ЧЧХЗБнОз ЧеАш: 248,230,777Пј
  [ПЯЗс]

  [4.3] РќУМ НУЦЎ МіНФ ЙќРЇ ШЎРх...
    [F_1] МіНФ ШЎРх КвЧЪПф (РЬЙЬ РќУМ Чр ФПЙі)
    [I_1] МіНФ ШЎРх КвЧЪПф (РЬЙЬ РќУМ Чр ФПЙі)
    [D_1] МіНФ ШЎРх КвЧЪПф (РЬЙЬ РќУМ Чр ФПЙі)
    [DU_1] МіНФ ШЎРх КвЧЪПф (РЬЙЬ РќУМ Чр ФПЙі)
  [ПЯЗс]

  [4.5] D_1/DU_1 ПЁЗЏ МіНФ IFERROR ЗЁЧЮ...
    [D_1] col30 IFERROR ЗЁЧЮ: =(IF($M2="НУРл",INDEX(MNPSWRT!$B$3:$O$16,MATCH($N2,MNPSWRT!$A$3:$A$16,0),MATCH($U2
    [D_1] col31 IFERROR ЗЁЧЮ: =(IF($B2="DPS",IF($M2="НУРл",INDEX(DPS!$B$3:$AF$33,MATCH($O2,DPS!$A$3:$A$33,0),MAT
    [D_1] col32 IFERROR ЗЁЧЮ: =(IF($B2="DPS",0,IF($M2="НУРл",INDEX('1_28'!$B$3:$AD$31,MATCH($P2,'1_28'!$A$3:$A$3
    [D_1] col33 IFERROR ЗЁЧЮ: =(IF($Q2="ГЁ",INDEX(MNPSWRT!$B$3:$O$16,MATCH($U2,MNPSWRT!$A$3:$A$16,0),MATCH($R2,
    [D_1] col34 IFERROR ЗЁЧЮ: =(IF($B2="DPS",IF($Q2="ГЁ",INDEX(DPS!$B$3:$AF$33,MATCH($V2,DPS!$A$3:$A$33,0),MATC
    [D_1] col35 IFERROR ЗЁЧЮ: =(IF($B2="DPS",0,IF($Q2="ГЁ",INDEX('1_28'!$B$3:$AD$31,MATCH($W2,'1_28'!$A$3:$A$31
    [D_1] col36 IFERROR ЗЁЧЮ: =(IF($J2="DPS",IF($G1=$G2,INDEX(MNPSWRT!$B$3:$N$15,MATCH($U1,MNPSWRT!$A$3:$A$15,
    [D_1] col37 IFERROR ЗЁЧЮ: =(IF($J2="DPS",IF($I1=$I2,INDEX(DPS!$B$3:$AF$33,MATCH($V1,DPS!$A$3:$A$33,0),MATC
    [D_1] col38 IFERROR ЗЁЧЮ: =(IF($J2="DPS",0,IF($G2=$G1,INDEX('1_28'!$B$3:$AD$31,MATCH($W2,'1_28'!$A$3:$A$31
    [D_1] col39 IFERROR ЗЁЧЮ: =IF($B2="DPS",0,IF($D1&$G1&$U1&$V1&$W1&$X1=$D2&$G2&$U2&$V2&$W2&$X2,0,IF(ISERROR(
    [D_1] col40 IFERROR ЗЁЧЮ: =IF($B2="DPS",0,IF($B2="TEAM4",IF($D1&$G1&$U1&$V1&$W1&$X1=$D2&$G2&$U2&$V2&$W2&$X
    [D_1] col41 IFERROR ЗЁЧЮ: =IF(OR($B2="DPS",$B2="TEAM4"),VLOOKUP($B2,ЧЧХЗНУАЃ!$A:$B,2,0)*E2,VLOOKUP($U2,ЧЧХЗНУАЃ!$A
    [D_1] col42 IFERROR ЗЁЧЮ: =IF($B2="DPS",IF($D2&$G2&$U2&$V2&$W2&$X2=$D3&$G3&$U3&$V3&$W3&$X3,0,ЧЧХЗНУАЃ!$M$4),IF
    [D_1] col43 IFERROR ЗЁЧЮ: =IF(AND($M2="НУРл",$B2="DPS"),'WAVEАЃ НУАЃ'!$B$3,IF(AND($M2="НУРл",$B2="TEAM4"),'WAVEАЃ 
    [D_1] col44 IFERROR ЗЁЧЮ: =IF(AND($B2="DPS",$Q2="ГЁ",$L2="АцРЮ"),VLOOKUP($B2,'WAVEАЃ НУАЃ'!$W:$X,2,0),IF(AND($B2
    [D_1] col45 IFERROR ЗЁЧЮ: =AD2+AE2+AF2+AG2+AH2+AI2+AJ2+AK2+AL2+AM2+AN2+AO2+AP2+AQ2+AR2
    [DU_1] col30 IFERROR ЗЁЧЮ: =(IF($M2="НУРл",INDEX(MNPSWRT!$B$3:$O$16,MATCH($N2,MNPSWRT!$A$3:$A$16,0),MATCH($U2
    [DU_1] col31 IFERROR ЗЁЧЮ: =(IF($B2="DPS",IF($M2="НУРл",INDEX(DPS!$B$3:$AF$33,MATCH($O2,DPS!$A$3:$A$33,0),MAT
    [DU_1] col32 IFERROR ЗЁЧЮ: =(IF($B2="DPS",0,IF($M2="НУРл",INDEX('1_28'!$B$3:$AD$31,MATCH($P2,'1_28'!$A$3:$A$3
    [DU_1] col33 IFERROR ЗЁЧЮ: =(IF($Q2="ГЁ",INDEX(MNPSWRT!$B$3:$O$16,MATCH($U2,MNPSWRT!$A$3:$A$16,0),MATCH($R2,
    [DU_1] col34 IFERROR ЗЁЧЮ: =(IF($B2="DPS",IF($Q2="ГЁ",INDEX(DPS!$B$3:$AF$33,MATCH($V2,DPS!$A$3:$A$33,0),MATC
    [DU_1] col35 IFERROR ЗЁЧЮ: =(IF($B2="DPS",0,IF($Q2="ГЁ",INDEX('1_28'!$B$3:$AD$31,MATCH($W2,'1_28'!$A$3:$A$31
    [DU_1] col36 IFERROR ЗЁЧЮ: =(IF($J2="DPS",IF($G1=$G2,INDEX(MNPSWRT!$B$3:$O$16,MATCH($U1,MNPSWRT!$A$3:$A$16,
    [DU_1] col37 IFERROR ЗЁЧЮ: =(IF($J2="DPS",IF($I1=$I2,INDEX(DPS!$B$3:$AF$33,MATCH($V1,DPS!$A$3:$A$33,0),MATC
    [DU_1] col38 IFERROR ЗЁЧЮ: =(IF($J2="DPS",0,IF($G2=$G1,INDEX('1_28'!$B$3:$AD$31,MATCH($W2,'1_28'!$A$3:$A$31
    [DU_1] col39 IFERROR ЗЁЧЮ: =IF($B2="DPS",0,IF($D1&$G1&$U1&$V1&$W1&$X1=$D2&$G2&$U2&$V2&$W2&$X2,0,IF(ISERROR(
    [DU_1] col40 IFERROR ЗЁЧЮ: =IF($B2="DPS",0,IF($B2="TEAM4",IF($D1&$G1&$U1&$V1&$W1&$X1=$D2&$G2&$U2&$V2&$W2&$X
    [DU_1] col41 IFERROR ЗЁЧЮ: =IF(OR($B2="DPS",$B2="TEAM4"),VLOOKUP($B2,ЧЧХЗНУАЃ!$A:$B,2,0)*E2,VLOOKUP($U2,ЧЧХЗНУАЃ!$A
    [DU_1] col42 IFERROR ЗЁЧЮ: =IF($B2="DPS",IF($D2&$G2&$U2&$V2&$W2&$X2=$D3&$G3&$U3&$V3&$W3&$X3,0,ЧЧХЗНУАЃ!$M$4),IF
    [DU_1] col43 IFERROR ЗЁЧЮ: =IF(AND($M2="НУРл",$B2="DPS"),'WAVEАЃ НУАЃ'!$B$3,IF(AND($M2="НУРл",$B2="TEAM4"),'WAVEАЃ 
    [DU_1] col44 IFERROR ЗЁЧЮ: =IF(AND($B2="DPS",$Q2="ГЁ",$L2="АцРЮ"),VLOOKUP($B2,'WAVEАЃ НУАЃ'!$W:$X,2,0),IF(AND($B2
    [DU_1] col45 IFERROR ЗЁЧЮ: =AD2+AE2+AF2+AG2+AH2+AI2+AJ2+AK2+AL2+AM2+AN2+AO2+AP2+AQ2+AR2
  [ПЯЗс]

  [4.7] F_1/I_1 bay АХИЎ МіНФ IFERROR ЗЁЧЮ...
    [F_1] col32 IFERROR ЗЁЧЮ: =(IF($B2="DPS",0,IF($M2="НУРл",INDEX('1_24'!$B$3:$Z$27,MATCH($P2,'1_24'!$A$3:$A$27
    [F_1] col35 IFERROR ЗЁЧЮ: =(IF($B2="DPS",0,IF($Q2="ГЁ",INDEX('1_24'!$B$3:$Z$27,MATCH($W2,'1_24'!$A$3:$A$27,
    [F_1] col38 IFERROR ЗЁЧЮ: =(IF($J2="DPS",0,IF($G2=$G1,INDEX('1_24'!$B$3:$Z$27,MATCH($W2,'1_24'!$A$3:$A$27,
    [I_1] col32 IFERROR ЗЁЧЮ: =(IF($B2="DPS",0,IF($M2="НУРл",INDEX('1_24'!$B$3:$Z$27,MATCH($P2,'1_24'!$A$3:$A$27
    [I_1] col35 IFERROR ЗЁЧЮ: =(IF($B2="DPS",0,IF($Q2="ГЁ",INDEX('1_24'!$B$3:$Z$27,MATCH($W2,'1_24'!$A$3:$A$27,
  [ПЯЗс]

  [5] I_1 ЦЏМі МіНФ МГСЄ...
  [ПЯЗс] (I_1 МіНФРК ИЖНКХЭ ПјКЛ БзДыЗЮ ЛчПы)

  [6] CalculateFull() НЧЧр Сп... (Мі Ка МвПф)
  [ПЯЗс]

  [7] Python С§Аш Ёц СОЧеНЧРћ DП­ СїСЂ БтРд...
    [wb1 zoneКА ЧЅСиНУАЃ(min)] {'H-I': 1824.6, 'C-D': 2551.7, 'A-P': 1760.0, 'DPS': 4090.2, 'E-F': 1555.9, 'J-K': 1261.3, 'L': 239.1, 'B': 173.6, 'L/S': 354.6}
    [wb2 zoneКА ЧЅСиНУАЃ(min)] {'M-N': 2043.0, 'S': 1042.3, 'W': 439.8, 'R': 502.6}
    [D_1 M-N] Чр=2916, MНУРл=141ШИ, ASЧе=2043.0min(34.049hr), AUЧе=2043.0min(34.049hr), AS=0Чр=0
      ФУЗГЧе: AE=22.24, AF=17.59, AG=11.03, AH=33.99, AI=13.02, AJ=0.53, AK=88.56, AL=173.52, AM=38.96, AN=293.60, AO=656.71, AP=293.60, AQ=42.77, AR=356.85
    [D_1 S] Чр=1921, MНУРл=97ШИ, ASЧе=1042.3min(17.372hr), AUЧе=1042.3min(17.372hr), AS=0Чр=0
      ФУЗГЧе: AE=20.69, AF=12.66, AH=53.01, AI=8.03, AK=20.70, AL=57.37, AM=145.92, AN=156.00, AO=148.65, AP=156.00, AQ=29.42, AR=233.85
    [D_1 ФУЗГ СјДм РњРх] C:\Users\РЬЙЎНТ\Desktop\PJ_Л§ЛъМКСіЧЅ\data\temp\d1_col_diag_2026-06-04.json

    [I_1 zoneКА СјДм]
      [H-I] Чр=1991, MНУРл=162ШИ, ASЧе=1753.1min(29.218hr), AUЧе=1824.6min(30.411hr), AKЧе=103.24min, AS=0Чр=0, AKКёжУЛљЧУ=[0.11666666666666667, 0.11666666666666667, 0.225, 0.11666666666666667, 0.11666666666666667]
        VП­ЛљЧУ(УГРН5Чр): [112.0, 108.0, 104.0, 114.0, 114.0]
        UП­ЛљЧУ(УГРН5Чр): ['I', 'I', 'I', 'I', 'I']
      [C-D] Чр=3214, MНУРл=139ШИ, ASЧе=2523.7min(42.062hr), AUЧе=2551.7min(42.529hr), AKЧе=163.35min, AS=0Чр=0, AKКёжУЛљЧУ=[0.225, 0.065, 0.065, 0.11666666666666667, 0.065]
        VП­ЛљЧУ(УГРН5Чр): [102.0, 102.0, 105.0, 104.0, 106.0]
      [A-P] Чр=1861, MНУРл=146ШИ, ASЧе=1859.5min(30.991hr), AUЧе=1760.0min(29.333hr), AKЧе=112.88min, AS=0Чр=0, AKКёжУЛљЧУ=[0.11666666666666667, 0.065, 0.065, 0.065, 0.11666666666666667]
        VП­ЛљЧУ(УГРН5Чр): [104.0, 105.0, 108.0, 108.0, 108.0]
      [DPS] Чр=2160, MНУРл=1130ШИ, ASЧе=4090.2min(68.170hr), AUЧе=4090.2min(68.170hr), AKЧе=439.98min, AS=0Чр=0, AKКёжУЛљЧУ=[0.6333333333333333, 0.6333333333333333, 0.2533333333333333, 0.38, 0.12666666666666665]
        VП­ЛљЧУ(УГРН5Чр): [306.0, 306.0, 326.0, 305.0, 313.0]
        UП­ЛљЧУ(УГРН5Чр): ['P', 'P', 'P', 'P', 'P']
        HП­ЛљЧУ(УГРН5Чр): [202606040214.0, 202606040214.0, 202606040214.0, 202606040214.0, 202606040214.0]
        JП­ЛљЧУ(УГРН5Чр): ['DPS', 'DPS', 'DPS', 'DPS', 'DPS']
        DPS АэРЏHМі=137
        DPS П­КАЧе(AD~AR): AD=444.47, AE=526.05, AG=444.47, AH=488.87, AK=439.98, AO=130.90, AP=22.17, AQ=565.00, AR=1028.30

    [DU_1 R zone СјДм]
      ИЖСіИЗЧр(556) AUМіНФ: '=IF($G556&$H556&$J556=$G557&$H557&$J557,0,$AT556)'
      ИЖСіИЗЧр(556) AKМіНФ: '=IFERROR((IF($J556="DPS",IF($I555=$I556,INDEX(DPS!$B$3:$AF$33,MATCH($V555,DPS!$A$3:$A$33,0),MATCH($V556,DPS!$B$2:$AF$2,0)),0),IF($U556="P",IF($G555=$G556,INDEX('101_MN'!$C$3:$AK$37,MATCH($V555,'101_MN'!$B$3:$B$37,0),MATCH($V556,'101_MN'!$C$2:$AK$2,0)),0),IF($G555=$G556,INDEX('101_ABCDJ'!$C$3:$T$20,MATCH($V555,'101_ABCDJ'!$B$3:$B$20,0),MATCH($V556,'101_ABCDJ'!$C$2:$T$2,0)),0))))/60,0)'
      R zone: КёжУ AUЧр=130, Че=502.64min, ЛљЧУ=[3.1315, 3.3465, 3.0981666666666667, 3.0981666666666667, 3.033166666666667]
      W zone: КёжУ AUЧр=121, Че=439.76min, ЛљЧУ=[3.819833333333333, 3.603833333333333, 3.384833333333333, 3.5548333333333333, 3.4848333333333334]
      R zone VП­(ЗЂЙјШЃ) ЛљЧУ: [101.0, 104.0, 102.0, 102.0, 102.0, 101.0, 101.0, 105.0, 101.0, 102.0]
      R zone УГРН10Чр AK(37)=[0.0, 0.11666666666666667, 0.065, 0.0, 0.0, 0.065, 0.0, 0.11666666666666667, 0.0, 0.0]
      R zone УГРН10Чр AS(45)=[0.7806666666666666, 3.1315, 3.3465, 3.0981666666666667, 3.0981666666666667, 3.033166666666667, 2.968166666666667, 3.4515, 3.1014999999999997, 3.2315]
      R zone УГРН10Чр AT(46)=[0.7806666666666666, 3.1315, 3.3465, 3.0981666666666667, 3.0981666666666667, 3.033166666666667, 2.968166666666667, 3.4515, 3.1014999999999997, 3.2315]
  [ПЯЗс] (СОЧеНЧРћ=ЧЧХЗНЧРћ SUMIF АцЗЮ ЛчПы, PythonАЊРК СјДмПы)

  [СОЧеНЧРћ DП­ - БтСиСЄКИ1_ИЖНКХЭ]
  zone       ЧЅСи(hr)      НЧРћ(hr)        БтСи      ПРТї%
  --------------------------------------------------
  H-I       30.4108     62.3457   30.4108    0.00% OK
  C-D       42.5286     66.3691   42.5286    0.00% OK
  A-P       29.3326     49.2504   29.3326    0.00% OK
  DPS       68.1699     63.5971   68.1066    0.09% OK
  E-F       25.9323     37.1835   25.9323    0.00% OK
  J-K       21.0220     23.1484   21.0220    0.00% OK
  L          3.9858      4.2345    3.9858    0.00% OK
  B          2.8939      2.3458    2.8939    0.00% OK
  L/S        5.9095      5.8918    5.9095    0.00% OK

  [СОЧеНЧРћ DП­ - БтСиСЄКИ2_ИЖНКХЭ]
  zone       ЧЅСи(hr)      НЧРћ(hr)        БтСи      ПРТї%
  --------------------------------------------------
  M-N       34.0492     65.2844   34.0546    0.02% OK
  S         17.3718     10.8254   17.3789    0.04% OK
  W          7.3293      8.1748    7.3293    0.00% OK
  R          8.3774      8.5855    8.3774    0.00% OK

  [ЧЧХЗНЧРћ РлОїРкКА] 107Иэ УпУт Ёц workers_2026-06-04.json
  [СОЧеНЧРћ БИПЊКА] 13БИПЊ УпУт Ёц zones_2026-06-04.json

  [УжСО АсАњ]
    H-I   : ЧЅСи=30.4108hr  НЧРћ=62.3457hr  (БтСи:30.4108  ПРТї:0.00%)
    C-D   : ЧЅСи=42.5286hr  НЧРћ=66.3691hr  (БтСи:42.5286  ПРТї:0.00%)
    A-P   : ЧЅСи=29.3326hr  НЧРћ=49.2504hr  (БтСи:29.3326  ПРТї:0.00%)
    DPS   : ЧЅСи=68.1699hr  НЧРћ=63.5971hr  (БтСи:68.1066  ПРТї:0.09%)
    E-F   : ЧЅСи=25.9323hr  НЧРћ=37.1835hr  (БтСи:25.9323  ПРТї:0.00%)
    J-K   : ЧЅСи=21.0220hr  НЧРћ=23.1484hr  (БтСи:21.0220  ПРТї:0.00%)
    L     : ЧЅСи=3.9858hr  НЧРћ=4.2345hr  (БтСи:3.9858  ПРТї:0.00%)
    B     : ЧЅСи=2.8939hr  НЧРћ=2.3458hr  (БтСи:2.8939  ПРТї:0.00%)
    L/S   : ЧЅСи=5.9095hr  НЧРћ=5.8918hr  (БтСи:5.9095  ПРТї:0.00%)
    M-N   : ЧЅСи=34.0492hr  НЧРћ=65.2844hr  (БтСи:34.0546  ПРТї:0.02%)
    S     : ЧЅСи=17.3718hr  НЧРћ=10.8254hr  (БтСи:17.3789  ПРТї:0.04%)
    W     : ЧЅСи=7.3293hr  НЧРћ=8.1748hr  (БтСи:7.3293  ПРТї:0.00%)
    R     : ЧЅСи=8.3774hr  НЧРћ=8.5855hr  (БтСи:8.3774  ПРТї:0.00%)
  [АсАњ РњРх] C:\Users\РЬЙЎНТ\Desktop\PJ_Л§ЛъМКСіЧЅ\data\temp\result_2026-06-04.json

  DB РћРч Сп: 13АГ...
  [ПЯЗс] DB РћРч ПЯЗс

================================================================
АЫСѕ [2026-06-04] ЧЅСи/БнОз/ЙкНК ЁО1%, НЧРћ ЁО3%  (O=ХыАњ X=НЧЦа)
  zone         ЧЅСи       БнОз       ЙкНК        НЧРћ
  ------------------------------------------------------
  A-P      O 0.0%   O 0.0%   O 0.0%    O 0.0%
  B        O 0.0%   O 0.0%   O 0.0%    O 0.0%
  C-D      O 0.0%   O 0.0%   O 0.0%    O 0.0%
  DPS      O 0.1%   O 0.0%   O 0.0%    O 0.1%
  E-F      O 0.0%   O 0.1%   O 0.0%    O 0.0%
  H-I      O 0.0%   O 0.0%   O 0.0%    O 0.0%
  J-K      O 0.0%   O 0.0%   O 0.0%    O 0.0%
  L        O 0.0%   O 0.6%   O 0.0%    O 0.0%
  L/S      O 0.0%   O 0.0%   O 0.0%    O 0.0%
  M-N      O 0.0%   O 0.0%   O 0.0%    O 0.0%
  R        O 0.0%   X 7.6%   O 0.0%    O 0.0%
  S        O 0.0%   O 0.0%   O 0.0%    O 0.0%
  W        O 0.0%   X 1.9%   O 0.0%    O 0.0%
  ======================================================
  РЯКЮ FAIL
