
============================================================
처리 날짜: 2026-06-01
============================================================

  [KGA-1] raw data 필터링...
  [퍼시스] 퍼시스_0601.xlsx
    필터 후 2420행
  [일룸] 일룸_0601_0602.xlsx
    필터 후 6234행
  [데스커] 데스커_0601_0602.xlsx
    필터 후 4876행
  [3PL] 3PL_0601.xlsx
    필터 후 559행
    [퍼시스] 장재완 G구역 3행 → K-115-00 변경

  [KGA-2] 가동률-로데이터 파일 복사...
    복사 완료: tmp_kga1.xlsx
    복사 완료: tmp_kga2.xlsx

  [KGA-3] RAW DATA 시트 업데이트...
    [퍼시스 RAW DATA] 2420행 입력
    [일룸 RAW DATA] 6234행 입력
    [데스커 RAW DATA] 4876행 입력
    [3PL RAW DATA] 559행 입력

  [KGA-4] CalculateFull() 실행 중...
  [완료]

  [KGA-5] 데이터정리,계산 읽기...
    F_1=2420행  I_1=6234행  D_1=4876행  DU_1=559행

  [zone별 행 수]
    F_1(퍼시스): 총 2420행
      B: 62
      E-F: 1129
      J-K: 856
      L: 155
      L/S: 218
    I_1(일룸): 총 6234행
      A-P: 1203
      C-D: 2370
      DPS: 1419
      H-I: 1242
    D_1(데스커): 총 4876행
      M-N: 3167
      S: 1709
    DU_1(3PL): 총 559행
      R: 186
      W: 373

  [1] Excel 열기...
  [완료]

  [2] 피킹실적 C열 업데이트...
      [H-I] 11명 (슬롯 50행)
      [C-D] 14명 (슬롯 50행)
      [A-P] 17명 (슬롯 50행)
      [DPS] 1명 (슬롯 50행)
      [E-F] 11명 (슬롯 50행)
      [J-K] 9명 (슬롯 50행)
      [L] 5명 (슬롯 50행)
      [B] 1명 (슬롯 50행)
      [L/S] 1명 (슬롯 50행)
      [M-N] 14명 (슬롯 50행)
      [S] 4명 (슬롯 50행)
      [W] 3명 (슬롯 50행)
      [R] 6명 (슬롯 50행)
  [완료]

  [3] 시트 데이터 쓰기...
    [F_1] 2420행 작성 (C~L, U~AA)
    [I_1] 6234행 작성 (C~L, U~AA)
    [D_1] 4876행 작성 (C~L, U~AA)
    [DU_1] 559행 작성 (C~L, U~AA)
  [완료]

  [3.1] 피킹금액(BF/BG열) 기입...
  [공장도가] 디스크 캐시 사용 (3시트)
    [F_1] 피킹금액 합계: 481,358,200원
    [I_1] 피킹금액 합계: 478,505,985원
    [D_1] 피킹금액 합계: 402,679,412원
    [DU_1] 피킹금액 합계: 182,772,060원
  [완료]

  [4.3] 전체 시트 수식 범위 확장...
    [F_1] 수식 확장 불필요 (이미 전체 행 커버)
    [I_1] 수식 확장 불필요 (이미 전체 행 커버)
    [D_1] 수식 확장 불필요 (이미 전체 행 커버)
    [DU_1] 수식 확장 불필요 (이미 전체 행 커버)
  [완료]

  [4.5] D_1/DU_1 에러 수식 IFERROR 래핑...
    [D_1] col30 IFERROR 래핑: =(IF($M2="시작",INDEX(MNPSWRT!$B$3:$O$16,MATCH($N2,MNPSWRT!$A$3:$A$16,0),MATCH($U2
    [D_1] col31 IFERROR 래핑: =(IF($B2="DPS",IF($M2="시작",INDEX(DPS!$B$3:$AF$33,MATCH($O2,DPS!$A$3:$A$33,0),MAT
    [D_1] col32 IFERROR 래핑: =(IF($B2="DPS",0,IF($M2="시작",INDEX('1_28'!$B$3:$AD$31,MATCH($P2,'1_28'!$A$3:$A$3
    [D_1] col33 IFERROR 래핑: =(IF($Q2="끝",INDEX(MNPSWRT!$B$3:$O$16,MATCH($U2,MNPSWRT!$A$3:$A$16,0),MATCH($R2,
    [D_1] col34 IFERROR 래핑: =(IF($B2="DPS",IF($Q2="끝",INDEX(DPS!$B$3:$AF$33,MATCH($V2,DPS!$A$3:$A$33,0),MATC
    [D_1] col35 IFERROR 래핑: =(IF($B2="DPS",0,IF($Q2="끝",INDEX('1_28'!$B$3:$AD$31,MATCH($W2,'1_28'!$A$3:$A$31
    [D_1] col36 IFERROR 래핑: =(IF($J2="DPS",IF($G1=$G2,INDEX(MNPSWRT!$B$3:$N$15,MATCH($U1,MNPSWRT!$A$3:$A$15,
    [D_1] col37 IFERROR 래핑: =(IF($J2="DPS",IF($I1=$I2,INDEX(DPS!$B$3:$AF$33,MATCH($V1,DPS!$A$3:$A$33,0),MATC
    [D_1] col38 IFERROR 래핑: =(IF($J2="DPS",0,IF($G2=$G1,INDEX('1_28'!$B$3:$AD$31,MATCH($W2,'1_28'!$A$3:$A$31
    [D_1] col39 IFERROR 래핑: =IF($B2="DPS",0,IF($D1&$G1&$U1&$V1&$W1&$X1=$D2&$G2&$U2&$V2&$W2&$X2,0,IF(ISERROR(
    [D_1] col40 IFERROR 래핑: =IF($B2="DPS",0,IF($B2="TEAM4",IF($D1&$G1&$U1&$V1&$W1&$X1=$D2&$G2&$U2&$V2&$W2&$X
    [D_1] col41 IFERROR 래핑: =IF(OR($B2="DPS",$B2="TEAM4"),VLOOKUP($B2,피킹시간!$A:$B,2,0)*E2,VLOOKUP($U2,피킹시간!$A
    [D_1] col42 IFERROR 래핑: =IF($B2="DPS",IF($D2&$G2&$U2&$V2&$W2&$X2=$D3&$G3&$U3&$V3&$W3&$X3,0,피킹시간!$M$4),IF
    [D_1] col43 IFERROR 래핑: =IF(AND($M2="시작",$B2="DPS"),'WAVE간 시간'!$B$3,IF(AND($M2="시작",$B2="TEAM4"),'WAVE간 
    [D_1] col44 IFERROR 래핑: =IF(AND($B2="DPS",$Q2="끝",$L2="경인"),VLOOKUP($B2,'WAVE간 시간'!$W:$X,2,0),IF(AND($B2
    [D_1] col45 IFERROR 래핑: =AD2+AE2+AF2+AG2+AH2+AI2+AJ2+AK2+AL2+AM2+AN2+AO2+AP2+AQ2+AR2
    [DU_1] col30 IFERROR 래핑: =(IF($M2="시작",INDEX(MNPSWRT!$B$3:$O$16,MATCH($N2,MNPSWRT!$A$3:$A$16,0),MATCH($U2
    [DU_1] col31 IFERROR 래핑: =(IF($B2="DPS",IF($M2="시작",INDEX(DPS!$B$3:$AF$33,MATCH($O2,DPS!$A$3:$A$33,0),MAT
    [DU_1] col32 IFERROR 래핑: =(IF($B2="DPS",0,IF($M2="시작",INDEX('1_28'!$B$3:$AD$31,MATCH($P2,'1_28'!$A$3:$A$3
    [DU_1] col33 IFERROR 래핑: =(IF($Q2="끝",INDEX(MNPSWRT!$B$3:$O$16,MATCH($U2,MNPSWRT!$A$3:$A$16,0),MATCH($R2,
    [DU_1] col34 IFERROR 래핑: =(IF($B2="DPS",IF($Q2="끝",INDEX(DPS!$B$3:$AF$33,MATCH($V2,DPS!$A$3:$A$33,0),MATC
    [DU_1] col35 IFERROR 래핑: =(IF($B2="DPS",0,IF($Q2="끝",INDEX('1_28'!$B$3:$AD$31,MATCH($W2,'1_28'!$A$3:$A$31
    [DU_1] col36 IFERROR 래핑: =(IF($J2="DPS",IF($G1=$G2,INDEX(MNPSWRT!$B$3:$O$16,MATCH($U1,MNPSWRT!$A$3:$A$16,
    [DU_1] col37 IFERROR 래핑: =(IF($J2="DPS",IF($I1=$I2,INDEX(DPS!$B$3:$AF$33,MATCH($V1,DPS!$A$3:$A$33,0),MATC
    [DU_1] col38 IFERROR 래핑: =(IF($J2="DPS",0,IF($G2=$G1,INDEX('1_28'!$B$3:$AD$31,MATCH($W2,'1_28'!$A$3:$A$31
    [DU_1] col39 IFERROR 래핑: =IF($B2="DPS",0,IF($D1&$G1&$U1&$V1&$W1&$X1=$D2&$G2&$U2&$V2&$W2&$X2,0,IF(ISERROR(
    [DU_1] col40 IFERROR 래핑: =IF($B2="DPS",0,IF($B2="TEAM4",IF($D1&$G1&$U1&$V1&$W1&$X1=$D2&$G2&$U2&$V2&$W2&$X
    [DU_1] col41 IFERROR 래핑: =IF(OR($B2="DPS",$B2="TEAM4"),VLOOKUP($B2,피킹시간!$A:$B,2,0)*E2,VLOOKUP($U2,피킹시간!$A
    [DU_1] col42 IFERROR 래핑: =IF($B2="DPS",IF($D2&$G2&$U2&$V2&$W2&$X2=$D3&$G3&$U3&$V3&$W3&$X3,0,피킹시간!$M$4),IF
    [DU_1] col43 IFERROR 래핑: =IF(AND($M2="시작",$B2="DPS"),'WAVE간 시간'!$B$3,IF(AND($M2="시작",$B2="TEAM4"),'WAVE간 
    [DU_1] col44 IFERROR 래핑: =IF(AND($B2="DPS",$Q2="끝",$L2="경인"),VLOOKUP($B2,'WAVE간 시간'!$W:$X,2,0),IF(AND($B2
    [DU_1] col45 IFERROR 래핑: =AD2+AE2+AF2+AG2+AH2+AI2+AJ2+AK2+AL2+AM2+AN2+AO2+AP2+AQ2+AR2
  [완료]

  [4.7] F_1/I_1 bay 거리 수식 IFERROR 래핑...
    [F_1] col32 IFERROR 래핑: =(IF($B2="DPS",0,IF($M2="시작",INDEX('1_24'!$B$3:$Z$27,MATCH($P2,'1_24'!$A$3:$A$27
    [F_1] col35 IFERROR 래핑: =(IF($B2="DPS",0,IF($Q2="끝",INDEX('1_24'!$B$3:$Z$27,MATCH($W2,'1_24'!$A$3:$A$27,
    [F_1] col38 IFERROR 래핑: =(IF($J2="DPS",0,IF($G2=$G1,INDEX('1_24'!$B$3:$Z$27,MATCH($W2,'1_24'!$A$3:$A$27,
    [I_1] col32 IFERROR 래핑: =(IF($B2="DPS",0,IF($M2="시작",INDEX('1_24'!$B$3:$Z$27,MATCH($P2,'1_24'!$A$3:$A$27
    [I_1] col35 IFERROR 래핑: =(IF($B2="DPS",0,IF($Q2="끝",INDEX('1_24'!$B$3:$Z$27,MATCH($W2,'1_24'!$A$3:$A$27,
  [완료]

  [5] I_1 특수 수식 설정...
  [완료] (I_1 수식은 마스터 원본 그대로 사용)

  [6] CalculateFull() 실행 중... (수 분 소요)
  [완료]

  [7] Python 집계 → 종합실적 D열 직접 기입...
    [wb1 zone별 표준시간(min)] {'H-I': 1324.4, 'C-D': 2122.2, 'A-P': 1169.9, 'DPS': 3495.4, 'E-F': 1125.7, 'J-K': 931.4, 'L': 392.6, 'B': 124.9, 'L/S': 262.8}
    [wb2 zone별 표준시간(min)] {'M-N': 2695.0, 'S': 1010.2, 'W': 454.3, 'R': 566.2}
    [D_1 M-N] 행=3167, M시작=195회, AS합=2695.0min(44.917hr), AU합=2695.0min(44.917hr), AS=0행=0
      컬럼합: AE=32.08, AF=19.90, AG=6.83, AH=35.87, AI=11.62, AJ=0.53, AK=109.30, AL=209.82, AM=35.94, AN=343.87, AO=992.76, AP=343.87, AQ=59.15, AR=493.51
    [D_1 S] 행=1709, M시작=95회, AS합=1010.2min(16.837hr), AU합=1010.2min(16.837hr), AS=0행=0
      컬럼합: AE=19.98, AF=11.84, AH=51.98, AI=7.92, AK=20.21, AL=53.84, AM=149.68, AN=153.07, AO=130.80, AP=153.07, AQ=28.82, AR=229.03
    [D_1 컬럼 진단 저장] C:\Users\이문승\Desktop\PJ_생산성지표\data\temp\d1_col_diag_2026-06-01.json

    [I_1 zone별 진단]
      [H-I] 행=1242, M시작=121회, AS합=1202.1min(20.034hr), AU합=1324.4min(22.074hr), AK합=79.30min, AS=0행=0, AK비零샘플=[0.19, 0.065, 0.225, 0.225, 0.11666666666666667]
        V열샘플(처음5행): [101.0, 104.0, 103.0, 103.0, 103.0]
        U열샘플(처음5행): ['I', 'H', 'I', 'I', 'I']
      [C-D] 행=2370, M시작=116회, AS합=2082.0min(34.700hr), AU합=2122.2min(35.370hr), AK합=142.70min, AS=0행=0, AK비零샘플=[0.19499999999999998, 0.11666666666666667, 0.225, 0.11666666666666667, 0.065]
        V열샘플(처음5행): [116.0, 108.0, 112.0, 102.0, 107.0]
      [A-P] 행=1203, M시작=116회, AS합=1332.4min(22.207hr), AU합=1169.9min(19.498hr), AK합=81.15min, AS=0행=0, AK비零샘플=[0.19499999999999998, 0.19499999999999998, 0.065, 0.065, 0.15333333333333332]
        V열샘플(처음5행): [116.0, 104.0, 105.0, 105.0, 104.0]
      [DPS] 행=1419, M시작=975회, AS합=3495.4min(58.256hr), AU합=3495.4min(58.256hr), AK합=352.39min, AS=0행=0, AK비零샘플=[0.2533333333333333, 0.38, 0.38, 0.8233333333333331, 0.8233333333333331]
        V열샘플(처음5행): [326.0, 333.0, 333.0, 303.0, 315.0]
        U열샘플(처음5행): ['P', 'P', 'P', 'P', 'P']
        H열샘플(처음5행): [202605300022.0, 202605300022.0, 202605300022.0, 202606010087.0, 202606010087.0]
        J열샘플(처음5행): ['DPS', 'DPS', 'DPS', 'DPS', 'DPS']
        DPS 고유H수=118
        DPS 열별합(AD~AR): AD=383.50, AE=435.16, AG=383.50, AH=458.22, AK=352.39, AO=89.70, AP=18.17, AQ=487.50, AR=887.25

    [DU_1 R zone 진단]
      마지막행(560) AU수식: '=IF($G560&$H560&$J560=$G561&$H561&$J561,0,$AT560)'
      마지막행(560) AK수식: '=IFERROR((IF($J560="DPS",IF($I559=$I560,INDEX(DPS!$B$3:$AF$33,MATCH($V559,DPS!$A$3:$A$33,0),MATCH($V560,DPS!$B$2:$AF$2,0)),0),IF($U560="P",IF($G559=$G560,INDEX('101_MN'!$C$3:$AK$37,MATCH($V559,'101_MN'!$B$3:$B$37,0),MATCH($V560,'101_MN'!$C$2:$AK$2,0)),0),IF($G559=$G560,INDEX('101_ABCDJ'!$C$3:$T$20,MATCH($V559,'101_ABCDJ'!$B$3:$B$20,0),MATCH($V560,'101_ABCDJ'!$C$2:$T$2,0)),0))))/60,0)'
      R zone: 비零 AU행=131, 합=566.18min, 샘플=[3.3015, 3.3015, 3.3465, 3.2315, 3.5498333333333334]
      W zone: 비零 AU행=129, 합=454.32min, 샘플=[3.2464999999999997, 3.1331666666666664, 3.123166666666666, 3.1631666666666662, 3.8181666666666665]
      R zone V열(랙번호) 샘플: [104.0, 104.0, 102.0, 102.0, 105.0, 105.0, 101.0, 103.0, 102.0, 105.0]
      R zone 처음10행 AK(37)=[0.0, 0.0, 0.065, 0.0, 0.065, 0.0, 0.11666666666666667, 0.065, 0.0, 0.065]
      R zone 처음10행 AS(45)=[3.3015, 3.3015, 3.3465, 3.2315, 3.5498333333333334, 3.3848333333333334, 0.8973333333333333, 2.928166666666667, 0.8456666666666667, 2.9798333333333336]
      R zone 처음10행 AT(46)=[3.3015, 3.3015, 3.3465, 3.2315, 3.5498333333333334, 3.3848333333333334, 0.8973333333333333, 2.928166666666667, 0.8456666666666667, 2.9798333333333336]
  [완료] (종합실적=피킹실적 SUMIF 경로 사용, Python값은 진단용)

  [종합실적 D열 - 기준정보1_마스터]
  zone       표준(hr)      실적(hr)        기준      오차%
  --------------------------------------------------
  H-I       22.0736     42.2457   22.0736    0.00% OK
  C-D       35.3703     55.4487   35.3703    0.00% OK
  A-P       19.4978     28.9695   19.4978    0.00% OK
  DPS       58.2564     55.5740   58.2722    0.03% OK
  E-F       18.7616     22.9899   18.7616    0.00% OK
  J-K       15.5227     19.1517   15.5227    0.00% OK
  L          6.5430      6.4478    6.5430    0.00% OK
  B          2.0809      1.8513    2.0809    0.00% OK
  L/S        4.3792      4.4486    4.3792    0.00% OK

  [종합실적 D열 - 기준정보2_마스터]
  zone       표준(hr)      실적(hr)        기준      오차%
  --------------------------------------------------
  M-N       44.9171     76.8971   44.9603    0.10% OK
  S         16.8374     12.9262   16.8374    0.00% OK
  W          7.5720      8.0672    7.5720    0.00% OK
  R          9.4364      9.6945    9.4364    0.00% OK

  [최종 결과]
    H-I   : 표준=22.0736hr  실적=42.2457hr  (기준:22.0736  오차:0.00%)
    C-D   : 표준=35.3703hr  실적=55.4487hr  (기준:35.3703  오차:0.00%)
    A-P   : 표준=19.4978hr  실적=28.9695hr  (기준:19.4978  오차:0.00%)
    DPS   : 표준=58.2564hr  실적=55.5740hr  (기준:58.2722  오차:0.03%)
    E-F   : 표준=18.7616hr  실적=22.9899hr  (기준:18.7616  오차:0.00%)
    J-K   : 표준=15.5227hr  실적=19.1517hr  (기준:15.5227  오차:0.00%)
    L     : 표준=6.5430hr  실적=6.4478hr  (기준:6.5430  오차:0.00%)
    B     : 표준=2.0809hr  실적=1.8513hr  (기준:2.0809  오차:0.00%)
    L/S   : 표준=4.3792hr  실적=4.4486hr  (기준:4.3792  오차:0.00%)
    M-N   : 표준=44.9171hr  실적=76.8971hr  (기준:44.9603  오차:0.10%)
    S     : 표준=16.8374hr  실적=12.9262hr  (기준:16.8374  오차:0.00%)
    W     : 표준=7.5720hr  실적=8.0672hr  (기준:7.5720  오차:0.00%)
    R     : 표준=9.4364hr  실적=9.6945hr  (기준:9.4364  오차:0.00%)
  [결과 저장] C:\Users\이문승\Desktop\PJ_생산성지표\data\temp\result_2026-06-01.json

  DB 적재 중: 13개...
  [완료] DB 적재 완료

================================================================
검증 [2026-06-01] 표준/금액/박스 ±1%, 실적 ±3%  (O=통과 X=실패)
  zone         표준       금액       박스        실적
  ------------------------------------------------------
  A-P      O 0.0%   O 0.0%   O 0.0%    O 0.0%
  B        O 0.0%   O 0.0%   O 0.0%    O 0.0%
  C-D      O 0.0%   O 1.0%   O 0.0%    O 1.5%
  DPS      O 0.0%   O 0.0%   O 0.0%    O 0.1%
  E-F      O 0.0%   O 0.0%   O 0.0%    X17.9%
  H-I      O 0.0%   O 0.0%   O 0.0%    O 0.0%
  J-K      O 0.0%   O 0.0%   O 0.0%    X17.3%
  L        O 0.0%   O 0.0%   O 0.0%    X13.4%
  L/S      O 0.0%   O 0.0%   O 0.0%    O 0.0%
  M-N      O 0.1%   O 0.0%   O 0.0%    O 1.1%
  R        O 0.0%   X41.6%   O 0.0%    O 0.0%
  S        O 0.0%   O 0.0%   O 0.0%    O 2.6%
  W        O 0.0%   X 1.7%   O 0.0%    O 0.0%
  ======================================================
  일부 FAIL
