
============================================================
УГИЎ ГЏТЅ: 2026-06-08
============================================================

  [KGA-1] raw data ЧЪХЭИЕ...
  [ЦлНУНК] ЦлНУНК_0608.xlsx
    ЧЪХЭ ШФ 1754Чр
  [РЯЗы] РЯЗы_0608_0609.xlsx
    ЧЪХЭ ШФ 8618Чр
  [ЕЅНКФП] ЕЅНКФП_0608_0609.xlsx
    ЧЪХЭ ШФ 4554Чр
  [3PL] 3PL_0608.xlsx
    ЧЪХЭ ШФ 510Чр
    [ЦлНУНК] РхРчПЯ GБИПЊ 7Чр Ёц K-115-00 КЏАц

  [KGA-2] АЁЕПЗќ-ЗЮЕЅРЬХЭ ЦФРЯ КЙЛч...
    КЙЛч ПЯЗс: tmp_kga1.xlsx
    КЙЛч ПЯЗс: tmp_kga2.xlsx

  [KGA-3] RAW DATA НУЦЎ ОїЕЅРЬЦЎ...
    [ЦлНУНК RAW DATA] 1754Чр РдЗТ
    [РЯЗы RAW DATA] 8618Чр РдЗТ
    [ЕЅНКФП RAW DATA] 4554Чр РдЗТ
    [3PL RAW DATA] 510Чр РдЗТ

  [KGA-4] CalculateFull() НЧЧр Сп...
  [ПЯЗс]

  [KGA-5] ЕЅРЬХЭСЄИЎ,АшЛъ РаБт...
    F_1=1754Чр  I_1=8618Чр  D_1=4554Чр  DU_1=510Чр

  [zoneКА Чр Мі]
    F_1(ЦлНУНК): Уб 1754Чр
      B: 61
      E-F: 781
      J-K: 665
      L: 77
      L/S: 170
    I_1(РЯЗы): Уб 8618Чр
      A-P: 1937
      C-D: 3646
      DPS: 1649
      H-I: 1386
    D_1(ЕЅНКФП): Уб 4554Чр
      M-N: 2962
      S: 1592
    DU_1(3PL): Уб 510Чр
      R: 192
      W: 318

  [1] Excel П­Бт...
  [ПЯЗс]

  [2] ЧЧХЗНЧРћ CП­ ОїЕЅРЬЦЎ...
      [H-I] 9Иэ (ННЗд 50Чр)
      [C-D] 16Иэ (ННЗд 50Чр)
      [A-P] 18Иэ (ННЗд 50Чр)
      [DPS] 1Иэ (ННЗд 50Чр)
      [E-F] 8Иэ (ННЗд 50Чр)
      [J-K] 7Иэ (ННЗд 50Чр)
      [L] 2Иэ (ННЗд 50Чр)
      [B] 1Иэ (ННЗд 50Чр)
      [L/S] 1Иэ (ННЗд 50Чр)
      [M-N] 14Иэ (ННЗд 50Чр)
      [S] 4Иэ (ННЗд 50Чр)
      [W] 3Иэ (ННЗд 50Чр)
      [R] 7Иэ (ННЗд 50Чр)
  [ПЯЗс]

  [3] НУЦЎ ЕЅРЬХЭ ОВБт...
    [F_1] 1754Чр РлМК (C~L, U~AA)
    [I_1] 8618Чр РлМК (C~L, U~AA)
    [D_1] 4554Чр РлМК (C~L, U~AA)
    [DU_1] 510Чр РлМК (C~L, U~AA)
  [ПЯЗс]

  [3.1] ЧЧХЗБнОз(BF/BGП­) БтРд...
  [АјРхЕЕАЁ] Е№НКХЉ ФГНУ ЛчПы (3НУЦЎ)
    [F_1] ЧЧХЗБнОз ЧеАш: 519,712,868Пј
    [I_1] ЧЧХЗБнОз ЧеАш: 633,109,470Пј
    [D_1] ЧЧХЗБнОз ЧеАш: 257,654,720Пј
    [DU_1] ЧЧХЗБнОз ЧеАш: 231,942,430Пј
  [ПЯЗс]

  [4.3] РќУМ НУЦЎ МіНФ ЙќРЇ ШЎРх...
    [F_1] МіНФ ШЎРх КвЧЪПф (РЬЙЬ РќУМ Чр ФПЙі)
    [I_1] МіНФ ШЎРх КвЧЪПф (РЬЙЬ РќУМ Чр ФПЙі)
    [D_1] МіНФ ШЎРх КвЧЪПф (РЬЙЬ РќУМ Чр ФПЙі)
    [DU_1] МіНФ ШЎРх КвЧЪПф (РЬЙЬ РќУМ Чр ФПЙі)
  [ПЯЗс]

  [4.5] D_1/DU_1 ПЁЗЏ МіНФ IFERROR ЗЁЧЮ...
    [D_1] col30 IFERROR ЗЁЧЮ: =(IF($M2="НУРл",INDEX(MNPSWRT!$B$3:$O$16,MATCH($N2,MNPSWRT!$A$3:$A$16,0),MATCH($U2
    [D_1] col31 IFERROR ЗЁЧЮ: =(IF($B2="DPS",IF($M2="НУРл",INDEX(DPS!$B$3:$AF$33,MATCH($O2,DPS!$A$3:$A$33,0),MAT
    [D_1] col32 IFERROR ЗЁЧЮ: =(IF($B2="DPS",0,IF($M2="НУРл",INDEX('1_28'!$B$3:$AD$31,MATCH($P2,'1_28'!$A$3:$A$3
    [D_1] col33 IFERROR ЗЁЧЮ: =(IF($Q2="ГЁ",INDEX(MNPSWRT!$B$3:$O$16,MATCH($U2,MNPSWRT!$A$3:$A$16,0),MATCH($R2,
    [D_1] col34 IFERROR ЗЁЧЮ: =(IF($B2="DPS",IF($Q2="ГЁ",INDEX(DPS!$B$3:$AF$33,MATCH($V2,DPS!$A$3:$A$33,0),MATC
    [D_1] col35 IFERROR ЗЁЧЮ: =(IF($B2="DPS",0,IF($Q2="ГЁ",INDEX('1_28'!$B$3:$AD$31,MATCH($W2,'1_28'!$A$3:$A$31
    [D_1] col36 IFERROR ЗЁЧЮ: =(IF($J2="DPS",IF($G1=$G2,INDEX(MNPSWRT!$B$3:$N$15,MATCH($U1,MNPSWRT!$A$3:$A$15,
    [D_1] col37 IFERROR ЗЁЧЮ: =(IF($J2="DPS",IF($I1=$I2,INDEX(DPS!$B$3:$AF$33,MATCH($V1,DPS!$A$3:$A$33,0),MATC
    [D_1] col38 IFERROR ЗЁЧЮ: =(IF($J2="DPS",0,IF($G2=$G1,INDEX('1_28'!$B$3:$AD$31,MATCH($W2,'1_28'!$A$3:$A$31
    [D_1] col39 IFERROR ЗЁЧЮ: =IF($B2="DPS",0,IF($D1&$G1&$U1&$V1&$W1&$X1=$D2&$G2&$U2&$V2&$W2&$X2,0,IF(ISERROR(
    [D_1] col40 IFERROR ЗЁЧЮ: =IF($B2="DPS",0,IF($B2="TEAM4",IF($D1&$G1&$U1&$V1&$W1&$X1=$D2&$G2&$U2&$V2&$W2&$X
    [D_1] col41 IFERROR ЗЁЧЮ: =IF(OR($B2="DPS",$B2="TEAM4"),VLOOKUP($B2,ЧЧХЗНУАЃ!$A:$B,2,0)*E2,VLOOKUP($U2,ЧЧХЗНУАЃ!$A
    [D_1] col42 IFERROR ЗЁЧЮ: =IF($B2="DPS",IF($D2&$G2&$U2&$V2&$W2&$X2=$D3&$G3&$U3&$V3&$W3&$X3,0,ЧЧХЗНУАЃ!$M$4),IF
    [D_1] col43 IFERROR ЗЁЧЮ: =IF(AND($M2="НУРл",$B2="DPS"),'WAVEАЃ НУАЃ'!$B$3,IF(AND($M2="НУРл",$B2="TEAM4"),'WAVEАЃ 
    [D_1] col44 IFERROR ЗЁЧЮ: =IF(AND($B2="DPS",$Q2="ГЁ",$L2="АцРЮ"),VLOOKUP($B2,'WAVEАЃ НУАЃ'!$W:$X,2,0),IF(AND($B2
    [D_1] col45 IFERROR ЗЁЧЮ: =AD2+AE2+AF2+AG2+AH2+AI2+AJ2+AK2+AL2+AM2+AN2+AO2+AP2+AQ2+AR2
    [DU_1] col30 IFERROR ЗЁЧЮ: =(IF($M2="НУРл",INDEX(MNPSWRT!$B$3:$O$16,MATCH($N2,MNPSWRT!$A$3:$A$16,0),MATCH($U2
    [DU_1] col31 IFERROR ЗЁЧЮ: =(IF($B2="DPS",IF($M2="НУРл",INDEX(DPS!$B$3:$AF$33,MATCH($O2,DPS!$A$3:$A$33,0),MAT
    [DU_1] col32 IFERROR ЗЁЧЮ: =(IF($B2="DPS",0,IF($M2="НУРл",INDEX('1_28'!$B$3:$AD$31,MATCH($P2,'1_28'!$A$3:$A$3
    [DU_1] col33 IFERROR ЗЁЧЮ: =(IF($Q2="ГЁ",INDEX(MNPSWRT!$B$3:$O$16,MATCH($U2,MNPSWRT!$A$3:$A$16,0),MATCH($R2,
    [DU_1] col34 IFERROR ЗЁЧЮ: =(IF($B2="DPS",IF($Q2="ГЁ",INDEX(DPS!$B$3:$AF$33,MATCH($V2,DPS!$A$3:$A$33,0),MATC
    [DU_1] col35 IFERROR ЗЁЧЮ: =(IF($B2="DPS",0,IF($Q2="ГЁ",INDEX('1_28'!$B$3:$AD$31,MATCH($W2,'1_28'!$A$3:$A$31
    [DU_1] col36 IFERROR ЗЁЧЮ: =(IF($J2="DPS",IF($G1=$G2,INDEX(MNPSWRT!$B$3:$O$16,MATCH($U1,MNPSWRT!$A$3:$A$16,
    [DU_1] col37 IFERROR ЗЁЧЮ: =(IF($J2="DPS",IF($I1=$I2,INDEX(DPS!$B$3:$AF$33,MATCH($V1,DPS!$A$3:$A$33,0),MATC
    [DU_1] col38 IFERROR ЗЁЧЮ: =(IF($J2="DPS",0,IF($G2=$G1,INDEX('1_28'!$B$3:$AD$31,MATCH($W2,'1_28'!$A$3:$A$31
    [DU_1] col39 IFERROR ЗЁЧЮ: =IF($B2="DPS",0,IF($D1&$G1&$U1&$V1&$W1&$X1=$D2&$G2&$U2&$V2&$W2&$X2,0,IF(ISERROR(
    [DU_1] col40 IFERROR ЗЁЧЮ: =IF($B2="DPS",0,IF($B2="TEAM4",IF($D1&$G1&$U1&$V1&$W1&$X1=$D2&$G2&$U2&$V2&$W2&$X
    [DU_1] col41 IFERROR ЗЁЧЮ: =IF(OR($B2="DPS",$B2="TEAM4"),VLOOKUP($B2,ЧЧХЗНУАЃ!$A:$B,2,0)*E2,VLOOKUP($U2,ЧЧХЗНУАЃ!$A
    [DU_1] col42 IFERROR ЗЁЧЮ: =IF($B2="DPS",IF($D2&$G2&$U2&$V2&$W2&$X2=$D3&$G3&$U3&$V3&$W3&$X3,0,ЧЧХЗНУАЃ!$M$4),IF
    [DU_1] col43 IFERROR ЗЁЧЮ: =IF(AND($M2="НУРл",$B2="DPS"),'WAVEАЃ НУАЃ'!$B$3,IF(AND($M2="НУРл",$B2="TEAM4"),'WAVEАЃ 
    [DU_1] col44 IFERROR ЗЁЧЮ: =IF(AND($B2="DPS",$Q2="ГЁ",$L2="АцРЮ"),VLOOKUP($B2,'WAVEАЃ НУАЃ'!$W:$X,2,0),IF(AND($B2
    [DU_1] col45 IFERROR ЗЁЧЮ: =AD2+AE2+AF2+AG2+AH2+AI2+AJ2+AK2+AL2+AM2+AN2+AO2+AP2+AQ2+AR2
  [ПЯЗс]

  [4.7] F_1/I_1 bay АХИЎ МіНФ IFERROR ЗЁЧЮ...
    [F_1] col32 IFERROR ЗЁЧЮ: =(IF($B2="DPS",0,IF($M2="НУРл",INDEX('1_24'!$B$3:$Z$27,MATCH($P2,'1_24'!$A$3:$A$27
    [F_1] col35 IFERROR ЗЁЧЮ: =(IF($B2="DPS",0,IF($Q2="ГЁ",INDEX('1_24'!$B$3:$Z$27,MATCH($W2,'1_24'!$A$3:$A$27,
    [F_1] col38 IFERROR ЗЁЧЮ: =(IF($J2="DPS",0,IF($G2=$G1,INDEX('1_24'!$B$3:$Z$27,MATCH($W2,'1_24'!$A$3:$A$27,
    [I_1] col32 IFERROR ЗЁЧЮ: =(IF($B2="DPS",0,IF($M2="НУРл",INDEX('1_24'!$B$3:$Z$27,MATCH($P2,'1_24'!$A$3:$A$27
    [I_1] col35 IFERROR ЗЁЧЮ: =(IF($B2="DPS",0,IF($Q2="ГЁ",INDEX('1_24'!$B$3:$Z$27,MATCH($W2,'1_24'!$A$3:$A$27,
  [ПЯЗс]

  [5] I_1 ЦЏМі МіНФ МГСЄ...
  [ПЯЗс] (I_1 МіНФРК ИЖНКХЭ ПјКЛ БзДыЗЮ ЛчПы)

  [6] CalculateFull() НЧЧр Сп... (Мі Ка МвПф)
  [ПЯЗс]

  [7] Python С§Аш Ёц СОЧеНЧРћ DП­ СїСЂ БтРд...
    [wb1 zoneКА ЧЅСиНУАЃ(min)] {'H-I': 1443.6, 'C-D': 2918.6, 'A-P': 1815.4, 'DPS': 3706.5, 'E-F': 1089.6, 'J-K': 953.4, 'L': 196.5, 'B': 117.3, 'L/S': 207.6}
    [wb2 zoneКА ЧЅСиНУАЃ(min)] {'M-N': 2009.6, 'S': 971.2, 'W': 388.1, 'R': 514.1}
    [D_1 M-N] Чр=2962, MНУРл=132ШИ, ASЧе=2009.6min(33.493hr), AUЧе=2009.6min(33.493hr), AS=0Чр=0
      ФУЗГЧе: AE=23.80, AF=16.60, AG=6.83, AH=26.56, AI=10.08, AJ=0.53, AK=105.03, AL=196.44, AM=31.70, AN=320.67, AO=576.58, AP=320.67, AQ=40.04, AR=334.07
    [D_1 S] Чр=1592, MНУРл=96ШИ, ASЧе=971.2min(16.186hr), AUЧе=971.2min(16.186hr), AS=0Чр=0
      ФУЗГЧе: AE=20.32, AF=12.59, AH=52.20, AI=8.69, AK=20.34, AL=51.62, AM=152.86, AN=142.40, AO=107.20, AP=142.40, AQ=29.12, AR=231.44
    [D_1 ФУЗГ СјДм РњРх] C:\Users\РЬЙЎНТ\Desktop\PJ_Л§ЛъМКСіЧЅ\data\temp\d1_col_diag_2026-06-08.json

    [I_1 zoneКА СјДм]
      [H-I] Чр=1386, MНУРл=121ШИ, ASЧе=1331.2min(22.187hr), AUЧе=1443.6min(24.060hr), AKЧе=84.44min, AS=0Чр=0, AKКёжУЛљЧУ=[0.065, 0.065, 0.19499999999999998, 0.19499999999999998, 0.11666666666666667]
        VП­ЛљЧУ(УГРН5Чр): [107.0, 110.0, 116.0, 104.0, 114.0]
        UП­ЛљЧУ(УГРН5Чр): ['I', 'I', 'I', 'H', 'I']
      [C-D] Чр=3646, MНУРл=150ШИ, ASЧе=2905.8min(48.429hr), AUЧе=2918.6min(48.644hr), AKЧе=188.84min, AS=0Чр=0, AKКёжУЛљЧУ=[0.065, 0.065, 0.225, 0.15333333333333332, 0.11666666666666667]
        VП­ЛљЧУ(УГРН5Чр): [101.0, 103.0, 104.0, 104.0, 104.0]
      [A-P] Чр=1937, MНУРл=175ШИ, ASЧе=1940.6min(32.344hr), AUЧе=1815.4min(30.257hr), AKЧе=118.36min, AS=0Чр=0, AKКёжУЛљЧУ=[0.19499999999999998, 0.19499999999999998, 0.065, 0.15333333333333332, 0.15333333333333332]
        VП­ЛљЧУ(УГРН5Чр): [103.0, 116.0, 108.0, 108.0, 109.0]
      [DPS] Чр=1649, MНУРл=1031ШИ, ASЧе=3706.5min(61.775hr), AUЧе=3706.5min(61.775hr), AKЧе=399.25min, AS=0Чр=0, AKКёжУЛљЧУ=[0.44333333333333336, 0.06333333333333332, 0.12666666666666665, 0.7599999999999999, 0.06333333333333332]
        VП­ЛљЧУ(УГРН5Чр): [315.0, 301.0, 304.0, 307.0, 332.0]
        UП­ЛљЧУ(УГРН5Чр): ['P', 'P', 'P', 'P', 'P']
        HП­ЛљЧУ(УГРН5Чр): [202606050545.0, 202606050545.0, 202606050545.0, 202606050545.0, 202606050545.0]
        JП­ЛљЧУ(УГРН5Чр): ['DPS', 'DPS', 'DPS', 'DPS', 'DPS']
        DPS АэРЏHМі=120
        DPS П­КАЧе(AD~AR): AD=405.53, AE=453.97, AG=405.53, AH=470.06, AK=399.25, AO=98.30, AP=20.15, AQ=515.50, AR=938.21

    [DU_1 R zone СјДм]
      ИЖСіИЗЧр(511) AUМіНФ: '=IF($G511&$H511&$J511=$G512&$H512&$J512,0,$AT511)'
      ИЖСіИЗЧр(511) AKМіНФ: '=IFERROR((IF($J511="DPS",IF($I510=$I511,INDEX(DPS!$B$3:$AF$33,MATCH($V510,DPS!$A$3:$A$33,0),MATCH($V511,DPS!$B$2:$AF$2,0)),0),IF($U511="P",IF($G510=$G511,INDEX('101_MN'!$C$3:$AK$37,MATCH($V510,'101_MN'!$B$3:$B$37,0),MATCH($V511,'101_MN'!$C$2:$AK$2,0)),0),IF($G510=$G511,INDEX('101_ABCDJ'!$C$3:$T$20,MATCH($V510,'101_ABCDJ'!$B$3:$B$20,0),MATCH($V511,'101_ABCDJ'!$C$2:$T$2,0)),0))))/60,0)'
      R zone: КёжУ AUЧр=133, Че=514.13min, ЛљЧУ=[3.334833333333333, 3.2965, 3.5498333333333334, 5.2781666666666665, 3.1098333333333334]
      W zone: КёжУ AUЧр=108, Че=388.13min, ЛљЧУ=[3.608833333333333, 3.373166666666666, 3.4314999999999998, 3.4565, 3.3614999999999995]
      R zone VП­(ЗЂЙјШЃ) ЛљЧУ: [105.0, 102.0, 104.0, 101.0, 101.0, 101.0, 101.0, 101.0, 102.0, 101.0]
      R zone УГРН10Чр AK(37)=[0.0, 0.065, 0.065, 0.11666666666666667, 0.0, 0.0, 0.0, 0.0, 0.065, 0.065]
      R zone УГРН10Чр AS(45)=[3.334833333333333, 3.2965, 3.5498333333333334, 5.2781666666666665, 3.1098333333333334, 2.968166666666667, 3.1014999999999997, 0.8573333333333333, 0.5806666666666667, 2.8631666666666664]
      R zone УГРН10Чр AT(46)=[3.334833333333333, 3.2965, 3.5498333333333334, 5.2781666666666665, 3.1098333333333334, 2.968166666666667, 3.1014999999999997, 0.8573333333333333, 0.5806666666666667, 2.8631666666666664]
  [ПЯЗс] (СОЧеНЧРћ=ЧЧХЗНЧРћ SUMIF АцЗЮ ЛчПы, PythonАЊРК СјДмПы)

  [СОЧеНЧРћ DП­ - БтСиСЄКИ1_ИЖНКХЭ]
  zone       ЧЅСи(hr)      НЧРћ(hr)        БтСи      ПРТї%
  --------------------------------------------------
  H-I       24.0598     47.3871   24.0598    0.00% OK
  C-D       48.6436     77.3806   48.6436    0.00% OK
  A-P       30.2567     45.0440   30.2567    0.00% OK
  DPS       61.7750     58.2020   61.6895    0.14% OK
  E-F       18.1599     21.3385   18.1599    0.00% OK
  J-K       15.8896     18.3149   15.8896    0.00% OK
  L          3.2744      3.8376    3.2653    0.28% OK
  B          1.9556      2.2901    1.9556    0.00% OK
  L/S        3.4598      3.6414    3.4598    0.00% OK

  [СОЧеНЧРћ DП­ - БтСиСЄКИ2_ИЖНКХЭ]
  zone       ЧЅСи(hr)      НЧРћ(hr)        БтСи      ПРТї%
  --------------------------------------------------
  M-N       33.4931     61.4385   33.3281    0.50% OK
  S         16.1863     11.0184   16.3061    0.73% OK
  W          6.4689      7.2431    6.4689    0.00% OK
  R          8.5688      8.6731    8.5688    0.00% OK

  [ЧЧХЗНЧРћ РлОїРкКА] 91Иэ УпУт Ёц workers_2026-06-08.json
  [СОЧеНЧРћ БИПЊКА] 13БИПЊ УпУт Ёц zones_2026-06-08.json

  [УжСО АсАњ]
    H-I   : ЧЅСи=24.0598hr  НЧРћ=47.3871hr  (БтСи:24.0598  ПРТї:0.00%)
    C-D   : ЧЅСи=48.6436hr  НЧРћ=77.3806hr  (БтСи:48.6436  ПРТї:0.00%)
    A-P   : ЧЅСи=30.2567hr  НЧРћ=45.0440hr  (БтСи:30.2567  ПРТї:0.00%)
    DPS   : ЧЅСи=61.7750hr  НЧРћ=58.2020hr  (БтСи:61.6895  ПРТї:0.14%)
    E-F   : ЧЅСи=18.1599hr  НЧРћ=21.3385hr  (БтСи:18.1599  ПРТї:0.00%)
    J-K   : ЧЅСи=15.8896hr  НЧРћ=18.3149hr  (БтСи:15.8896  ПРТї:0.00%)
    L     : ЧЅСи=3.2744hr  НЧРћ=3.8376hr  (БтСи:3.2653  ПРТї:0.28%)
    B     : ЧЅСи=1.9556hr  НЧРћ=2.2901hr  (БтСи:1.9556  ПРТї:0.00%)
    L/S   : ЧЅСи=3.4598hr  НЧРћ=3.6414hr  (БтСи:3.4598  ПРТї:0.00%)
    M-N   : ЧЅСи=33.4931hr  НЧРћ=61.4385hr  (БтСи:33.3281  ПРТї:0.50%)
    S     : ЧЅСи=16.1863hr  НЧРћ=11.0184hr  (БтСи:16.3061  ПРТї:0.73%)
    W     : ЧЅСи=6.4689hr  НЧРћ=7.2431hr  (БтСи:6.4689  ПРТї:0.00%)
    R     : ЧЅСи=8.5688hr  НЧРћ=8.6731hr  (БтСи:8.5688  ПРТї:0.00%)
  [АсАњ РњРх] C:\Users\РЬЙЎНТ\Desktop\PJ_Л§ЛъМКСіЧЅ\data\temp\result_2026-06-08.json

  DB РћРч Сп: 13АГ...
  [ПЯЗс] DB РћРч ПЯЗс

================================================================
АЫСѕ [2026-06-08] ЧЅСи/БнОз/ЙкНК ЁО1%, НЧРћ ЁО3%  (O=ХыАњ X=НЧЦа)
  zone         ЧЅСи       БнОз       ЙкНК        НЧРћ
  ------------------------------------------------------
  A-P      O 0.0%   O 0.0%   O 0.0%    O 0.0%
  B        O 0.0%   O 0.0%   O 0.0%    O 0.0%
  C-D      O 0.0%   O 0.0%   O 0.0%    O 0.0%
  DPS      O 0.1%   O 0.0%   O 0.0%    O 0.1%
  E-F      O 0.0%   O 0.0%   O 0.0%    O 0.0%
  H-I      O 0.0%   O 0.0%   O 0.0%    O 0.0%
  J-K      O 0.0%   O 0.0%   O 0.0%    O 0.0%
  L        O 0.3%   O 0.0%   O 0.0%    O 0.2%
  L/S      O 0.0%   O 0.0%   O 0.0%    O 0.0%
  M-N      O 0.5%   O 0.0%   O 0.0%    O 0.2%
  R        O 0.0%   X17.7%   O 0.0%    O 0.0%
  S        O 0.7%   O 0.0%   O 0.0%    O 1.8%
  W        O 0.0%   O 0.8%   O 0.0%    O 0.0%
  ======================================================
  РЯКЮ FAIL
