
============================================================
УГИЎ ГЏТЅ: 2026-06-12
============================================================

  [KGA-1] raw data ЧЪХЭИЕ...
  [ЦлНУНК] ЦлНУНК_0612.xlsx
    ЧЪХЭ ШФ 3098Чр
  [РЯЗы] РЯЗы_0612_0613.xlsx
    ЧЪХЭ ШФ 10776Чр
  [ЕЅНКФП] ЕЅНКФП_0612_0613.xlsx
    ЧЪХЭ ШФ 5897Чр
  [3PL] 3PL_0612.xlsx
    ЧЪХЭ ШФ 325Чр
    [ЦлНУНК] РхРчПЯ GБИПЊ 5Чр Ёц K-115-00 КЏАц

  [KGA-2] АЁЕПЗќ-ЗЮЕЅРЬХЭ ЦФРЯ КЙЛч...
    КЙЛч ПЯЗс: tmp_kga1.xlsx
    КЙЛч ПЯЗс: tmp_kga2.xlsx

  [KGA-3] RAW DATA НУЦЎ ОїЕЅРЬЦЎ...
    [ЦлНУНК RAW DATA] 3098Чр РдЗТ
    [РЯЗы RAW DATA] 10776Чр РдЗТ
    [ЕЅНКФП RAW DATA] 5897Чр РдЗТ
    [3PL RAW DATA] 325Чр РдЗТ

  [KGA-4] CalculateFull() НЧЧр Сп...
  [ПЯЗс]

  [KGA-5] ЕЅРЬХЭСЄИЎ,АшЛъ РаБт...
    F_1=3098Чр  I_1=10776Чр  D_1=5897Чр  DU_1=325Чр

  [zoneКА Чр Мі]
    F_1(ЦлНУНК): Уб 3098Чр
      B: 81
      E-F: 1490
      J-K: 1020
      L: 174
      L/S: 333
    I_1(РЯЗы): Уб 10776Чр
      A-P: 1979
      C-D: 3833
      DPS: 3010
      H-I: 1954
    D_1(ЕЅНКФП): Уб 5897Чр
      M-N: 3713
      S: 2184
    DU_1(3PL): Уб 325Чр
      R: 109
      W: 216

  [1] Excel П­Бт...
  [ПЯЗс]

  [2] ЧЧХЗНЧРћ CП­ ОїЕЅРЬЦЎ...
      [H-I] 12Иэ (ННЗд 50Чр)
      [C-D] 17Иэ (ННЗд 50Чр)
      [A-P] 24Иэ (ННЗд 50Чр)
      [DPS] 1Иэ (ННЗд 50Чр)
      [E-F] 12Иэ (ННЗд 50Чр)
      [J-K] 11Иэ (ННЗд 50Чр)
      [L] 2Иэ (ННЗд 50Чр)
      [B] 1Иэ (ННЗд 50Чр)
      [L/S] 1Иэ (ННЗд 50Чр)
      [M-N] 19Иэ (ННЗд 50Чр)
      [S] 4Иэ (ННЗд 50Чр)
      [W] 4Иэ (ННЗд 50Чр)
      [R] 6Иэ (ННЗд 50Чр)
  [ПЯЗс]

  [3] НУЦЎ ЕЅРЬХЭ ОВБт...
    [F_1] 3098Чр РлМК (C~L, U~AA)
    [I_1] 10776Чр РлМК (C~L, U~AA)
    [D_1] 5897Чр РлМК (C~L, U~AA)
    [DU_1] 325Чр РлМК (C~L, U~AA)
  [ПЯЗс]

  [3.1] ЧЧХЗБнОз(BF/BGП­) БтРд...
  [АјРхЕЕАЁ] Е№НКХЉ ФГНУ ЛчПы (3НУЦЎ)
    [F_1] ЧЧХЗБнОз ЧеАш: 864,477,990Пј
    [I_1] ЧЧХЗБнОз ЧеАш: 763,713,750Пј
    [D_1] ЧЧХЗБнОз ЧеАш: 310,989,620Пј
    [DU_1] ЧЧХЗБнОз ЧеАш: 117,708,558Пј
  [ПЯЗс]

  [4.3] РќУМ НУЦЎ МіНФ ЙќРЇ ШЎРх...
    [F_1] МіНФ ШЎРх КвЧЪПф (РЬЙЬ РќУМ Чр ФПЙі)
    [I_1] МіНФ ШЎРх КвЧЪПф (РЬЙЬ РќУМ Чр ФПЙі)
    [D_1] МіНФ ШЎРх КвЧЪПф (РЬЙЬ РќУМ Чр ФПЙі)
    [DU_1] МіНФ ШЎРх КвЧЪПф (РЬЙЬ РќУМ Чр ФПЙі)
  [ПЯЗс]

  [4.5] D_1/DU_1 ПЁЗЏ МіНФ IFERROR ЗЁЧЮ...
    [D_1] col30 IFERROR ЗЁЧЮ: =(IF($M2="НУРл",INDEX(MNPSWRT!$B$3:$O$16,MATCH($N2,MNPSWRT!$A$3:$A$16,0),MATCH($U2
    [D_1] col31 IFERROR ЗЁЧЮ: =(IF($B2="DPS",IF($M2="НУРл",INDEX(DPS!$B$3:$AF$33,MATCH($O2,DPS!$A$3:$A$33,0),MAT
    [D_1] col32 IFERROR ЗЁЧЮ: =(IF($B2="DPS",0,IF($M2="НУРл",INDEX('1_28'!$B$3:$AD$31,MATCH($P2,'1_28'!$A$3:$A$3
    [D_1] col33 IFERROR ЗЁЧЮ: =(IF($Q2="ГЁ",INDEX(MNPSWRT!$B$3:$O$16,MATCH($U2,MNPSWRT!$A$3:$A$16,0),MATCH($R2,
    [D_1] col34 IFERROR ЗЁЧЮ: =(IF($B2="DPS",IF($Q2="ГЁ",INDEX(DPS!$B$3:$AF$33,MATCH($V2,DPS!$A$3:$A$33,0),MATC
    [D_1] col35 IFERROR ЗЁЧЮ: =(IF($B2="DPS",0,IF($Q2="ГЁ",INDEX('1_28'!$B$3:$AD$31,MATCH($W2,'1_28'!$A$3:$A$31
    [D_1] col36 IFERROR ЗЁЧЮ: =(IF($J2="DPS",IF($G1=$G2,INDEX(MNPSWRT!$B$3:$N$15,MATCH($U1,MNPSWRT!$A$3:$A$15,
    [D_1] col37 IFERROR ЗЁЧЮ: =(IF($J2="DPS",IF($I1=$I2,INDEX(DPS!$B$3:$AF$33,MATCH($V1,DPS!$A$3:$A$33,0),MATC
    [D_1] col38 IFERROR ЗЁЧЮ: =(IF($J2="DPS",0,IF($G2=$G1,INDEX('1_28'!$B$3:$AD$31,MATCH($W2,'1_28'!$A$3:$A$31
    [D_1] col39 IFERROR ЗЁЧЮ: =IF($B2="DPS",0,IF($D1&$G1&$U1&$V1&$W1&$X1=$D2&$G2&$U2&$V2&$W2&$X2,0,IF(ISERROR(
    [D_1] col40 IFERROR ЗЁЧЮ: =IF($B2="DPS",0,IF($B2="TEAM4",IF($D1&$G1&$U1&$V1&$W1&$X1=$D2&$G2&$U2&$V2&$W2&$X
    [D_1] col41 IFERROR ЗЁЧЮ: =IF(OR($B2="DPS",$B2="TEAM4"),VLOOKUP($B2,ЧЧХЗНУАЃ!$A:$B,2,0)*E2,VLOOKUP($U2,ЧЧХЗНУАЃ!$A
    [D_1] col42 IFERROR ЗЁЧЮ: =IF($B2="DPS",IF($D2&$G2&$U2&$V2&$W2&$X2=$D3&$G3&$U3&$V3&$W3&$X3,0,ЧЧХЗНУАЃ!$M$4),IF
    [D_1] col43 IFERROR ЗЁЧЮ: =IF(AND($M2="НУРл",$B2="DPS"),'WAVEАЃ НУАЃ'!$B$3,IF(AND($M2="НУРл",$B2="TEAM4"),'WAVEАЃ 
    [D_1] col44 IFERROR ЗЁЧЮ: =IF(AND($B2="DPS",$Q2="ГЁ",$L2="АцРЮ"),VLOOKUP($B2,'WAVEАЃ НУАЃ'!$W:$X,2,0),IF(AND($B2
    [D_1] col45 IFERROR ЗЁЧЮ: =AD2+AE2+AF2+AG2+AH2+AI2+AJ2+AK2+AL2+AM2+AN2+AO2+AP2+AQ2+AR2
    [DU_1] col30 IFERROR ЗЁЧЮ: =(IF($M2="НУРл",INDEX(MNPSWRT!$B$3:$O$16,MATCH($N2,MNPSWRT!$A$3:$A$16,0),MATCH($U2
    [DU_1] col31 IFERROR ЗЁЧЮ: =(IF($B2="DPS",IF($M2="НУРл",INDEX(DPS!$B$3:$AF$33,MATCH($O2,DPS!$A$3:$A$33,0),MAT
    [DU_1] col32 IFERROR ЗЁЧЮ: =(IF($B2="DPS",0,IF($M2="НУРл",INDEX('1_28'!$B$3:$AD$31,MATCH($P2,'1_28'!$A$3:$A$3
    [DU_1] col33 IFERROR ЗЁЧЮ: =(IF($Q2="ГЁ",INDEX(MNPSWRT!$B$3:$O$16,MATCH($U2,MNPSWRT!$A$3:$A$16,0),MATCH($R2,
    [DU_1] col34 IFERROR ЗЁЧЮ: =(IF($B2="DPS",IF($Q2="ГЁ",INDEX(DPS!$B$3:$AF$33,MATCH($V2,DPS!$A$3:$A$33,0),MATC
    [DU_1] col35 IFERROR ЗЁЧЮ: =(IF($B2="DPS",0,IF($Q2="ГЁ",INDEX('1_28'!$B$3:$AD$31,MATCH($W2,'1_28'!$A$3:$A$31
    [DU_1] col36 IFERROR ЗЁЧЮ: =(IF($J2="DPS",IF($G1=$G2,INDEX(MNPSWRT!$B$3:$O$16,MATCH($U1,MNPSWRT!$A$3:$A$16,
    [DU_1] col37 IFERROR ЗЁЧЮ: =(IF($J2="DPS",IF($I1=$I2,INDEX(DPS!$B$3:$AF$33,MATCH($V1,DPS!$A$3:$A$33,0),MATC
    [DU_1] col38 IFERROR ЗЁЧЮ: =(IF($J2="DPS",0,IF($G2=$G1,INDEX('1_28'!$B$3:$AD$31,MATCH($W2,'1_28'!$A$3:$A$31
    [DU_1] col39 IFERROR ЗЁЧЮ: =IF($B2="DPS",0,IF($D1&$G1&$U1&$V1&$W1&$X1=$D2&$G2&$U2&$V2&$W2&$X2,0,IF(ISERROR(
    [DU_1] col40 IFERROR ЗЁЧЮ: =IF($B2="DPS",0,IF($B2="TEAM4",IF($D1&$G1&$U1&$V1&$W1&$X1=$D2&$G2&$U2&$V2&$W2&$X
    [DU_1] col41 IFERROR ЗЁЧЮ: =IF(OR($B2="DPS",$B2="TEAM4"),VLOOKUP($B2,ЧЧХЗНУАЃ!$A:$B,2,0)*E2,VLOOKUP($U2,ЧЧХЗНУАЃ!$A
    [DU_1] col42 IFERROR ЗЁЧЮ: =IF($B2="DPS",IF($D2&$G2&$U2&$V2&$W2&$X2=$D3&$G3&$U3&$V3&$W3&$X3,0,ЧЧХЗНУАЃ!$M$4),IF
    [DU_1] col43 IFERROR ЗЁЧЮ: =IF(AND($M2="НУРл",$B2="DPS"),'WAVEАЃ НУАЃ'!$B$3,IF(AND($M2="НУРл",$B2="TEAM4"),'WAVEАЃ 
    [DU_1] col44 IFERROR ЗЁЧЮ: =IF(AND($B2="DPS",$Q2="ГЁ",$L2="АцРЮ"),VLOOKUP($B2,'WAVEАЃ НУАЃ'!$W:$X,2,0),IF(AND($B2
    [DU_1] col45 IFERROR ЗЁЧЮ: =AD2+AE2+AF2+AG2+AH2+AI2+AJ2+AK2+AL2+AM2+AN2+AO2+AP2+AQ2+AR2
  [ПЯЗс]

  [4.7] F_1/I_1 bay АХИЎ МіНФ IFERROR ЗЁЧЮ...
    [F_1] col32 IFERROR ЗЁЧЮ: =(IF($B2="DPS",0,IF($M2="НУРл",INDEX('1_24'!$B$3:$Z$27,MATCH($P2,'1_24'!$A$3:$A$27
    [F_1] col35 IFERROR ЗЁЧЮ: =(IF($B2="DPS",0,IF($Q2="ГЁ",INDEX('1_24'!$B$3:$Z$27,MATCH($W2,'1_24'!$A$3:$A$27,
    [F_1] col38 IFERROR ЗЁЧЮ: =(IF($J2="DPS",0,IF($G2=$G1,INDEX('1_24'!$B$3:$Z$27,MATCH($W2,'1_24'!$A$3:$A$27,
    [I_1] col32 IFERROR ЗЁЧЮ: =(IF($B2="DPS",0,IF($M2="НУРл",INDEX('1_24'!$B$3:$Z$27,MATCH($P2,'1_24'!$A$3:$A$27
    [I_1] col35 IFERROR ЗЁЧЮ: =(IF($B2="DPS",0,IF($Q2="ГЁ",INDEX('1_24'!$B$3:$Z$27,MATCH($W2,'1_24'!$A$3:$A$27,
  [ПЯЗс]

  [5] I_1 ЦЏМі МіНФ МГСЄ...
  [ПЯЗс] (I_1 МіНФРК ИЖНКХЭ ПјКЛ БзДыЗЮ ЛчПы)

  [6] CalculateFull() НЧЧр Сп... (Мі Ка МвПф)
  [ПЯЗс]

  [7] Python С§Аш Ёц СОЧеНЧРћ DП­ СїСЂ БтРд...
    [wb1 zoneКА ЧЅСиНУАЃ(min)] {'H-I': 1944.2, 'C-D': 3103.9, 'A-P': 1814.7, 'DPS': 5829.8, 'E-F': 1792.5, 'J-K': 1246.9, 'L': 434.3, 'B': 165.4, 'L/S': 385.9}
    [wb2 zoneКА ЧЅСиНУАЃ(min)] {'M-N': 2385.4, 'S': 1151.0, 'W': 223.2, 'R': 311.1}
    [D_1 M-N] Чр=3713, MНУРл=148ШИ, ASЧе=2385.4min(39.757hr), AUЧе=2385.4min(39.757hr), AS=0Чр=0
      ФУЗГЧе: AE=24.80, AF=19.22, AG=8.40, AH=32.07, AI=11.20, AK=109.72, AL=230.76, AM=31.70, AN=396.93, AO=704.24, AP=396.93, AQ=44.89, AR=374.56
    [D_1 S] Чр=2184, MНУРл=101ШИ, ASЧе=1151.0min(19.183hr), AUЧе=1151.0min(19.183hr), AS=0Чр=0
      ФУЗГЧе: AE=21.63, AF=13.44, AH=55.30, AI=8.76, AK=22.70, AL=68.23, AM=176.88, AN=188.27, AO=133.40, AP=188.27, AQ=30.64, AR=243.49
    [D_1 ФУЗГ СјДм РњРх] C:\Users\РЬЙЎНТ\Desktop\PJ_Л§ЛъМКСіЧЅ\data\temp\d1_col_diag_2026-06-12.json

    [I_1 zoneКА СјДм]
      [H-I] Чр=1954, MНУРл=152ШИ, ASЧе=1755.0min(29.251hr), AUЧе=1944.2min(32.404hr), AKЧе=115.27min, AS=0Чр=0, AKКёжУЛљЧУ=[0.11666666666666667, 0.15333333333333332, 0.11666666666666667, 0.065, 0.065]
        VП­ЛљЧУ(УГРН5Чр): [108.0, 111.0, 105.0, 109.0, 108.0]
        UП­ЛљЧУ(УГРН5Чр): ['I', 'I', 'H', 'I', 'I']
      [C-D] Чр=3833, MНУРл=143ШИ, ASЧе=3071.7min(51.195hr), AUЧе=3103.9min(51.732hr), AKЧе=202.54min, AS=0Чр=0, AKКёжУЛљЧУ=[0.26166666666666666, 0.065, 0.065, 0.065, 0.15333333333333332]
        VП­ЛљЧУ(УГРН5Чр): [115.0, 103.0, 102.0, 103.0, 104.0]
      [A-P] Чр=1979, MНУРл=145ШИ, ASЧе=2036.1min(33.935hr), AUЧе=1814.7min(30.244hr), AKЧе=119.94min, AS=0Чр=0, AKКёжУЛљЧУ=[0.19499999999999998, 0.19499999999999998, 0.065, 0.065, 0.065]
        VП­ЛљЧУ(УГРН5Чр): [110.0, 116.0, 104.0, 105.0, 106.0]
      [DPS] Чр=3010, MНУРл=1591ШИ, ASЧе=5829.8min(97.163hr), AUЧе=5829.8min(97.163hr), AKЧе=711.74min, AS=0Чр=0, AKКёжУЛљЧУ=[0.6333333333333333, 0.12666666666666665, 0.5066666666666667, 0.7599999999999999, 0.5700000000000001]
        VП­ЛљЧУ(УГРН5Чр): [331.0, 331.0, 331.0, 331.0, 312.0]
        UП­ЛљЧУ(УГРН5Чр): ['P', 'P', 'P', 'P', 'P']
        HП­ЛљЧУ(УГРН5Чр): [202606110606.0, 202606110606.0, 202606110606.0, 202606110606.0, 202606110606.0]
        JП­ЛљЧУ(УГРН5Чр): ['DPS', 'DPS', 'DPS', 'DPS', 'DPS']
        DPS АэРЏHМі=154
        DPS П­КАЧе(AD~AR): AD=625.79, AE=707.18, AG=625.79, AH=706.17, AK=711.74, AO=176.90, AP=32.88, AQ=795.50, AR=1447.81

    [DU_1 R zone СјДм]
      ИЖСіИЗЧр(326) AUМіНФ: '=IF($G326&$H326&$J326=$G327&$H327&$J327,0,$AT326)'
      ИЖСіИЗЧр(326) AKМіНФ: '=IFERROR((IF($J326="DPS",IF($I325=$I326,INDEX(DPS!$B$3:$AF$33,MATCH($V325,DPS!$A$3:$A$33,0),MATCH($V326,DPS!$B$2:$AF$2,0)),0),IF($U326="P",IF($G325=$G326,INDEX('101_MN'!$C$3:$AK$37,MATCH($V325,'101_MN'!$B$3:$B$37,0),MATCH($V326,'101_MN'!$C$2:$AK$2,0)),0),IF($G325=$G326,INDEX('101_ABCDJ'!$C$3:$T$20,MATCH($V325,'101_ABCDJ'!$B$3:$B$20,0),MATCH($V326,'101_ABCDJ'!$C$2:$T$2,0)),0))))/60,0)'
      R zone: КёжУ AUЧр=74, Че=311.05min, ЛљЧУ=[3.1014999999999997, 3.1014999999999997, 3.2965, 3.3998333333333335, 3.4848333333333334]
      W zone: КёжУ AUЧр=63, Че=223.21min, ЛљЧУ=[3.3431666666666664, 3.174833333333333, 3.8431666666666664, 3.0331666666666663, 3.2581666666666664]
      R zone VП­(ЗЂЙјШЃ) ЛљЧУ: [101.0, 101.0, 102.0, 105.0, 104.0, 105.0, 102.0, 103.0, 105.0, 102.0]
      R zone УГРН10Чр AK(37)=[0.0, 0.0, 0.065, 0.065, 0.0, 0.0, 0.0, 0.0, 0.065, 0.0]
      R zone УГРН10Чр AS(45)=[3.1014999999999997, 3.1014999999999997, 3.2965, 3.3998333333333335, 3.4848333333333334, 3.4648333333333334, 0.8456666666666667, 0.4773333333333333, 2.9798333333333336, 3.2315]
      R zone УГРН10Чр AT(46)=[3.1014999999999997, 3.1014999999999997, 3.2965, 3.3998333333333335, 3.4848333333333334, 3.4648333333333334, 0.8456666666666667, 0.4773333333333333, 2.9798333333333336, 3.2315]
  [ПЯЗс] (СОЧеНЧРћ=ЧЧХЗНЧРћ SUMIF АцЗЮ ЛчПы, PythonАЊРК СјДмПы)

  [СОЧеНЧРћ DП­ - БтСиСЄКИ1_ИЖНКХЭ]
  zone       ЧЅСи(hr)      НЧРћ(hr)        БтСи      ПРТї%
  --------------------------------------------------
  H-I       32.4042     62.0760   32.4041    0.00% OK
  C-D       51.7323     83.1522   51.7382    0.01% OK
  A-P       30.2443     53.4613   30.2443    0.00% OK
  DPS       97.1628     89.3927   95.6884    1.54% NG
  E-F       29.8744     41.7183   29.8744    0.00% OK
  J-K       20.7815     31.6166   20.7815    0.00% OK
  L          7.2382      7.8782    7.2382    0.00% OK
  B          2.7559      2.3193    2.7559    0.00% OK
  L/S        6.4319      5.8127    6.4319    0.00% OK

  [СОЧеНЧРћ DП­ - БтСиСЄКИ2_ИЖНКХЭ]
  zone       ЧЅСи(hr)      НЧРћ(hr)        БтСи      ПРТї%
  --------------------------------------------------
  M-N       39.7571     66.0162   39.5999    0.40% OK
  S         19.1833     12.7629   19.2881    0.54% OK
  W          3.7202      4.5980    3.7202    0.00% OK
  R          5.1842      5.0825    5.1842    0.00% OK

  [ЧЧХЗНЧРћ РлОїРкКА] 114Иэ УпУт Ёц workers_2026-06-12.json
  [СОЧеНЧРћ БИПЊКА] 13БИПЊ УпУт Ёц zones_2026-06-12.json
    [Д§ЧС] C:\Users\РЬЙЎНТ\Desktop\PJ_Л§ЛъМКСіЧЅ\data\temp\d1_run_2026-06-12.csv

  [УжСО АсАњ]
    H-I   : ЧЅСи=32.4042hr  НЧРћ=62.0760hr  (БтСи:32.4041  ПРТї:0.00%)
    C-D   : ЧЅСи=51.7323hr  НЧРћ=83.1522hr  (БтСи:51.7382  ПРТї:0.01%)
    A-P   : ЧЅСи=30.2443hr  НЧРћ=53.4613hr  (БтСи:30.2443  ПРТї:0.00%)
    DPS   : ЧЅСи=97.1628hr  НЧРћ=89.3927hr  (БтСи:95.6884  ПРТї:1.54%)
    E-F   : ЧЅСи=29.8744hr  НЧРћ=41.7183hr  (БтСи:29.8744  ПРТї:0.00%)
    J-K   : ЧЅСи=20.7815hr  НЧРћ=31.6166hr  (БтСи:20.7815  ПРТї:0.00%)
    L     : ЧЅСи=7.2382hr  НЧРћ=7.8782hr  (БтСи:7.2382  ПРТї:0.00%)
    B     : ЧЅСи=2.7559hr  НЧРћ=2.3193hr  (БтСи:2.7559  ПРТї:0.00%)
    L/S   : ЧЅСи=6.4319hr  НЧРћ=5.8127hr  (БтСи:6.4319  ПРТї:0.00%)
    M-N   : ЧЅСи=39.7571hr  НЧРћ=66.0162hr  (БтСи:39.5999  ПРТї:0.40%)
    S     : ЧЅСи=19.1833hr  НЧРћ=12.7629hr  (БтСи:19.2881  ПРТї:0.54%)
    W     : ЧЅСи=3.7202hr  НЧРћ=4.5980hr  (БтСи:3.7202  ПРТї:0.00%)
    R     : ЧЅСи=5.1842hr  НЧРћ=5.0825hr  (БтСи:5.1842  ПРТї:0.00%)
  [АсАњ РњРх] C:\Users\РЬЙЎНТ\Desktop\PJ_Л§ЛъМКСіЧЅ\data\temp\result_2026-06-12.json

  DB РћРч Сп: 13АГ...
  [ПЯЗс] DB РћРч ПЯЗс

================================================================
АЫСѕ [2026-06-12] ЧЅСи/БнОз/ЙкНК ЁО1%, НЧРћ ЁО3%  (O=ХыАњ X=НЧЦа)
  zone         ЧЅСи       БнОз       ЙкНК        НЧРћ
  ------------------------------------------------------
  A-P      O 0.0%   O 0.0%   O 0.0%    O 0.0%
  B        O 0.0%   O 0.0%   O 0.0%    O 0.0%
  C-D      O 0.0%   O 0.0%   O 0.0%    O 0.0%
  DPS      X 1.5%   O 0.0%   O 0.0%    O 0.5%
  E-F      O 0.0%   O 0.0%   O 0.0%    O 0.0%
  H-I      O 0.0%   O 0.0%   O 0.0%    O 0.0%
  J-K      O 0.0%   O 0.0%   O 0.0%    O 0.0%
  L        O 0.0%   O 0.1%   O 0.0%    O 0.0%
  L/S      O 0.0%   O 0.0%   O 0.0%    O 0.0%
  M-N      O 0.4%   O 0.0%   O 0.0%    O 0.2%
  R        O 0.0%   O 0.0%   O 0.0%    O 0.0%
  S        O 0.5%   O 0.0%   O 0.0%    O 1.6%
  W        O 0.0%   O 0.0%   O 0.0%    O 0.0%
  ======================================================
  РЯКЮ FAIL
