
============================================================
УГИЎ ГЏТЅ: 2026-06-02
============================================================

  [KGA-1] raw data ЧЪХЭИЕ...
  [ЦлНУНК] ЦлНУНК_0602.xlsx
    ЧЪХЭ ШФ 2853Чр
  [РЯЗы] РЯЗы_0602_0604.xlsx
    ЧЪХЭ ШФ 7953Чр
  [ЕЅНКФП] ЕЅНКФП_0602_0604.xlsx
    ЧЪХЭ ШФ 4333Чр
  [3PL] 3PL_0602.xlsx
    ЧЪХЭ ШФ 452Чр
    [ЦлНУНК] РхРчПЯ GБИПЊ 7Чр Ёц K-115-00 КЏАц

  [KGA-2] АЁЕПЗќ-ЗЮЕЅРЬХЭ ЦФРЯ КЙЛч...
    КЙЛч ПЯЗс: tmp_kga1.xlsx
    КЙЛч ПЯЗс: tmp_kga2.xlsx

  [KGA-3] RAW DATA НУЦЎ ОїЕЅРЬЦЎ...
    [ЦлНУНК RAW DATA] 2853Чр РдЗТ
    [РЯЗы RAW DATA] 7953Чр РдЗТ
    [ЕЅНКФП RAW DATA] 4333Чр РдЗТ
    [3PL RAW DATA] 452Чр РдЗТ

  [KGA-4] CalculateFull() НЧЧр Сп...
  [ПЯЗс]

  [KGA-5] ЕЅРЬХЭСЄИЎ,АшЛъ РаБт...
    F_1=2853Чр  I_1=7953Чр  D_1=4333Чр  DU_1=452Чр

  [zoneКА Чр Мі]
    F_1(ЦлНУНК): Уб 2853Чр
      B: 62
      E-F: 1326
      J-K: 985
      L: 141
      L/S: 339
    I_1(РЯЗы): Уб 7953Чр
      A-P: 1860
      C-D: 3053
      DPS: 1571
      H-I: 1469
    D_1(ЕЅНКФП): Уб 4333Чр
      M-N: 3010
      S: 1323
    DU_1(3PL): Уб 452Чр
      R: 145
      W: 307

  [1] Excel П­Бт...
  [ПЯЗс]

  [2] ЧЧХЗНЧРћ CП­ ОїЕЅРЬЦЎ...
      [H-I] 11Иэ (ННЗд 50Чр)
      [C-D] 16Иэ (ННЗд 50Чр)
      [A-P] 21Иэ (ННЗд 50Чр)
      [DPS] 1Иэ (ННЗд 50Чр)
      [E-F] 10Иэ (ННЗд 50Чр)
      [J-K] 11Иэ (ННЗд 50Чр)
      [L] 4Иэ (ННЗд 50Чр)
      [B] 1Иэ (ННЗд 50Чр)
      [L/S] 1Иэ (ННЗд 50Чр)
      [M-N] 12Иэ (ННЗд 50Чр)
      [S] 3Иэ (ННЗд 50Чр)
      [W] 4Иэ (ННЗд 50Чр)
      [R] 6Иэ (ННЗд 50Чр)
  [ПЯЗс]

  [3] НУЦЎ ЕЅРЬХЭ ОВБт...
    [F_1] 2853Чр РлМК (C~L, U~AA)
    [I_1] 7953Чр РлМК (C~L, U~AA)
    [D_1] 4333Чр РлМК (C~L, U~AA)
    [DU_1] 452Чр РлМК (C~L, U~AA)
  [ПЯЗс]

  [3.1] ЧЧХЗБнОз(BF/BGП­) БтРд...
  [АјРхЕЕАЁ] Е№НКХЉ ФГНУ ЛчПы (3НУЦЎ)
    [F_1] ЧЧХЗБнОз ЧеАш: 722,860,010Пј
    [I_1] ЧЧХЗБнОз ЧеАш: 578,163,250Пј
    [D_1] ЧЧХЗБнОз ЧеАш: 270,931,596Пј
    [DU_1] ЧЧХЗБнОз ЧеАш: 215,958,297Пј
  [ПЯЗс]

  [4.3] РќУМ НУЦЎ МіНФ ЙќРЇ ШЎРх...
    [F_1] МіНФ ШЎРх КвЧЪПф (РЬЙЬ РќУМ Чр ФПЙі)
    [I_1] МіНФ ШЎРх КвЧЪПф (РЬЙЬ РќУМ Чр ФПЙі)
    [D_1] МіНФ ШЎРх КвЧЪПф (РЬЙЬ РќУМ Чр ФПЙі)
    [DU_1] МіНФ ШЎРх КвЧЪПф (РЬЙЬ РќУМ Чр ФПЙі)
  [ПЯЗс]

  [4.5] D_1/DU_1 ПЁЗЏ МіНФ IFERROR ЗЁЧЮ...
    [D_1] col30 IFERROR ЗЁЧЮ: =(IF($M2="НУРл",INDEX(MNPSWRT!$B$3:$O$16,MATCH($N2,MNPSWRT!$A$3:$A$16,0),MATCH($U2
    [D_1] col31 IFERROR ЗЁЧЮ: =(IF($B2="DPS",IF($M2="НУРл",INDEX(DPS!$B$3:$AF$33,MATCH($O2,DPS!$A$3:$A$33,0),MAT
    [D_1] col32 IFERROR ЗЁЧЮ: =(IF($B2="DPS",0,IF($M2="НУРл",INDEX('1_28'!$B$3:$AD$31,MATCH($P2,'1_28'!$A$3:$A$3
    [D_1] col33 IFERROR ЗЁЧЮ: =(IF($Q2="ГЁ",INDEX(MNPSWRT!$B$3:$O$16,MATCH($U2,MNPSWRT!$A$3:$A$16,0),MATCH($R2,
    [D_1] col34 IFERROR ЗЁЧЮ: =(IF($B2="DPS",IF($Q2="ГЁ",INDEX(DPS!$B$3:$AF$33,MATCH($V2,DPS!$A$3:$A$33,0),MATC
    [D_1] col35 IFERROR ЗЁЧЮ: =(IF($B2="DPS",0,IF($Q2="ГЁ",INDEX('1_28'!$B$3:$AD$31,MATCH($W2,'1_28'!$A$3:$A$31
    [D_1] col36 IFERROR ЗЁЧЮ: =(IF($J2="DPS",IF($G1=$G2,INDEX(MNPSWRT!$B$3:$N$15,MATCH($U1,MNPSWRT!$A$3:$A$15,
    [D_1] col37 IFERROR ЗЁЧЮ: =(IF($J2="DPS",IF($I1=$I2,INDEX(DPS!$B$3:$AF$33,MATCH($V1,DPS!$A$3:$A$33,0),MATC
    [D_1] col38 IFERROR ЗЁЧЮ: =(IF($J2="DPS",0,IF($G2=$G1,INDEX('1_28'!$B$3:$AD$31,MATCH($W2,'1_28'!$A$3:$A$31
    [D_1] col39 IFERROR ЗЁЧЮ: =IF($B2="DPS",0,IF($D1&$G1&$U1&$V1&$W1&$X1=$D2&$G2&$U2&$V2&$W2&$X2,0,IF(ISERROR(
    [D_1] col40 IFERROR ЗЁЧЮ: =IF($B2="DPS",0,IF($B2="TEAM4",IF($D1&$G1&$U1&$V1&$W1&$X1=$D2&$G2&$U2&$V2&$W2&$X
    [D_1] col41 IFERROR ЗЁЧЮ: =IF(OR($B2="DPS",$B2="TEAM4"),VLOOKUP($B2,ЧЧХЗНУАЃ!$A:$B,2,0)*E2,VLOOKUP($U2,ЧЧХЗНУАЃ!$A
    [D_1] col42 IFERROR ЗЁЧЮ: =IF($B2="DPS",IF($D2&$G2&$U2&$V2&$W2&$X2=$D3&$G3&$U3&$V3&$W3&$X3,0,ЧЧХЗНУАЃ!$M$4),IF
    [D_1] col43 IFERROR ЗЁЧЮ: =IF(AND($M2="НУРл",$B2="DPS"),'WAVEАЃ НУАЃ'!$B$3,IF(AND($M2="НУРл",$B2="TEAM4"),'WAVEАЃ 
    [D_1] col44 IFERROR ЗЁЧЮ: =IF(AND($B2="DPS",$Q2="ГЁ",$L2="АцРЮ"),VLOOKUP($B2,'WAVEАЃ НУАЃ'!$W:$X,2,0),IF(AND($B2
    [D_1] col45 IFERROR ЗЁЧЮ: =AD2+AE2+AF2+AG2+AH2+AI2+AJ2+AK2+AL2+AM2+AN2+AO2+AP2+AQ2+AR2
    [DU_1] col30 IFERROR ЗЁЧЮ: =(IF($M2="НУРл",INDEX(MNPSWRT!$B$3:$O$16,MATCH($N2,MNPSWRT!$A$3:$A$16,0),MATCH($U2
    [DU_1] col31 IFERROR ЗЁЧЮ: =(IF($B2="DPS",IF($M2="НУРл",INDEX(DPS!$B$3:$AF$33,MATCH($O2,DPS!$A$3:$A$33,0),MAT
    [DU_1] col32 IFERROR ЗЁЧЮ: =(IF($B2="DPS",0,IF($M2="НУРл",INDEX('1_28'!$B$3:$AD$31,MATCH($P2,'1_28'!$A$3:$A$3
    [DU_1] col33 IFERROR ЗЁЧЮ: =(IF($Q2="ГЁ",INDEX(MNPSWRT!$B$3:$O$16,MATCH($U2,MNPSWRT!$A$3:$A$16,0),MATCH($R2,
    [DU_1] col34 IFERROR ЗЁЧЮ: =(IF($B2="DPS",IF($Q2="ГЁ",INDEX(DPS!$B$3:$AF$33,MATCH($V2,DPS!$A$3:$A$33,0),MATC
    [DU_1] col35 IFERROR ЗЁЧЮ: =(IF($B2="DPS",0,IF($Q2="ГЁ",INDEX('1_28'!$B$3:$AD$31,MATCH($W2,'1_28'!$A$3:$A$31
    [DU_1] col36 IFERROR ЗЁЧЮ: =(IF($J2="DPS",IF($G1=$G2,INDEX(MNPSWRT!$B$3:$O$16,MATCH($U1,MNPSWRT!$A$3:$A$16,
    [DU_1] col37 IFERROR ЗЁЧЮ: =(IF($J2="DPS",IF($I1=$I2,INDEX(DPS!$B$3:$AF$33,MATCH($V1,DPS!$A$3:$A$33,0),MATC
    [DU_1] col38 IFERROR ЗЁЧЮ: =(IF($J2="DPS",0,IF($G2=$G1,INDEX('1_28'!$B$3:$AD$31,MATCH($W2,'1_28'!$A$3:$A$31
    [DU_1] col39 IFERROR ЗЁЧЮ: =IF($B2="DPS",0,IF($D1&$G1&$U1&$V1&$W1&$X1=$D2&$G2&$U2&$V2&$W2&$X2,0,IF(ISERROR(
    [DU_1] col40 IFERROR ЗЁЧЮ: =IF($B2="DPS",0,IF($B2="TEAM4",IF($D1&$G1&$U1&$V1&$W1&$X1=$D2&$G2&$U2&$V2&$W2&$X
    [DU_1] col41 IFERROR ЗЁЧЮ: =IF(OR($B2="DPS",$B2="TEAM4"),VLOOKUP($B2,ЧЧХЗНУАЃ!$A:$B,2,0)*E2,VLOOKUP($U2,ЧЧХЗНУАЃ!$A
    [DU_1] col42 IFERROR ЗЁЧЮ: =IF($B2="DPS",IF($D2&$G2&$U2&$V2&$W2&$X2=$D3&$G3&$U3&$V3&$W3&$X3,0,ЧЧХЗНУАЃ!$M$4),IF
    [DU_1] col43 IFERROR ЗЁЧЮ: =IF(AND($M2="НУРл",$B2="DPS"),'WAVEАЃ НУАЃ'!$B$3,IF(AND($M2="НУРл",$B2="TEAM4"),'WAVEАЃ 
    [DU_1] col44 IFERROR ЗЁЧЮ: =IF(AND($B2="DPS",$Q2="ГЁ",$L2="АцРЮ"),VLOOKUP($B2,'WAVEАЃ НУАЃ'!$W:$X,2,0),IF(AND($B2
    [DU_1] col45 IFERROR ЗЁЧЮ: =AD2+AE2+AF2+AG2+AH2+AI2+AJ2+AK2+AL2+AM2+AN2+AO2+AP2+AQ2+AR2
  [ПЯЗс]

  [4.7] F_1/I_1 bay АХИЎ МіНФ IFERROR ЗЁЧЮ...
    [F_1] col32 IFERROR ЗЁЧЮ: =(IF($B2="DPS",0,IF($M2="НУРл",INDEX('1_24'!$B$3:$Z$27,MATCH($P2,'1_24'!$A$3:$A$27
    [F_1] col35 IFERROR ЗЁЧЮ: =(IF($B2="DPS",0,IF($Q2="ГЁ",INDEX('1_24'!$B$3:$Z$27,MATCH($W2,'1_24'!$A$3:$A$27,
    [F_1] col38 IFERROR ЗЁЧЮ: =(IF($J2="DPS",0,IF($G2=$G1,INDEX('1_24'!$B$3:$Z$27,MATCH($W2,'1_24'!$A$3:$A$27,
    [I_1] col32 IFERROR ЗЁЧЮ: =(IF($B2="DPS",0,IF($M2="НУРл",INDEX('1_24'!$B$3:$Z$27,MATCH($P2,'1_24'!$A$3:$A$27
    [I_1] col35 IFERROR ЗЁЧЮ: =(IF($B2="DPS",0,IF($Q2="ГЁ",INDEX('1_24'!$B$3:$Z$27,MATCH($W2,'1_24'!$A$3:$A$27,
  [ПЯЗс]

  [5] I_1 ЦЏМі МіНФ МГСЄ...
  [ПЯЗс] (I_1 МіНФРК ИЖНКХЭ ПјКЛ БзДыЗЮ ЛчПы)

  [6] CalculateFull() НЧЧр Сп... (Мі Ка МвПф)
  [ПЯЗс]

  [7] Python С§Аш Ёц СОЧеНЧРћ DП­ СїСЂ БтРд...
    [wb1 zoneКА ЧЅСиНУАЃ(min)] {'H-I': 1341.4, 'C-D': 2355.0, 'A-P': 1707.6, 'DPS': 3421.8, 'E-F': 1991.1, 'J-K': 1138.2, 'L': 349.4, 'B': 138.8, 'L/S': 317.8}
    [wb2 zoneКА ЧЅСиНУАЃ(min)] {'M-N': 2195.6, 'S': 844.4, 'W': 409.4, 'R': 436.2}
    [D_1 M-N] Чр=3010, MНУРл=153ШИ, ASЧе=2195.6min(36.594hr), AUЧе=2195.6min(36.594hr), AS=0Чр=0
      ФУЗГЧе: AE=26.69, AF=22.03, AG=5.78, AH=31.91, AI=13.20, AJ=0.53, AK=108.67, AL=209.33, AM=25.22, AN=331.73, AO=655.19, AP=331.73, AQ=46.41, AR=387.22
    [D_1 S] Чр=1323, MНУРл=89ШИ, ASЧе=844.4min(14.073hr), AUЧе=844.4min(14.073hr), AS=0Чр=0
      ФУЗГЧе: AE=18.49, AF=11.13, AH=48.51, AI=7.39, AK=18.23, AL=46.67, AM=108.00, AN=120.80, AO=102.80, AP=120.80, AQ=27.00, AR=214.56
    [D_1 ФУЗГ СјДм РњРх] C:\Users\РЬЙЎНТ\Desktop\PJ_Л§ЛъМКСіЧЅ\data\temp\d1_col_diag_2026-06-02.json

    [I_1 zoneКА СјДм]
      [H-I] Чр=1469, MНУРл=123ШИ, ASЧе=1283.3min(21.388hr), AUЧе=1341.4min(22.356hr), AKЧе=78.77min, AS=0Чр=0, AKКёжУЛљЧУ=[0.26166666666666666, 0.26166666666666666, 0.15333333333333332, 0.19499999999999998, 0.19499999999999998]
        VП­ЛљЧУ(УГРН5Чр): [113.0, 101.0, 113.0, 114.0, 108.0]
        UП­ЛљЧУ(УГРН5Чр): ['I', 'I', 'I', 'I', 'I']
      [C-D] Чр=3053, MНУРл=122ШИ, ASЧе=2333.1min(38.885hr), AUЧе=2355.0min(39.249hr), AKЧе=144.59min, AS=0Чр=0, AKКёжУЛљЧУ=[0.26166666666666666, 0.065, 0.065, 0.065, 0.065]
        VП­ЛљЧУ(УГРН5Чр): [115.0, 103.0, 103.0, 103.0, 103.0]
      [A-P] Чр=1860, MНУРл=154ШИ, ASЧе=1787.5min(29.792hr), AUЧе=1707.6min(28.460hr), AKЧе=107.62min, AS=0Чр=0, AKКёжУЛљЧУ=[0.065, 0.11666666666666667, 0.065, 0.15333333333333332, 0.065]
        VП­ЛљЧУ(УГРН5Чр): [102.0, 102.0, 103.0, 105.0, 104.0]
      [DPS] Чр=1571, MНУРл=951ШИ, ASЧе=3421.8min(57.031hr), AUЧе=3421.8min(57.031hr), AKЧе=349.03min, AS=0Чр=0, AKКёжУЛљЧУ=[0.2533333333333333, 0.8866666666666665, 0.5700000000000001, 0.06333333333333332, 0.6333333333333333]
        VП­ЛљЧУ(УГРН5Чр): [312.0, 312.0, 303.0, 332.0, 330.0]
        UП­ЛљЧУ(УГРН5Чр): ['P', 'P', 'P', 'P', 'P']
        HП­ЛљЧУ(УГРН5Чр): [202606010381.0, 202606010381.0, 202606010381.0, 202606010381.0, 202606010382.0]
        JП­ЛљЧУ(УГРН5Чр): ['DPS', 'DPS', 'DPS', 'DPS', 'DPS']
        DPS АэРЏHМі=117
        DPS П­КАЧе(AD~AR): AD=374.06, AE=441.24, AG=374.06, AH=427.31, AK=349.03, AO=92.35, AP=18.30, AQ=475.50, AR=869.98

    [DU_1 R zone СјДм]
      ИЖСіИЗЧр(453) AUМіНФ: '=IF($G453&$H453&$J453=$G454&$H454&$J454,0,$AT453)'
      ИЖСіИЗЧр(453) AKМіНФ: '=IFERROR((IF($J453="DPS",IF($I452=$I453,INDEX(DPS!$B$3:$AF$33,MATCH($V452,DPS!$A$3:$A$33,0),MATCH($V453,DPS!$B$2:$AF$2,0)),0),IF($U453="P",IF($G452=$G453,INDEX('101_MN'!$C$3:$AK$37,MATCH($V452,'101_MN'!$B$3:$B$37,0),MATCH($V453,'101_MN'!$C$2:$AK$2,0)),0),IF($G452=$G453,INDEX('101_ABCDJ'!$C$3:$T$20,MATCH($V452,'101_ABCDJ'!$B$3:$B$20,0),MATCH($V453,'101_ABCDJ'!$C$2:$T$2,0)),0))))/60,0)'
      R zone: КёжУ AUЧр=106, Че=436.21min, ЛљЧУ=[3.1014999999999997, 3.1014999999999997, 3.1014999999999997, 3.1014999999999997, 3.2965]
      W zone: КёжУ AUЧр=113, Че=409.37min, ЛљЧУ=[3.5131666666666663, 3.1864999999999997, 3.5348333333333333, 3.4081666666666663, 3.0965]
      R zone VП­(ЗЂЙјШЃ) ЛљЧУ: [101.0, 101.0, 101.0, 101.0, 102.0, 105.0, 105.0, 102.0, 102.0, 101.0]
      R zone УГРН10Чр AK(37)=[0.0, 0.0, 0.0, 0.0, 0.065, 0.065, 0.0, 0.065, 0.0, 0.065]
      R zone УГРН10Чр AS(45)=[3.1014999999999997, 3.1014999999999997, 3.1014999999999997, 3.1014999999999997, 3.2965, 1.0923333333333334, 0.5423333333333333, 2.928166666666667, 0.8456666666666667, 0.40900000000000003]
      R zone УГРН10Чр AT(46)=[3.1014999999999997, 3.1014999999999997, 3.1014999999999997, 3.1014999999999997, 3.2965, 1.0923333333333334, 0.5423333333333333, 2.928166666666667, 0.8456666666666667, 0.40900000000000003]
  [ПЯЗс] (СОЧеНЧРћ=ЧЧХЗНЧРћ SUMIF АцЗЮ ЛчПы, PythonАЊРК СјДмПы)

  [СОЧеНЧРћ DП­ - БтСиСЄКИ1_ИЖНКХЭ]
  zone       ЧЅСи(hr)      НЧРћ(hr)        БтСи      ПРТї%
  --------------------------------------------------
  H-I       22.3562     41.3393   22.3562    0.00% OK
  C-D       39.2492     64.2470   39.2492    0.00% OK
  A-P       28.4598     46.6636   28.4598    0.00% OK
  DPS       57.0306     53.9568   56.9873    0.08% OK
  E-F       33.1843     39.3205   33.1721    0.04% OK
  J-K       18.9705     21.8639   18.9705    0.00% OK
  L          5.8226      6.2180    5.8226    0.00% OK
  B          2.3140      2.0990    2.3140    0.00% OK
  L/S        5.2961      4.9163    5.2961    0.00% OK

  [СОЧеНЧРћ DП­ - БтСиСЄКИ2_ИЖНКХЭ]
  zone       ЧЅСи(hr)      НЧРћ(hr)        БтСи      ПРТї%
  --------------------------------------------------
  M-N       36.5940     63.8494   36.5787    0.04% OK
  S         14.0731      9.7278   14.0731    0.00% OK
  W          6.8228      7.6554    6.8228    0.00% OK
  R          7.2701      7.1023    7.2701    0.00% OK

  [ЧЧХЗНЧРћ РлОїРкКА] 101Иэ УпУт Ёц workers_2026-06-02.json
  [СОЧеНЧРћ БИПЊКА] 13БИПЊ УпУт Ёц zones_2026-06-02.json

  [УжСО АсАњ]
    H-I   : ЧЅСи=22.3562hr  НЧРћ=41.3393hr  (БтСи:22.3562  ПРТї:0.00%)
    C-D   : ЧЅСи=39.2492hr  НЧРћ=64.2470hr  (БтСи:39.2492  ПРТї:0.00%)
    A-P   : ЧЅСи=28.4598hr  НЧРћ=46.6636hr  (БтСи:28.4598  ПРТї:0.00%)
    DPS   : ЧЅСи=57.0306hr  НЧРћ=53.9568hr  (БтСи:56.9873  ПРТї:0.08%)
    E-F   : ЧЅСи=33.1843hr  НЧРћ=39.3205hr  (БтСи:33.1721  ПРТї:0.04%)
    J-K   : ЧЅСи=18.9705hr  НЧРћ=21.8639hr  (БтСи:18.9705  ПРТї:0.00%)
    L     : ЧЅСи=5.8226hr  НЧРћ=6.2180hr  (БтСи:5.8226  ПРТї:0.00%)
    B     : ЧЅСи=2.3140hr  НЧРћ=2.0990hr  (БтСи:2.3140  ПРТї:0.00%)
    L/S   : ЧЅСи=5.2961hr  НЧРћ=4.9163hr  (БтСи:5.2961  ПРТї:0.00%)
    M-N   : ЧЅСи=36.5940hr  НЧРћ=63.8494hr  (БтСи:36.5787  ПРТї:0.04%)
    S     : ЧЅСи=14.0731hr  НЧРћ=9.7278hr  (БтСи:14.0731  ПРТї:0.00%)
    W     : ЧЅСи=6.8228hr  НЧРћ=7.6554hr  (БтСи:6.8228  ПРТї:0.00%)
    R     : ЧЅСи=7.2701hr  НЧРћ=7.1023hr  (БтСи:7.2701  ПРТї:0.00%)
  [АсАњ РњРх] C:\Users\РЬЙЎНТ\Desktop\PJ_Л§ЛъМКСіЧЅ\data\temp\result_2026-06-02.json

  DB РћРч Сп: 13АГ...
  [ПЯЗс] DB РћРч ПЯЗс

================================================================
АЫСѕ [2026-06-02] ЧЅСи/БнОз/ЙкНК ЁО1%, НЧРћ ЁО3%  (O=ХыАњ X=НЧЦа)
  zone         ЧЅСи       БнОз       ЙкНК        НЧРћ
  ------------------------------------------------------
  A-P      O 0.0%   O 0.0%   O 0.0%    O 0.0%
  B        O 0.0%   O 0.0%   O 0.0%    O 0.0%
  C-D      O 0.0%   O 0.0%   O 0.0%    O 0.0%
  DPS      O 0.1%   O 0.0%   O 0.0%    O 0.1%
  E-F      O 0.0%   O 0.0%   O 0.0%    O 0.0%
  H-I      O 0.0%   O 0.0%   O 0.0%    O 0.0%
  J-K      O 0.0%   O 0.0%   O 0.0%    O 0.0%
  L        O 0.0%   O 0.1%   O 0.0%    O 0.0%
  L/S      O 0.0%   O 0.0%   O 0.0%    O 0.0%
  M-N      O 0.0%   O 0.0%   O 0.0%    O 0.0%
  R        O 0.0%   X22.4%   O 0.0%    O 0.0%
  S        O 0.0%   O 0.0%   O 0.0%    O 0.0%
  W        O 0.0%   O 0.6%   O 0.0%    O 0.0%
  ======================================================
  РЯКЮ FAIL
