
============================================================
УГИЎ ГЏТЅ: 2026-06-11
============================================================

  [KGA-1] raw data ЧЪХЭИЕ...
  [ЦлНУНК] ЦлНУНК_0611.xlsx
    ЧЪХЭ ШФ 2629Чр
  [РЯЗы] РЯЗы_0611_0612.xlsx
    ЧЪХЭ ШФ 10669Чр
  [ЕЅНКФП] ЕЅНКФП_0611_0612.xlsx
    ЧЪХЭ ШФ 6170Чр
  [3PL] 3PL_0611.xlsx
    ЧЪХЭ ШФ 662Чр
    [ЦлНУНК] РхРчПЯ GБИПЊ 2Чр Ёц K-115-00 КЏАц

  [KGA-2] АЁЕПЗќ-ЗЮЕЅРЬХЭ ЦФРЯ КЙЛч...
    КЙЛч ПЯЗс: tmp_kga1.xlsx
    КЙЛч ПЯЗс: tmp_kga2.xlsx

  [KGA-3] RAW DATA НУЦЎ ОїЕЅРЬЦЎ...
    [ЦлНУНК RAW DATA] 2629Чр РдЗТ
    [РЯЗы RAW DATA] 10669Чр РдЗТ
    [ЕЅНКФП RAW DATA] 6170Чр РдЗТ
    [3PL RAW DATA] 662Чр РдЗТ

  [KGA-4] CalculateFull() НЧЧр Сп...
  [ПЯЗс]

  [KGA-5] ЕЅРЬХЭСЄИЎ,АшЛъ РаБт...
    F_1=2629Чр  I_1=10669Чр  D_1=6170Чр  DU_1=662Чр

  [zoneКА Чр Мі]
    F_1(ЦлНУНК): Уб 2629Чр
      B: 105
      E-F: 1211
      J-K: 875
      L: 137
      L/S: 301
    I_1(РЯЗы): Уб 10669Чр
      A-P: 2246
      C-D: 4175
      DPS: 2408
      H-I: 1840
    D_1(ЕЅНКФП): Уб 6170Чр
      M-N: 3788
      S: 2382
    DU_1(3PL): Уб 662Чр
      R: 173
      W: 489

  [1] Excel П­Бт...
  [ПЯЗс]

  [2] ЧЧХЗНЧРћ CП­ ОїЕЅРЬЦЎ...
      [H-I] 13Иэ (ННЗд 50Чр)
      [C-D] 17Иэ (ННЗд 50Чр)
      [A-P] 22Иэ (ННЗд 50Чр)
      [DPS] 1Иэ (ННЗд 50Чр)
      [E-F] 9Иэ (ННЗд 50Чр)
      [J-K] 8Иэ (ННЗд 50Чр)
      [L] 8Иэ (ННЗд 50Чр)
      [B] 1Иэ (ННЗд 50Чр)
      [L/S] 1Иэ (ННЗд 50Чр)
      [M-N] 15Иэ (ННЗд 50Чр)
      [S] 5Иэ (ННЗд 50Чр)
      [W] 5Иэ (ННЗд 50Чр)
      [R] 7Иэ (ННЗд 50Чр)
  [ПЯЗс]

  [3] НУЦЎ ЕЅРЬХЭ ОВБт...
    [F_1] 2629Чр РлМК (C~L, U~AA)
    [I_1] 10669Чр РлМК (C~L, U~AA)
    [D_1] 6170Чр РлМК (C~L, U~AA)
    [DU_1] 662Чр РлМК (C~L, U~AA)
  [ПЯЗс]

  [3.1] ЧЧХЗБнОз(BF/BGП­) БтРд...
  [АјРхЕЕАЁ] Е№НКХЉ ФГНУ ЛчПы (3НУЦЎ)
    [F_1] ЧЧХЗБнОз ЧеАш: 753,212,480Пј
    [I_1] ЧЧХЗБнОз ЧеАш: 796,816,585Пј
    [D_1] ЧЧХЗБнОз ЧеАш: 331,486,440Пј
    [DU_1] ЧЧХЗБнОз ЧеАш: 202,331,690Пј
  [ПЯЗс]

  [4.3] РќУМ НУЦЎ МіНФ ЙќРЇ ШЎРх...
    [F_1] МіНФ ШЎРх КвЧЪПф (РЬЙЬ РќУМ Чр ФПЙі)
    [I_1] МіНФ ШЎРх КвЧЪПф (РЬЙЬ РќУМ Чр ФПЙі)
    [D_1] МіНФ ШЎРх КвЧЪПф (РЬЙЬ РќУМ Чр ФПЙі)
    [DU_1] МіНФ ШЎРх КвЧЪПф (РЬЙЬ РќУМ Чр ФПЙі)
  [ПЯЗс]

  [4.5] D_1/DU_1 ПЁЗЏ МіНФ IFERROR ЗЁЧЮ...
    [D_1] col30 IFERROR ЗЁЧЮ: =(IF($M2="НУРл",INDEX(MNPSWRT!$B$3:$O$16,MATCH($N2,MNPSWRT!$A$3:$A$16,0),MATCH($U2
    [D_1] col31 IFERROR ЗЁЧЮ: =(IF($B2="DPS",IF($M2="НУРл",INDEX(DPS!$B$3:$AF$33,MATCH($O2,DPS!$A$3:$A$33,0),MAT
    [D_1] col32 IFERROR ЗЁЧЮ: =(IF($B2="DPS",0,IF($M2="НУРл",INDEX('1_28'!$B$3:$AD$31,MATCH($P2,'1_28'!$A$3:$A$3
    [D_1] col33 IFERROR ЗЁЧЮ: =(IF($Q2="ГЁ",INDEX(MNPSWRT!$B$3:$O$16,MATCH($U2,MNPSWRT!$A$3:$A$16,0),MATCH($R2,
    [D_1] col34 IFERROR ЗЁЧЮ: =(IF($B2="DPS",IF($Q2="ГЁ",INDEX(DPS!$B$3:$AF$33,MATCH($V2,DPS!$A$3:$A$33,0),MATC
    [D_1] col35 IFERROR ЗЁЧЮ: =(IF($B2="DPS",0,IF($Q2="ГЁ",INDEX('1_28'!$B$3:$AD$31,MATCH($W2,'1_28'!$A$3:$A$31
    [D_1] col36 IFERROR ЗЁЧЮ: =(IF($J2="DPS",IF($G1=$G2,INDEX(MNPSWRT!$B$3:$N$15,MATCH($U1,MNPSWRT!$A$3:$A$15,
    [D_1] col37 IFERROR ЗЁЧЮ: =(IF($J2="DPS",IF($I1=$I2,INDEX(DPS!$B$3:$AF$33,MATCH($V1,DPS!$A$3:$A$33,0),MATC
    [D_1] col38 IFERROR ЗЁЧЮ: =(IF($J2="DPS",0,IF($G2=$G1,INDEX('1_28'!$B$3:$AD$31,MATCH($W2,'1_28'!$A$3:$A$31
    [D_1] col39 IFERROR ЗЁЧЮ: =IF($B2="DPS",0,IF($D1&$G1&$U1&$V1&$W1&$X1=$D2&$G2&$U2&$V2&$W2&$X2,0,IF(ISERROR(
    [D_1] col40 IFERROR ЗЁЧЮ: =IF($B2="DPS",0,IF($B2="TEAM4",IF($D1&$G1&$U1&$V1&$W1&$X1=$D2&$G2&$U2&$V2&$W2&$X
    [D_1] col41 IFERROR ЗЁЧЮ: =IF(OR($B2="DPS",$B2="TEAM4"),VLOOKUP($B2,ЧЧХЗНУАЃ!$A:$B,2,0)*E2,VLOOKUP($U2,ЧЧХЗНУАЃ!$A
    [D_1] col42 IFERROR ЗЁЧЮ: =IF($B2="DPS",IF($D2&$G2&$U2&$V2&$W2&$X2=$D3&$G3&$U3&$V3&$W3&$X3,0,ЧЧХЗНУАЃ!$M$4),IF
    [D_1] col43 IFERROR ЗЁЧЮ: =IF(AND($M2="НУРл",$B2="DPS"),'WAVEАЃ НУАЃ'!$B$3,IF(AND($M2="НУРл",$B2="TEAM4"),'WAVEАЃ 
    [D_1] col44 IFERROR ЗЁЧЮ: =IF(AND($B2="DPS",$Q2="ГЁ",$L2="АцРЮ"),VLOOKUP($B2,'WAVEАЃ НУАЃ'!$W:$X,2,0),IF(AND($B2
    [D_1] col45 IFERROR ЗЁЧЮ: =AD2+AE2+AF2+AG2+AH2+AI2+AJ2+AK2+AL2+AM2+AN2+AO2+AP2+AQ2+AR2
    [DU_1] col30 IFERROR ЗЁЧЮ: =(IF($M2="НУРл",INDEX(MNPSWRT!$B$3:$O$16,MATCH($N2,MNPSWRT!$A$3:$A$16,0),MATCH($U2
    [DU_1] col31 IFERROR ЗЁЧЮ: =(IF($B2="DPS",IF($M2="НУРл",INDEX(DPS!$B$3:$AF$33,MATCH($O2,DPS!$A$3:$A$33,0),MAT
    [DU_1] col32 IFERROR ЗЁЧЮ: =(IF($B2="DPS",0,IF($M2="НУРл",INDEX('1_28'!$B$3:$AD$31,MATCH($P2,'1_28'!$A$3:$A$3
    [DU_1] col33 IFERROR ЗЁЧЮ: =(IF($Q2="ГЁ",INDEX(MNPSWRT!$B$3:$O$16,MATCH($U2,MNPSWRT!$A$3:$A$16,0),MATCH($R2,
    [DU_1] col34 IFERROR ЗЁЧЮ: =(IF($B2="DPS",IF($Q2="ГЁ",INDEX(DPS!$B$3:$AF$33,MATCH($V2,DPS!$A$3:$A$33,0),MATC
    [DU_1] col35 IFERROR ЗЁЧЮ: =(IF($B2="DPS",0,IF($Q2="ГЁ",INDEX('1_28'!$B$3:$AD$31,MATCH($W2,'1_28'!$A$3:$A$31
    [DU_1] col36 IFERROR ЗЁЧЮ: =(IF($J2="DPS",IF($G1=$G2,INDEX(MNPSWRT!$B$3:$O$16,MATCH($U1,MNPSWRT!$A$3:$A$16,
    [DU_1] col37 IFERROR ЗЁЧЮ: =(IF($J2="DPS",IF($I1=$I2,INDEX(DPS!$B$3:$AF$33,MATCH($V1,DPS!$A$3:$A$33,0),MATC
    [DU_1] col38 IFERROR ЗЁЧЮ: =(IF($J2="DPS",0,IF($G2=$G1,INDEX('1_28'!$B$3:$AD$31,MATCH($W2,'1_28'!$A$3:$A$31
    [DU_1] col39 IFERROR ЗЁЧЮ: =IF($B2="DPS",0,IF($D1&$G1&$U1&$V1&$W1&$X1=$D2&$G2&$U2&$V2&$W2&$X2,0,IF(ISERROR(
    [DU_1] col40 IFERROR ЗЁЧЮ: =IF($B2="DPS",0,IF($B2="TEAM4",IF($D1&$G1&$U1&$V1&$W1&$X1=$D2&$G2&$U2&$V2&$W2&$X
    [DU_1] col41 IFERROR ЗЁЧЮ: =IF(OR($B2="DPS",$B2="TEAM4"),VLOOKUP($B2,ЧЧХЗНУАЃ!$A:$B,2,0)*E2,VLOOKUP($U2,ЧЧХЗНУАЃ!$A
    [DU_1] col42 IFERROR ЗЁЧЮ: =IF($B2="DPS",IF($D2&$G2&$U2&$V2&$W2&$X2=$D3&$G3&$U3&$V3&$W3&$X3,0,ЧЧХЗНУАЃ!$M$4),IF
    [DU_1] col43 IFERROR ЗЁЧЮ: =IF(AND($M2="НУРл",$B2="DPS"),'WAVEАЃ НУАЃ'!$B$3,IF(AND($M2="НУРл",$B2="TEAM4"),'WAVEАЃ 
    [DU_1] col44 IFERROR ЗЁЧЮ: =IF(AND($B2="DPS",$Q2="ГЁ",$L2="АцРЮ"),VLOOKUP($B2,'WAVEАЃ НУАЃ'!$W:$X,2,0),IF(AND($B2
    [DU_1] col45 IFERROR ЗЁЧЮ: =AD2+AE2+AF2+AG2+AH2+AI2+AJ2+AK2+AL2+AM2+AN2+AO2+AP2+AQ2+AR2
  [ПЯЗс]

  [4.7] F_1/I_1 bay АХИЎ МіНФ IFERROR ЗЁЧЮ...
    [F_1] col32 IFERROR ЗЁЧЮ: =(IF($B2="DPS",0,IF($M2="НУРл",INDEX('1_24'!$B$3:$Z$27,MATCH($P2,'1_24'!$A$3:$A$27
    [F_1] col35 IFERROR ЗЁЧЮ: =(IF($B2="DPS",0,IF($Q2="ГЁ",INDEX('1_24'!$B$3:$Z$27,MATCH($W2,'1_24'!$A$3:$A$27,
    [F_1] col38 IFERROR ЗЁЧЮ: =(IF($J2="DPS",0,IF($G2=$G1,INDEX('1_24'!$B$3:$Z$27,MATCH($W2,'1_24'!$A$3:$A$27,
    [I_1] col32 IFERROR ЗЁЧЮ: =(IF($B2="DPS",0,IF($M2="НУРл",INDEX('1_24'!$B$3:$Z$27,MATCH($P2,'1_24'!$A$3:$A$27
    [I_1] col35 IFERROR ЗЁЧЮ: =(IF($B2="DPS",0,IF($Q2="ГЁ",INDEX('1_24'!$B$3:$Z$27,MATCH($W2,'1_24'!$A$3:$A$27,
  [ПЯЗс]

  [5] I_1 ЦЏМі МіНФ МГСЄ...
  [ПЯЗс] (I_1 МіНФРК ИЖНКХЭ ПјКЛ БзДыЗЮ ЛчПы)

  [6] CalculateFull() НЧЧр Сп... (Мі Ка МвПф)
  [ПЯЗс]

  [7] Python С§Аш Ёц СОЧеНЧРћ DП­ СїСЂ БтРд...
    [wb1 zoneКА ЧЅСиНУАЃ(min)] {'H-I': 1882.4, 'C-D': 3410.2, 'A-P': 1945.9, 'DPS': 5222.9, 'E-F': 1866.1, 'J-K': 1096.5, 'L': 478.5, 'B': 193.0, 'L/S': 381.8}
    [wb2 zoneКА ЧЅСиНУАЃ(min)] {'M-N': 2424.0, 'S': 1228.4, 'W': 384.1, 'R': 492.4}
    [D_1 M-N] Чр=3788, MНУРл=157ШИ, ASЧе=2424.0min(40.400hr), AUЧе=2424.0min(40.400hr), AS=0Чр=0
      ФУЗГЧе: AE=25.32, AF=23.69, AG=6.83, AH=34.65, AI=14.59, AJ=0.53, AK=112.40, AL=228.85, AM=33.36, AN=379.47, AO=739.88, AP=379.47, AQ=47.62, AR=397.34
    [D_1 S] Чр=2382, MНУРл=118ШИ, ASЧе=1228.4min(20.473hr), AUЧе=1228.4min(20.473hr), AS=0Чр=0
      ФУЗГЧе: AE=24.85, AF=15.14, AH=64.08, AI=9.52, AK=24.97, AL=72.18, AM=175.98, AN=186.93, AO=147.55, AP=186.93, AQ=35.79, AR=284.48
    [D_1 ФУЗГ СјДм РњРх] C:\Users\РЬЙЎНТ\Desktop\PJ_Л§ЛъМКСіЧЅ\data\temp\d1_col_diag_2026-06-11.json

    [I_1 zoneКА СјДм]
      [H-I] Чр=1840, MНУРл=151ШИ, ASЧе=1751.8min(29.197hr), AUЧе=1882.4min(31.374hr), AKЧе=103.48min, AS=0Чр=0, AKКёжУЛљЧУ=[0.15333333333333332, 0.225, 0.065, 0.19, 0.19]
        VП­ЛљЧУ(УГРН5Чр): [109.0, 110.0, 103.0, 113.0, 111.0]
        UП­ЛљЧУ(УГРН5Чр): ['I', 'I', 'I', 'I', 'I']
      [C-D] Чр=4175, MНУРл=140ШИ, ASЧе=3345.8min(55.763hr), AUЧе=3410.2min(56.836hr), AKЧе=196.06min, AS=0Чр=0, AKКёжУЛљЧУ=[0.19499999999999998, 0.065, 0.065, 0.065, 0.19]
        VП­ЛљЧУ(УГРН5Чр): [116.0, 102.0, 103.0, 104.0, 104.0]
      [A-P] Чр=2246, MНУРл=148ШИ, ASЧе=2140.9min(35.681hr), AUЧе=1945.9min(32.431hr), AKЧе=126.42min, AS=0Чр=0, AKКёжУЛљЧУ=[0.065, 0.19499999999999998, 0.19499999999999998, 0.11666666666666667, 0.065]
        VП­ЛљЧУ(УГРН5Чр): [101.0, 102.0, 102.0, 116.0, 105.0]
      [DPS] Чр=2408, MНУРл=1459ШИ, ASЧе=5222.9min(87.049hr), AUЧе=5222.9min(87.049hr), AKЧе=517.50min, AS=0Чр=0, AKКёжУЛљЧУ=[0.5700000000000001, 0.6333333333333333, 0.6966666666666667, 0.06333333333333332, 0.06333333333333332]
        VП­ЛљЧУ(УГРН5Чр): [332.0, 313.0, 334.0, 334.0, 333.0]
        UП­ЛљЧУ(УГРН5Чр): ['P', 'P', 'P', 'P', 'P']
        HП­ЛљЧУ(УГРН5Чр): [202606110031.0, 202606110031.0, 202606110031.0, 202606110031.0, 202606110031.0]
        JП­ЛљЧУ(УГРН5Чр): ['DPS', 'DPS', 'DPS', 'DPS', 'DPS']
        DPS АэРЏHМі=153
        DPS П­КАЧе(AD~AR): AD=573.87, AE=645.87, AG=573.87, AH=670.26, AK=517.50, AO=155.85, AP=28.53, AQ=729.50, AR=1327.69

    [DU_1 R zone СјДм]
      ИЖСіИЗЧр(663) AUМіНФ: '=IF($G663&$H663&$J663=$G664&$H664&$J664,0,$AT663)'
      ИЖСіИЗЧр(663) AKМіНФ: '=IFERROR((IF($J663="DPS",IF($I662=$I663,INDEX(DPS!$B$3:$AF$33,MATCH($V662,DPS!$A$3:$A$33,0),MATCH($V663,DPS!$B$2:$AF$2,0)),0),IF($U663="P",IF($G662=$G663,INDEX('101_MN'!$C$3:$AK$37,MATCH($V662,'101_MN'!$B$3:$B$37,0),MATCH($V663,'101_MN'!$C$2:$AK$2,0)),0),IF($G662=$G663,INDEX('101_ABCDJ'!$C$3:$T$20,MATCH($V662,'101_ABCDJ'!$B$3:$B$20,0),MATCH($V663,'101_ABCDJ'!$C$2:$T$2,0)),0))))/60,0)'
      R zone: КёжУ AUЧр=120, Че=492.36min, ЛљЧУ=[3.434833333333333, 3.2681666666666667, 3.1014999999999997, 3.4515, 3.3331666666666666]
      W zone: КёжУ AUЧр=111, Че=384.10min, ЛљЧУ=[3.3381666666666665, 3.4165, 3.4565, 3.7731666666666666, 3.4565]
      R zone VП­(ЗЂЙјШЃ) ЛљЧУ: [104.0, 101.0, 101.0, 105.0, 101.0, 101.0, 102.0, 101.0, 101.0, 101.0]
      R zone УГРН10Чр AK(37)=[0.0, 0.11666666666666667, 0.0, 0.11666666666666667, 0.11666666666666667, 0.0, 0.065, 0.065, 0.0, 0.0]
      R zone УГРН10Чр AS(45)=[3.434833333333333, 3.2681666666666667, 3.1014999999999997, 3.4515, 3.3331666666666666, 3.1398333333333333, 3.2965, 3.4545, 2.834833333333333, 2.968166666666667]
      R zone УГРН10Чр AT(46)=[3.434833333333333, 3.2681666666666667, 3.1014999999999997, 3.4515, 3.3331666666666666, 3.1398333333333333, 3.2965, 3.4545, 2.834833333333333, 2.968166666666667]
  [ПЯЗс] (СОЧеНЧРћ=ЧЧХЗНЧРћ SUMIF АцЗЮ ЛчПы, PythonАЊРК СјДмПы)

  [СОЧеНЧРћ DП­ - БтСиСЄКИ1_ИЖНКХЭ]
  zone       ЧЅСи(hr)      НЧРћ(hr)        БтСи      ПРТї%
  --------------------------------------------------
  H-I       31.3740     63.4615   31.3740    0.00% OK
  C-D       56.8362     97.9116   56.8565    0.04% OK
  A-P       32.4312     54.8982   32.4312    0.00% OK
  DPS       87.0491     82.1825   86.9581    0.10% OK
  E-F       31.1024     35.4619   31.1024    0.00% OK
  J-K       18.2748     24.9333   18.2566    0.10% OK
  L          7.9756      8.3734    7.9756    0.00% OK
  B          3.2166      2.6359    3.2166    0.00% OK
  L/S        6.3628      5.6245    6.3628    0.00% OK

  [СОЧеНЧРћ DП­ - БтСиСЄКИ2_ИЖНКХЭ]
  zone       ЧЅСи(hr)      НЧРћ(hr)        БтСи      ПРТї%
  --------------------------------------------------
  M-N       40.3998     71.2208   40.2882    0.28% OK
  S         20.4735     14.0400   20.5462    0.35% OK
  W          6.4017      7.6018    6.4017    0.00% OK
  R          8.2060      7.9981    8.2060    0.00% OK

  [ЧЧХЗНЧРћ РлОїРкКА] 112Иэ УпУт Ёц workers_2026-06-11.json
  [СОЧеНЧРћ БИПЊКА] 13БИПЊ УпУт Ёц zones_2026-06-11.json

  [УжСО АсАњ]
    H-I   : ЧЅСи=31.3740hr  НЧРћ=63.4615hr  (БтСи:31.3740  ПРТї:0.00%)
    C-D   : ЧЅСи=56.8362hr  НЧРћ=97.9116hr  (БтСи:56.8565  ПРТї:0.04%)
    A-P   : ЧЅСи=32.4312hr  НЧРћ=54.8982hr  (БтСи:32.4312  ПРТї:0.00%)
    DPS   : ЧЅСи=87.0491hr  НЧРћ=82.1825hr  (БтСи:86.9581  ПРТї:0.10%)
    E-F   : ЧЅСи=31.1024hr  НЧРћ=35.4619hr  (БтСи:31.1024  ПРТї:0.00%)
    J-K   : ЧЅСи=18.2748hr  НЧРћ=24.9333hr  (БтСи:18.2566  ПРТї:0.10%)
    L     : ЧЅСи=7.9756hr  НЧРћ=8.3734hr  (БтСи:7.9756  ПРТї:0.00%)
    B     : ЧЅСи=3.2166hr  НЧРћ=2.6359hr  (БтСи:3.2166  ПРТї:0.00%)
    L/S   : ЧЅСи=6.3628hr  НЧРћ=5.6245hr  (БтСи:6.3628  ПРТї:0.00%)
    M-N   : ЧЅСи=40.3998hr  НЧРћ=71.2208hr  (БтСи:40.2882  ПРТї:0.28%)
    S     : ЧЅСи=20.4735hr  НЧРћ=14.0400hr  (БтСи:20.5462  ПРТї:0.35%)
    W     : ЧЅСи=6.4017hr  НЧРћ=7.6018hr  (БтСи:6.4017  ПРТї:0.00%)
    R     : ЧЅСи=8.2060hr  НЧРћ=7.9981hr  (БтСи:8.2060  ПРТї:0.00%)
  [АсАњ РњРх] C:\Users\РЬЙЎНТ\Desktop\PJ_Л§ЛъМКСіЧЅ\data\temp\result_2026-06-11.json

  DB РћРч Сп: 13АГ...
  [ПЯЗс] DB РћРч ПЯЗс

================================================================
АЫСѕ [2026-06-11] ЧЅСи/БнОз/ЙкНК ЁО1%, НЧРћ ЁО3%  (O=ХыАњ X=НЧЦа)
  zone         ЧЅСи       БнОз       ЙкНК        НЧРћ
  ------------------------------------------------------
  A-P      O 0.0%   O 0.0%   O 0.0%    O 0.0%
  B        O 0.0%   O 0.0%   O 0.0%    O 0.0%
  C-D      O 0.0%   O 0.6%   O 0.0%    O 0.0%
  DPS      O 0.1%   O 0.3%   O 0.0%    O 0.1%
  E-F      O 0.0%   O 0.0%   O 0.0%    O 0.0%
  H-I      O 0.0%   O 0.0%   O 0.0%    O 0.0%
  J-K      O 0.1%   O 0.0%   O 0.0%    O 0.0%
  L        O 0.0%   O 0.0%   O 0.0%    O 0.0%
  L/S      O 0.0%   O 0.0%   O 0.0%    O 0.0%
  M-N      O 0.3%   O 0.0%   O 0.0%    O 0.2%
  R        O 0.0%   X28.1%   O 0.0%    O 0.0%
  S        O 0.4%   O 0.0%   O 0.0%    O 0.5%
  W        O 0.0%   X 1.2%   O 0.0%    O 0.0%
  ======================================================
  РЯКЮ FAIL
