
============================================================
처리 날짜: 2026-06-10
============================================================

  [KGA-1] raw data 필터링...
  [퍼시스] 퍼시스_0610.xlsx
    필터 후 1950행
  [일룸] 일룸_0610_0611.xlsx
    필터 후 7829행
  [데스커] 데스커_0610_0611.xlsx
    필터 후 4434행
  [3PL] 3PL_0610.xlsx
    필터 후 504행
    [퍼시스] 장재완 G구역 9행 → K-115-00 변경

  [KGA-2] 가동률-로데이터 파일 복사...
    복사 완료: tmp_kga1.xlsx
    복사 완료: tmp_kga2.xlsx

  [KGA-3] RAW DATA 시트 업데이트...
    [퍼시스 RAW DATA] 1950행 입력
    [일룸 RAW DATA] 7829행 입력
    [데스커 RAW DATA] 4434행 입력
    [3PL RAW DATA] 504행 입력

  [KGA-4] CalculateFull() 실행 중...
  [완료]

  [KGA-5] 데이터정리,계산 읽기...
    F_1=1950행  I_1=7829행  D_1=4434행  DU_1=504행

  [zone별 행 수]
    F_1(퍼시스): 총 1950행
      B: 63
      E-F: 878
      J-K: 659
      L: 151
      L/S: 199
    I_1(일룸): 총 7829행
      A-P: 1669
      C-D: 3031
      DPS: 1599
      H-I: 1530
    D_1(데스커): 총 4434행
      M-N: 2838
      S: 1596
    DU_1(3PL): 총 504행
      R: 134
      W: 370

  [1] Excel 열기...
  [완료]

  [2] 피킹실적 C열 업데이트...
      [H-I] 10명 (슬롯 50행)
      [C-D] 17명 (슬롯 50행)
      [A-P] 23명 (슬롯 50행)
      [DPS] 1명 (슬롯 50행)
      [E-F] 11명 (슬롯 50행)
      [J-K] 10명 (슬롯 50행)
      [L] 9명 (슬롯 50행)
      [B] 1명 (슬롯 50행)
      [L/S] 1명 (슬롯 50행)
      [M-N] 14명 (슬롯 50행)
      [S] 7명 (슬롯 50행)
      [W] 4명 (슬롯 50행)
      [R] 6명 (슬롯 50행)
  [완료]

  [3] 시트 데이터 쓰기...
    [F_1] 1950행 작성 (C~L, U~AA)
    [I_1] 7829행 작성 (C~L, U~AA)
    [D_1] 4434행 작성 (C~L, U~AA)
    [DU_1] 504행 작성 (C~L, U~AA)
  [완료]

  [3.1] 피킹금액(BF/BG열) 기입...
  [공장도가] 디스크 캐시 사용 (3시트)
    [F_1] 피킹금액 합계: 560,171,666원
    [I_1] 피킹금액 합계: 658,161,330원
    [D_1] 피킹금액 합계: 267,566,840원
    [DU_1] 피킹금액 합계: 171,599,421원
  [완료]

  [4.3] 전체 시트 수식 범위 확장...
    [F_1] 수식 확장 불필요 (이미 전체 행 커버)
    [I_1] 수식 확장 불필요 (이미 전체 행 커버)
    [D_1] 수식 확장 불필요 (이미 전체 행 커버)
    [DU_1] 수식 확장 불필요 (이미 전체 행 커버)
  [완료]

  [4.5] D_1/DU_1 에러 수식 IFERROR 래핑...
    [D_1] col30 IFERROR 래핑: =(IF($M2="시작",INDEX(MNPSWRT!$B$3:$O$16,MATCH($N2,MNPSWRT!$A$3:$A$16,0),MATCH($U2
    [D_1] col31 IFERROR 래핑: =(IF($B2="DPS",IF($M2="시작",INDEX(DPS!$B$3:$AF$33,MATCH($O2,DPS!$A$3:$A$33,0),MAT
    [D_1] col32 IFERROR 래핑: =(IF($B2="DPS",0,IF($M2="시작",INDEX('1_28'!$B$3:$AD$31,MATCH($P2,'1_28'!$A$3:$A$3
    [D_1] col33 IFERROR 래핑: =(IF($Q2="끝",INDEX(MNPSWRT!$B$3:$O$16,MATCH($U2,MNPSWRT!$A$3:$A$16,0),MATCH($R2,
    [D_1] col34 IFERROR 래핑: =(IF($B2="DPS",IF($Q2="끝",INDEX(DPS!$B$3:$AF$33,MATCH($V2,DPS!$A$3:$A$33,0),MATC
    [D_1] col35 IFERROR 래핑: =(IF($B2="DPS",0,IF($Q2="끝",INDEX('1_28'!$B$3:$AD$31,MATCH($W2,'1_28'!$A$3:$A$31
    [D_1] col36 IFERROR 래핑: =(IF($J2="DPS",IF($G1=$G2,INDEX(MNPSWRT!$B$3:$N$15,MATCH($U1,MNPSWRT!$A$3:$A$15,
    [D_1] col37 IFERROR 래핑: =(IF($J2="DPS",IF($I1=$I2,INDEX(DPS!$B$3:$AF$33,MATCH($V1,DPS!$A$3:$A$33,0),MATC
    [D_1] col38 IFERROR 래핑: =(IF($J2="DPS",0,IF($G2=$G1,INDEX('1_28'!$B$3:$AD$31,MATCH($W2,'1_28'!$A$3:$A$31
    [D_1] col39 IFERROR 래핑: =IF($B2="DPS",0,IF($D1&$G1&$U1&$V1&$W1&$X1=$D2&$G2&$U2&$V2&$W2&$X2,0,IF(ISERROR(
    [D_1] col40 IFERROR 래핑: =IF($B2="DPS",0,IF($B2="TEAM4",IF($D1&$G1&$U1&$V1&$W1&$X1=$D2&$G2&$U2&$V2&$W2&$X
    [D_1] col41 IFERROR 래핑: =IF(OR($B2="DPS",$B2="TEAM4"),VLOOKUP($B2,피킹시간!$A:$B,2,0)*E2,VLOOKUP($U2,피킹시간!$A
    [D_1] col42 IFERROR 래핑: =IF($B2="DPS",IF($D2&$G2&$U2&$V2&$W2&$X2=$D3&$G3&$U3&$V3&$W3&$X3,0,피킹시간!$M$4),IF
    [D_1] col43 IFERROR 래핑: =IF(AND($M2="시작",$B2="DPS"),'WAVE간 시간'!$B$3,IF(AND($M2="시작",$B2="TEAM4"),'WAVE간 
    [D_1] col44 IFERROR 래핑: =IF(AND($B2="DPS",$Q2="끝",$L2="경인"),VLOOKUP($B2,'WAVE간 시간'!$W:$X,2,0),IF(AND($B2
    [D_1] col45 IFERROR 래핑: =AD2+AE2+AF2+AG2+AH2+AI2+AJ2+AK2+AL2+AM2+AN2+AO2+AP2+AQ2+AR2
    [DU_1] col30 IFERROR 래핑: =(IF($M2="시작",INDEX(MNPSWRT!$B$3:$O$16,MATCH($N2,MNPSWRT!$A$3:$A$16,0),MATCH($U2
    [DU_1] col31 IFERROR 래핑: =(IF($B2="DPS",IF($M2="시작",INDEX(DPS!$B$3:$AF$33,MATCH($O2,DPS!$A$3:$A$33,0),MAT
    [DU_1] col32 IFERROR 래핑: =(IF($B2="DPS",0,IF($M2="시작",INDEX('1_28'!$B$3:$AD$31,MATCH($P2,'1_28'!$A$3:$A$3
    [DU_1] col33 IFERROR 래핑: =(IF($Q2="끝",INDEX(MNPSWRT!$B$3:$O$16,MATCH($U2,MNPSWRT!$A$3:$A$16,0),MATCH($R2,
    [DU_1] col34 IFERROR 래핑: =(IF($B2="DPS",IF($Q2="끝",INDEX(DPS!$B$3:$AF$33,MATCH($V2,DPS!$A$3:$A$33,0),MATC
    [DU_1] col35 IFERROR 래핑: =(IF($B2="DPS",0,IF($Q2="끝",INDEX('1_28'!$B$3:$AD$31,MATCH($W2,'1_28'!$A$3:$A$31
    [DU_1] col36 IFERROR 래핑: =(IF($J2="DPS",IF($G1=$G2,INDEX(MNPSWRT!$B$3:$O$16,MATCH($U1,MNPSWRT!$A$3:$A$16,
    [DU_1] col37 IFERROR 래핑: =(IF($J2="DPS",IF($I1=$I2,INDEX(DPS!$B$3:$AF$33,MATCH($V1,DPS!$A$3:$A$33,0),MATC
    [DU_1] col38 IFERROR 래핑: =(IF($J2="DPS",0,IF($G2=$G1,INDEX('1_28'!$B$3:$AD$31,MATCH($W2,'1_28'!$A$3:$A$31
    [DU_1] col39 IFERROR 래핑: =IF($B2="DPS",0,IF($D1&$G1&$U1&$V1&$W1&$X1=$D2&$G2&$U2&$V2&$W2&$X2,0,IF(ISERROR(
    [DU_1] col40 IFERROR 래핑: =IF($B2="DPS",0,IF($B2="TEAM4",IF($D1&$G1&$U1&$V1&$W1&$X1=$D2&$G2&$U2&$V2&$W2&$X
    [DU_1] col41 IFERROR 래핑: =IF(OR($B2="DPS",$B2="TEAM4"),VLOOKUP($B2,피킹시간!$A:$B,2,0)*E2,VLOOKUP($U2,피킹시간!$A
    [DU_1] col42 IFERROR 래핑: =IF($B2="DPS",IF($D2&$G2&$U2&$V2&$W2&$X2=$D3&$G3&$U3&$V3&$W3&$X3,0,피킹시간!$M$4),IF
    [DU_1] col43 IFERROR 래핑: =IF(AND($M2="시작",$B2="DPS"),'WAVE간 시간'!$B$3,IF(AND($M2="시작",$B2="TEAM4"),'WAVE간 
    [DU_1] col44 IFERROR 래핑: =IF(AND($B2="DPS",$Q2="끝",$L2="경인"),VLOOKUP($B2,'WAVE간 시간'!$W:$X,2,0),IF(AND($B2
    [DU_1] col45 IFERROR 래핑: =AD2+AE2+AF2+AG2+AH2+AI2+AJ2+AK2+AL2+AM2+AN2+AO2+AP2+AQ2+AR2
  [완료]

  [4.7] F_1/I_1 bay 거리 수식 IFERROR 래핑...
    [F_1] col32 IFERROR 래핑: =(IF($B2="DPS",0,IF($M2="시작",INDEX('1_24'!$B$3:$Z$27,MATCH($P2,'1_24'!$A$3:$A$27
    [F_1] col35 IFERROR 래핑: =(IF($B2="DPS",0,IF($Q2="끝",INDEX('1_24'!$B$3:$Z$27,MATCH($W2,'1_24'!$A$3:$A$27,
    [F_1] col38 IFERROR 래핑: =(IF($J2="DPS",0,IF($G2=$G1,INDEX('1_24'!$B$3:$Z$27,MATCH($W2,'1_24'!$A$3:$A$27,
    [I_1] col32 IFERROR 래핑: =(IF($B2="DPS",0,IF($M2="시작",INDEX('1_24'!$B$3:$Z$27,MATCH($P2,'1_24'!$A$3:$A$27
    [I_1] col35 IFERROR 래핑: =(IF($B2="DPS",0,IF($Q2="끝",INDEX('1_24'!$B$3:$Z$27,MATCH($W2,'1_24'!$A$3:$A$27,
  [완료]

  [5] I_1 특수 수식 설정...
  [완료] (I_1 수식은 마스터 원본 그대로 사용)

  [6] CalculateFull() 실행 중... (수 분 소요)
  [완료]

  [7] Python 집계 → 종합실적 D열 직접 기입...
    [wb1 zone별 표준시간(min)] {'H-I': 1625.1, 'C-D': 2562.3, 'A-P': 1572.1, 'DPS': 3494.8, 'E-F': 1063.6, 'J-K': 947.7, 'L': 470.6, 'B': 116.9, 'L/S': 246.3}
    [wb2 zone별 표준시간(min)] {'M-N': 2016.6, 'S': 1002.2, 'W': 347.0, 'R': 432.1}
    [D_1 M-N] 행=2838, M시작=137회, AS합=2016.6min(33.610hr), AU합=2016.6min(33.610hr), AS=0행=0
      컬럼합: AE=23.33, AF=18.32, AG=6.83, AH=27.82, AI=12.02, AK=99.34, AL=191.73, AM=28.54, AN=303.33, AO=613.75, AP=303.33, AQ=41.56, AR=346.72
    [D_1 S] 행=1596, M시작=106회, AS합=1002.2min(16.703hr), AU합=1002.2min(16.703hr), AS=0행=0
      컬럼합: AE=22.00, AF=13.36, AH=57.88, AI=8.40, AK=23.00, AL=55.61, AM=135.94, AN=138.80, AO=120.70, AP=138.80, AQ=32.15, AR=255.55
    [D_1 컬럼 진단 저장] C:\Users\이문승\Desktop\PJ_생산성지표\data\temp\d1_col_diag_2026-06-10.json

    [I_1 zone별 진단]
      [H-I] 행=1530, M시작=145회, AS합=1545.5min(25.758hr), AU합=1625.1min(27.085hr), AK합=93.75min, AS=0행=0, AK비零샘플=[0.065, 0.065, 0.225, 0.11666666666666667, 0.15333333333333332]
        V열샘플(처음5행): [107.0, 105.0, 104.0, 114.0, 110.0]
        U열샘플(처음5행): ['I', 'H', 'H', 'I', 'I']
      [C-D] 행=3031, M시작=123회, AS합=2517.3min(41.955hr), AU합=2562.3min(42.706hr), AK합=153.36min, AS=0행=0, AK비零샘플=[0.26166666666666666, 0.065, 0.065, 0.065, 0.065]
        V열샘플(처음5행): [115.0, 102.0, 102.0, 103.0, 103.0]
      [A-P] 행=1669, M시작=118회, AS합=1696.8min(28.280hr), AU합=1572.1min(26.202hr), AK합=95.49min, AS=0행=0, AK비零샘플=[0.19499999999999998, 0.19499999999999998, 0.11666666666666667, 0.19, 0.065]
        V열샘플(처음5행): [102.0, 103.0, 103.0, 116.0, 116.0]
      [DPS] 행=1599, M시작=971회, AS합=3494.8min(58.246hr), AU합=3494.8min(58.246hr), AK합=334.59min, AS=0행=0, AK비零샘플=[0.2533333333333333, 0.12666666666666665, 0.06333333333333332, 0.06333333333333332, 0.06333333333333332]
        V열샘플(처음5행): [300.0, 310.0, 305.0, 307.0, 310.0]
        U열샘플(처음5행): ['P', 'P', 'P', 'P', 'P']
        H열샘플(처음5행): [202606100076.0, 202606100076.0, 202606100076.0, 202606100076.0, 202606100076.0]
        J열샘플(처음5행): ['DPS', 'DPS', 'DPS', 'DPS', 'DPS']
        DPS 고유H수=118
        DPS 열별합(AD~AR): AD=381.93, AE=432.69, AG=381.93, AH=454.61, AK=334.59, AO=121.25, AP=18.65, AQ=485.50, AR=883.61

    [DU_1 R zone 진단]
      마지막행(505) AU수식: '=IF($G505&$H505&$J505=$G506&$H506&$J506,0,$AT505)'
      마지막행(505) AK수식: '=IFERROR((IF($J505="DPS",IF($I504=$I505,INDEX(DPS!$B$3:$AF$33,MATCH($V504,DPS!$A$3:$A$33,0),MATCH($V505,DPS!$B$2:$AF$2,0)),0),IF($U505="P",IF($G504=$G505,INDEX('101_MN'!$C$3:$AK$37,MATCH($V504,'101_MN'!$B$3:$B$37,0),MATCH($V505,'101_MN'!$C$2:$AK$2,0)),0),IF($G504=$G505,INDEX('101_ABCDJ'!$C$3:$T$20,MATCH($V504,'101_ABCDJ'!$B$3:$B$20,0),MATCH($V505,'101_ABCDJ'!$C$2:$T$2,0)),0))))/60,0)'
      R zone: 비零 AU행=101, 합=432.11min, 샘플=[3.2315, 3.1665, 3.1014999999999997, 3.6465, 2.7981666666666665]
      W zone: 비零 AU행=98, 합=346.98min, 샘플=[3.3614999999999995, 3.234833333333333, 3.3898333333333333, 4.3055, 3.2581666666666664]
      R zone V열(랙번호) 샘플: [103.0, 101.0, 101.0, 105.0, 101.0, 101.0, 103.0, 101.0, 105.0, 101.0]
      R zone 처음10행 AK(37)=[0.0, 0.065, 0.0, 0.11666666666666667, 0.0, 0.0, 0.0, 0.065, 0.11666666666666667, 0.11666666666666667]
      R zone 처음10행 AS(45)=[3.2315, 3.1665, 3.1014999999999997, 3.6465, 0.7806666666666666, 2.7981666666666665, 3.2315, 3.1665, 3.6014999999999997, 3.2681666666666667]
      R zone 처음10행 AT(46)=[3.2315, 3.1665, 3.1014999999999997, 3.6465, 0.7806666666666666, 2.7981666666666665, 3.2315, 3.1665, 3.6014999999999997, 3.2681666666666667]
  [완료] (종합실적=피킹실적 SUMIF 경로 사용, Python값은 진단용)

  [종합실적 D열 - 기준정보1_마스터]
  zone       표준(hr)      실적(hr)        기준      오차%
  --------------------------------------------------
  H-I       27.0850     57.0878   27.0850    0.00% OK
  C-D       42.7055     74.6263   42.7259    0.05% OK
  A-P       26.2022     45.9374   26.2093    0.03% OK
  DPS       58.2459     55.2423   73.2092   20.44% NG
  E-F       17.7274     25.1461   17.7274    0.00% OK
  J-K       15.7949     20.5668   15.7949    0.00% OK
  L          7.8425      8.6607    7.8425    0.00% OK
  B          1.9487      1.6371    1.9487    0.00% OK
  L/S        4.1044      3.6194    4.1044    0.00% OK

  [종합실적 D열 - 기준정보2_마스터]
  zone       표준(hr)      실적(hr)        기준      오차%
  --------------------------------------------------
  M-N       33.6104     58.1674   33.4419    0.50% OK
  S         16.7034     11.6490   16.8485    0.86% OK
  W          5.7830      6.5864    5.7830    0.00% OK
  R          7.2018      6.8372    7.2018    0.00% OK

  [피킹실적 작업자별] 114명 추출 → workers_2026-06-10.json
  [종합실적 구역별] 13구역 추출 → zones_2026-06-10.json

  [최종 결과]
    H-I   : 표준=27.0850hr  실적=57.0878hr  (기준:27.0850  오차:0.00%)
    C-D   : 표준=42.7055hr  실적=74.6263hr  (기준:42.7259  오차:0.05%)
    A-P   : 표준=26.2022hr  실적=45.9374hr  (기준:26.2093  오차:0.03%)
    DPS   : 표준=58.2459hr  실적=55.2423hr  (기준:73.2092  오차:20.44%)
    E-F   : 표준=17.7274hr  실적=25.1461hr  (기준:17.7274  오차:0.00%)
    J-K   : 표준=15.7949hr  실적=20.5668hr  (기준:15.7949  오차:0.00%)
    L     : 표준=7.8425hr  실적=8.6607hr  (기준:7.8425  오차:0.00%)
    B     : 표준=1.9487hr  실적=1.6371hr  (기준:1.9487  오차:0.00%)
    L/S   : 표준=4.1044hr  실적=3.6194hr  (기준:4.1044  오차:0.00%)
    M-N   : 표준=33.6104hr  실적=58.1674hr  (기준:33.4419  오차:0.50%)
    S     : 표준=16.7034hr  실적=11.6490hr  (기준:16.8485  오차:0.86%)
    W     : 표준=5.7830hr  실적=6.5864hr  (기준:5.7830  오차:0.00%)
    R     : 표준=7.2018hr  실적=6.8372hr  (기준:7.2018  오차:0.00%)
  [결과 저장] C:\Users\이문승\Desktop\PJ_생산성지표\data\temp\result_2026-06-10.json
  [override] 6/10 DPS act_time_hr → 73.21 (담당자 원본)

  DB 적재 중: 13개...
  [완료] DB 적재 완료

================================================================
검증 [2026-06-10] 표준/금액/박스 ±1%, 실적 ±3%  (O=통과 X=실패)
  zone         표준       금액       박스        실적
  ------------------------------------------------------
  A-P      O 0.0%   O 0.0%   O 0.0%    O 0.0%
  B        O 0.0%   O 0.0%   O 0.0%    O 0.0%
  C-D      O 0.0%   O 0.2%   O 0.0%    O 0.0%
  DPS      X20.4%   X 1.1%   O 0.0%    X22.4%
  E-F      O 0.0%   O 0.0%   O 0.0%    O 0.0%
  H-I      O 0.0%   O 0.0%   O 0.0%    O 0.0%
  J-K      O 0.0%   O 0.0%   O 0.0%    O 0.0%
  L        O 0.0%   O 0.1%   O 0.0%    O 0.0%
  L/S      O 0.0%   O 0.0%   O 0.0%    O 0.0%
  M-N      O 0.5%   O 0.0%   O 0.0%    O 0.3%
  R        O 0.0%   X15.4%   O 0.0%    O 0.0%
  S        O 0.9%   O 0.0%   O 0.0%    O 1.2%
  W        O 0.0%   X 1.2%   O 0.0%    O 0.0%
  ======================================================
  일부 FAIL
