
============================================================
УГИЎ ГЏТЅ: 2026-06-09
============================================================

  [KGA-1] raw data ЧЪХЭИЕ...
  [ЦлНУНК] ЦлНУНК_0609.xlsx
    ЧЪХЭ ШФ 1601Чр
  [РЯЗы] РЯЗы_0609_0610.xlsx
    ЧЪХЭ ШФ 8188Чр
  [ЕЅНКФП] ЕЅНКФП_0609_0610.xlsx
    ЧЪХЭ ШФ 4041Чр
  [3PL] 3PL_0609.xlsx
    ЧЪХЭ ШФ 369Чр
    [ЦлНУНК] РхРчПЯ GБИПЊ 6Чр Ёц K-115-00 КЏАц

  [KGA-2] АЁЕПЗќ-ЗЮЕЅРЬХЭ ЦФРЯ КЙЛч...
    КЙЛч ПЯЗс: tmp_kga1.xlsx
    КЙЛч ПЯЗс: tmp_kga2.xlsx

  [KGA-3] RAW DATA НУЦЎ ОїЕЅРЬЦЎ...
    [ЦлНУНК RAW DATA] 1601Чр РдЗТ
    [РЯЗы RAW DATA] 8188Чр РдЗТ
    [ЕЅНКФП RAW DATA] 4041Чр РдЗТ
    [3PL RAW DATA] 369Чр РдЗТ

  [KGA-4] CalculateFull() НЧЧр Сп...
  [ПЯЗс]

  [KGA-5] ЕЅРЬХЭСЄИЎ,АшЛъ РаБт...
    F_1=1601Чр  I_1=8188Чр  D_1=4041Чр  DU_1=369Чр

  [zoneКА Чр Мі]
    F_1(ЦлНУНК): Уб 1601Чр
      B: 71
      E-F: 653
      J-K: 580
      L: 99
      L/S: 198
    I_1(РЯЗы): Уб 8188Чр
      A-P: 1687
      C-D: 3201
      DPS: 1898
      H-I: 1402
    D_1(ЕЅНКФП): Уб 4041Чр
      M-N: 2575
      S: 1466
    DU_1(3PL): Уб 369Чр
      R: 104
      W: 265

  [1] Excel П­Бт...
  [ПЯЗс]

  [2] ЧЧХЗНЧРћ CП­ ОїЕЅРЬЦЎ...
      [H-I] 9Иэ (ННЗд 50Чр)
      [C-D] 19Иэ (ННЗд 50Чр)
      [A-P] 18Иэ (ННЗд 50Чр)
      [DPS] 1Иэ (ННЗд 50Чр)
      [E-F] 11Иэ (ННЗд 50Чр)
      [J-K] 9Иэ (ННЗд 50Чр)
      [L] 9Иэ (ННЗд 50Чр)
      [B] 4Иэ (ННЗд 50Чр)
      [L/S] 1Иэ (ННЗд 50Чр)
      [M-N] 13Иэ (ННЗд 50Чр)
      [S] 5Иэ (ННЗд 50Чр)
      [W] 4Иэ (ННЗд 50Чр)
      [R] 6Иэ (ННЗд 50Чр)
  [ПЯЗс]

  [3] НУЦЎ ЕЅРЬХЭ ОВБт...
    [F_1] 1601Чр РлМК (C~L, U~AA)
    [I_1] 8188Чр РлМК (C~L, U~AA)
    [D_1] 4041Чр РлМК (C~L, U~AA)
    [DU_1] 369Чр РлМК (C~L, U~AA)
  [ПЯЗс]

  [3.1] ЧЧХЗБнОз(BF/BGП­) БтРд...
  [АјРхЕЕАЁ] Е№НКХЉ ФГНУ ЛчПы (3НУЦЎ)
    [F_1] ЧЧХЗБнОз ЧеАш: 427,705,900Пј
    [I_1] ЧЧХЗБнОз ЧеАш: 635,704,010Пј
    [D_1] ЧЧХЗБнОз ЧеАш: 254,385,120Пј
    [DU_1] ЧЧХЗБнОз ЧеАш: 152,638,525Пј
  [ПЯЗс]

  [4.3] РќУМ НУЦЎ МіНФ ЙќРЇ ШЎРх...
    [F_1] МіНФ ШЎРх КвЧЪПф (РЬЙЬ РќУМ Чр ФПЙі)
    [I_1] МіНФ ШЎРх КвЧЪПф (РЬЙЬ РќУМ Чр ФПЙі)
    [D_1] МіНФ ШЎРх КвЧЪПф (РЬЙЬ РќУМ Чр ФПЙі)
    [DU_1] МіНФ ШЎРх КвЧЪПф (РЬЙЬ РќУМ Чр ФПЙі)
  [ПЯЗс]

  [4.5] D_1/DU_1 ПЁЗЏ МіНФ IFERROR ЗЁЧЮ...
    [D_1] col30 IFERROR ЗЁЧЮ: =(IF($M2="НУРл",INDEX(MNPSWRT!$B$3:$O$16,MATCH($N2,MNPSWRT!$A$3:$A$16,0),MATCH($U2
    [D_1] col31 IFERROR ЗЁЧЮ: =(IF($B2="DPS",IF($M2="НУРл",INDEX(DPS!$B$3:$AF$33,MATCH($O2,DPS!$A$3:$A$33,0),MAT
    [D_1] col32 IFERROR ЗЁЧЮ: =(IF($B2="DPS",0,IF($M2="НУРл",INDEX('1_28'!$B$3:$AD$31,MATCH($P2,'1_28'!$A$3:$A$3
    [D_1] col33 IFERROR ЗЁЧЮ: =(IF($Q2="ГЁ",INDEX(MNPSWRT!$B$3:$O$16,MATCH($U2,MNPSWRT!$A$3:$A$16,0),MATCH($R2,
    [D_1] col34 IFERROR ЗЁЧЮ: =(IF($B2="DPS",IF($Q2="ГЁ",INDEX(DPS!$B$3:$AF$33,MATCH($V2,DPS!$A$3:$A$33,0),MATC
    [D_1] col35 IFERROR ЗЁЧЮ: =(IF($B2="DPS",0,IF($Q2="ГЁ",INDEX('1_28'!$B$3:$AD$31,MATCH($W2,'1_28'!$A$3:$A$31
    [D_1] col36 IFERROR ЗЁЧЮ: =(IF($J2="DPS",IF($G1=$G2,INDEX(MNPSWRT!$B$3:$N$15,MATCH($U1,MNPSWRT!$A$3:$A$15,
    [D_1] col37 IFERROR ЗЁЧЮ: =(IF($J2="DPS",IF($I1=$I2,INDEX(DPS!$B$3:$AF$33,MATCH($V1,DPS!$A$3:$A$33,0),MATC
    [D_1] col38 IFERROR ЗЁЧЮ: =(IF($J2="DPS",0,IF($G2=$G1,INDEX('1_28'!$B$3:$AD$31,MATCH($W2,'1_28'!$A$3:$A$31
    [D_1] col39 IFERROR ЗЁЧЮ: =IF($B2="DPS",0,IF($D1&$G1&$U1&$V1&$W1&$X1=$D2&$G2&$U2&$V2&$W2&$X2,0,IF(ISERROR(
    [D_1] col40 IFERROR ЗЁЧЮ: =IF($B2="DPS",0,IF($B2="TEAM4",IF($D1&$G1&$U1&$V1&$W1&$X1=$D2&$G2&$U2&$V2&$W2&$X
    [D_1] col41 IFERROR ЗЁЧЮ: =IF(OR($B2="DPS",$B2="TEAM4"),VLOOKUP($B2,ЧЧХЗНУАЃ!$A:$B,2,0)*E2,VLOOKUP($U2,ЧЧХЗНУАЃ!$A
    [D_1] col42 IFERROR ЗЁЧЮ: =IF($B2="DPS",IF($D2&$G2&$U2&$V2&$W2&$X2=$D3&$G3&$U3&$V3&$W3&$X3,0,ЧЧХЗНУАЃ!$M$4),IF
    [D_1] col43 IFERROR ЗЁЧЮ: =IF(AND($M2="НУРл",$B2="DPS"),'WAVEАЃ НУАЃ'!$B$3,IF(AND($M2="НУРл",$B2="TEAM4"),'WAVEАЃ 
    [D_1] col44 IFERROR ЗЁЧЮ: =IF(AND($B2="DPS",$Q2="ГЁ",$L2="АцРЮ"),VLOOKUP($B2,'WAVEАЃ НУАЃ'!$W:$X,2,0),IF(AND($B2
    [D_1] col45 IFERROR ЗЁЧЮ: =AD2+AE2+AF2+AG2+AH2+AI2+AJ2+AK2+AL2+AM2+AN2+AO2+AP2+AQ2+AR2
    [DU_1] col30 IFERROR ЗЁЧЮ: =(IF($M2="НУРл",INDEX(MNPSWRT!$B$3:$O$16,MATCH($N2,MNPSWRT!$A$3:$A$16,0),MATCH($U2
    [DU_1] col31 IFERROR ЗЁЧЮ: =(IF($B2="DPS",IF($M2="НУРл",INDEX(DPS!$B$3:$AF$33,MATCH($O2,DPS!$A$3:$A$33,0),MAT
    [DU_1] col32 IFERROR ЗЁЧЮ: =(IF($B2="DPS",0,IF($M2="НУРл",INDEX('1_28'!$B$3:$AD$31,MATCH($P2,'1_28'!$A$3:$A$3
    [DU_1] col33 IFERROR ЗЁЧЮ: =(IF($Q2="ГЁ",INDEX(MNPSWRT!$B$3:$O$16,MATCH($U2,MNPSWRT!$A$3:$A$16,0),MATCH($R2,
    [DU_1] col34 IFERROR ЗЁЧЮ: =(IF($B2="DPS",IF($Q2="ГЁ",INDEX(DPS!$B$3:$AF$33,MATCH($V2,DPS!$A$3:$A$33,0),MATC
    [DU_1] col35 IFERROR ЗЁЧЮ: =(IF($B2="DPS",0,IF($Q2="ГЁ",INDEX('1_28'!$B$3:$AD$31,MATCH($W2,'1_28'!$A$3:$A$31
    [DU_1] col36 IFERROR ЗЁЧЮ: =(IF($J2="DPS",IF($G1=$G2,INDEX(MNPSWRT!$B$3:$O$16,MATCH($U1,MNPSWRT!$A$3:$A$16,
    [DU_1] col37 IFERROR ЗЁЧЮ: =(IF($J2="DPS",IF($I1=$I2,INDEX(DPS!$B$3:$AF$33,MATCH($V1,DPS!$A$3:$A$33,0),MATC
    [DU_1] col38 IFERROR ЗЁЧЮ: =(IF($J2="DPS",0,IF($G2=$G1,INDEX('1_28'!$B$3:$AD$31,MATCH($W2,'1_28'!$A$3:$A$31
    [DU_1] col39 IFERROR ЗЁЧЮ: =IF($B2="DPS",0,IF($D1&$G1&$U1&$V1&$W1&$X1=$D2&$G2&$U2&$V2&$W2&$X2,0,IF(ISERROR(
    [DU_1] col40 IFERROR ЗЁЧЮ: =IF($B2="DPS",0,IF($B2="TEAM4",IF($D1&$G1&$U1&$V1&$W1&$X1=$D2&$G2&$U2&$V2&$W2&$X
    [DU_1] col41 IFERROR ЗЁЧЮ: =IF(OR($B2="DPS",$B2="TEAM4"),VLOOKUP($B2,ЧЧХЗНУАЃ!$A:$B,2,0)*E2,VLOOKUP($U2,ЧЧХЗНУАЃ!$A
    [DU_1] col42 IFERROR ЗЁЧЮ: =IF($B2="DPS",IF($D2&$G2&$U2&$V2&$W2&$X2=$D3&$G3&$U3&$V3&$W3&$X3,0,ЧЧХЗНУАЃ!$M$4),IF
    [DU_1] col43 IFERROR ЗЁЧЮ: =IF(AND($M2="НУРл",$B2="DPS"),'WAVEАЃ НУАЃ'!$B$3,IF(AND($M2="НУРл",$B2="TEAM4"),'WAVEАЃ 
    [DU_1] col44 IFERROR ЗЁЧЮ: =IF(AND($B2="DPS",$Q2="ГЁ",$L2="АцРЮ"),VLOOKUP($B2,'WAVEАЃ НУАЃ'!$W:$X,2,0),IF(AND($B2
    [DU_1] col45 IFERROR ЗЁЧЮ: =AD2+AE2+AF2+AG2+AH2+AI2+AJ2+AK2+AL2+AM2+AN2+AO2+AP2+AQ2+AR2
  [ПЯЗс]

  [4.7] F_1/I_1 bay АХИЎ МіНФ IFERROR ЗЁЧЮ...
    [F_1] col32 IFERROR ЗЁЧЮ: =(IF($B2="DPS",0,IF($M2="НУРл",INDEX('1_24'!$B$3:$Z$27,MATCH($P2,'1_24'!$A$3:$A$27
    [F_1] col35 IFERROR ЗЁЧЮ: =(IF($B2="DPS",0,IF($Q2="ГЁ",INDEX('1_24'!$B$3:$Z$27,MATCH($W2,'1_24'!$A$3:$A$27,
    [F_1] col38 IFERROR ЗЁЧЮ: =(IF($J2="DPS",0,IF($G2=$G1,INDEX('1_24'!$B$3:$Z$27,MATCH($W2,'1_24'!$A$3:$A$27,
    [I_1] col32 IFERROR ЗЁЧЮ: =(IF($B2="DPS",0,IF($M2="НУРл",INDEX('1_24'!$B$3:$Z$27,MATCH($P2,'1_24'!$A$3:$A$27
    [I_1] col35 IFERROR ЗЁЧЮ: =(IF($B2="DPS",0,IF($Q2="ГЁ",INDEX('1_24'!$B$3:$Z$27,MATCH($W2,'1_24'!$A$3:$A$27,
  [ПЯЗс]

  [5] I_1 ЦЏМі МіНФ МГСЄ...
  [ПЯЗс] (I_1 МіНФРК ИЖНКХЭ ПјКЛ БзДыЗЮ ЛчПы)

  [6] CalculateFull() НЧЧр Сп... (Мі Ка МвПф)
  [ПЯЗс]

  [7] Python С§Аш Ёц СОЧеНЧРћ DП­ СїСЂ БтРд...
    [wb1 zoneКА ЧЅСиНУАЃ(min)] {'H-I': 1525.3, 'C-D': 2827.4, 'A-P': 1572.3, 'DPS': 4002.9, 'E-F': 827.8, 'J-K': 713.5, 'L': 282.5, 'B': 151.3, 'L/S': 241.1}
    [wb2 zoneКА ЧЅСиНУАЃ(min)] {'M-N': 1969.7, 'S': 909.4, 'W': 322.3, 'R': 293.0}
    [D_1 M-N] Чр=2575, MНУРл=147ШИ, ASЧе=1969.7min(32.829hr), AUЧе=1969.7min(32.829hr), AS=0Чр=0
      ФУЗГЧе: AE=25.86, AF=20.26, AG=6.30, AH=29.67, AI=12.32, AJ=0.53, AK=98.14, AL=180.25, AM=40.32, AN=281.07, AO=577.34, AP=281.07, AQ=44.59, AR=372.03
    [D_1 S] Чр=1466, MНУРл=91ШИ, ASЧе=909.4min(15.157hr), AUЧе=909.4min(15.157hr), AS=0Чр=0
      ФУЗГЧе: AE=19.41, AF=11.76, AH=49.80, AI=7.45, AK=19.31, AL=49.28, AM=125.82, AN=134.27, AO=111.05, AP=134.27, AQ=27.60, AR=219.39
    [D_1 ФУЗГ СјДм РњРх] C:\Users\РЬЙЎНТ\Desktop\PJ_Л§ЛъМКСіЧЅ\data\temp\d1_col_diag_2026-06-09.json

    [I_1 zoneКА СјДм]
      [H-I] Чр=1402, MНУРл=130ШИ, ASЧе=1358.1min(22.635hr), AUЧе=1525.3min(25.422hr), AKЧе=91.88min, AS=0Чр=0, AKКёжУЛљЧУ=[0.11666666666666667, 0.065, 0.065, 0.19499999999999998, 0.19499999999999998]
        VП­ЛљЧУ(УГРН5Чр): [114.0, 114.0, 109.0, 108.0, 109.0]
        UП­ЛљЧУ(УГРН5Чр): ['I', 'I', 'I', 'I', 'I']
      [C-D] Чр=3201, MНУРл=148ШИ, ASЧе=2799.2min(46.654hr), AUЧе=2827.4min(47.123hr), AKЧе=183.55min, AS=0Чр=0, AKКёжУЛљЧУ=[0.19499999999999998, 0.19499999999999998, 0.19, 0.19, 0.065]
        VП­ЛљЧУ(УГРН5Чр): [101.0, 116.0, 115.0, 115.0, 106.0]
      [A-P] Чр=1687, MНУРл=140ШИ, ASЧе=1767.7min(29.461hr), AUЧе=1572.3min(26.205hr), AKЧе=110.95min, AS=0Чр=0, AKКёжУЛљЧУ=[0.19499999999999998, 0.19499999999999998, 0.065, 0.065, 0.11666666666666667]
        VП­ЛљЧУ(УГРН5Чр): [110.0, 110.0, 110.0, 110.0, 111.0]
      [DPS] Чр=1898, MНУРл=1113ШИ, ASЧе=4002.9min(66.715hr), AUЧе=4002.9min(66.715hr), AKЧе=406.22min, AS=0Чр=0, AKКёжУЛљЧУ=[0.8866666666666665, 0.5700000000000001, 0.6333333333333333, 0.6966666666666667, 0.7599999999999999]
        VП­ЛљЧУ(УГРН5Чр): [304.0, 332.0, 312.0, 312.0, 330.0]
        UП­ЛљЧУ(УГРН5Чр): ['P', 'P', 'P', 'P', 'P']
        HП­ЛљЧУ(УГРН5Чр): [202606080546.0, 202606080546.0, 202606080547.0, 202606080547.0, 202606080547.0]
        JП­ЛљЧУ(УГРН5Чр): ['DPS', 'DPS', 'DPS', 'DPS', 'DPS']
        DPS АэРЏHМі=127
        DPS П­КАЧе(AD~AR): AD=437.78, AE=507.17, AG=437.78, AH=508.44, AK=406.22, AO=114.40, AP=21.78, AQ=556.50, AR=1012.83

    [DU_1 R zone СјДм]
      ИЖСіИЗЧр(370) AUМіНФ: '=IF($G370&$H370&$J370=$G371&$H371&$J371,0,$AT370)'
      ИЖСіИЗЧр(370) AKМіНФ: '=IFERROR((IF($J370="DPS",IF($I369=$I370,INDEX(DPS!$B$3:$AF$33,MATCH($V369,DPS!$A$3:$A$33,0),MATCH($V370,DPS!$B$2:$AF$2,0)),0),IF($U370="P",IF($G369=$G370,INDEX('101_MN'!$C$3:$AK$37,MATCH($V369,'101_MN'!$B$3:$B$37,0),MATCH($V370,'101_MN'!$C$2:$AK$2,0)),0),IF($G369=$G370,INDEX('101_ABCDJ'!$C$3:$T$20,MATCH($V369,'101_ABCDJ'!$B$3:$B$20,0),MATCH($V370,'101_ABCDJ'!$C$2:$T$2,0)),0))))/60,0)'
      R zone: КёжУ AUЧр=74, Че=293.03min, ЛљЧУ=[3.1014999999999997, 3.1014999999999997, 3.3315, 3.1014999999999997, 3.1014999999999997]
      W zone: КёжУ AUЧр=85, Че=322.30min, ЛљЧУ=[3.1381666666666663, 3.334833333333333, 3.124833333333333, 3.123166666666666, 3.8071666666666664]
      R zone VП­(ЗЂЙјШЃ) ЛљЧУ: [101.0, 101.0, 103.0, 101.0, 101.0, 102.0, 101.0, 101.0, 101.0, 103.0]
      R zone УГРН10Чр AK(37)=[0.0, 0.0, 0.0, 0.0, 0.0, 0.065, 0.0, 0.0, 0.0, 0.0]
      R zone УГРН10Чр AS(45)=[3.1014999999999997, 3.1014999999999997, 3.3315, 3.1014999999999997, 3.1014999999999997, 3.2965, 3.1014999999999997, 3.1014999999999997, 3.1014999999999997, 4.499833333333333]
      R zone УГРН10Чр AT(46)=[3.1014999999999997, 3.1014999999999997, 3.3315, 3.1014999999999997, 3.1014999999999997, 3.2965, 3.1014999999999997, 3.1014999999999997, 3.1014999999999997, 4.499833333333333]
  [ПЯЗс] (СОЧеНЧРћ=ЧЧХЗНЧРћ SUMIF АцЗЮ ЛчПы, PythonАЊРК СјДмПы)

  [СОЧеНЧРћ DП­ - БтСиСЄКИ1_ИЖНКХЭ]
  zone       ЧЅСи(hr)      НЧРћ(hr)        БтСи      ПРТї%
  --------------------------------------------------
  H-I       25.4219     56.7031   25.4219    0.00% OK
  C-D       47.1231     70.2469   47.1305    0.02% OK
  A-P       26.2049     43.2777   26.2099    0.02% OK
  DPS       66.7151     63.0206   66.6465    0.10% OK
  E-F       13.7959     15.1361   13.7959    0.00% OK
  J-K       11.8914     14.2302   11.8914    0.00% OK
  L          4.7090      5.7847    4.7090    0.00% OK
  B          2.5222      2.3717    2.5222    0.00% OK
  L/S        4.0178      4.3637    4.0178    0.00% OK

  [СОЧеНЧРћ DП­ - БтСиСЄКИ2_ИЖНКХЭ]
  zone       ЧЅСи(hr)      НЧРћ(hr)        БтСи      ПРТї%
  --------------------------------------------------
  M-N       32.8290     53.0073   32.7267    0.31% OK
  S         15.1568     10.0594   15.2149    0.38% OK
  W          5.3717      6.2769    5.3717    0.00% OK
  R          4.8839      4.9228    4.8839    0.00% OK

  [ЧЧХЗНЧРћ РлОїРкКА] 109Иэ УпУт Ёц workers_2026-06-09.json
  [СОЧеНЧРћ БИПЊКА] 13БИПЊ УпУт Ёц zones_2026-06-09.json

  [УжСО АсАњ]
    H-I   : ЧЅСи=25.4219hr  НЧРћ=56.7031hr  (БтСи:25.4219  ПРТї:0.00%)
    C-D   : ЧЅСи=47.1231hr  НЧРћ=70.2469hr  (БтСи:47.1305  ПРТї:0.02%)
    A-P   : ЧЅСи=26.2049hr  НЧРћ=43.2777hr  (БтСи:26.2099  ПРТї:0.02%)
    DPS   : ЧЅСи=66.7151hr  НЧРћ=63.0206hr  (БтСи:66.6465  ПРТї:0.10%)
    E-F   : ЧЅСи=13.7959hr  НЧРћ=15.1361hr  (БтСи:13.7959  ПРТї:0.00%)
    J-K   : ЧЅСи=11.8914hr  НЧРћ=14.2302hr  (БтСи:11.8914  ПРТї:0.00%)
    L     : ЧЅСи=4.7090hr  НЧРћ=5.7847hr  (БтСи:4.7090  ПРТї:0.00%)
    B     : ЧЅСи=2.5222hr  НЧРћ=2.3717hr  (БтСи:2.5222  ПРТї:0.00%)
    L/S   : ЧЅСи=4.0178hr  НЧРћ=4.3637hr  (БтСи:4.0178  ПРТї:0.00%)
    M-N   : ЧЅСи=32.8290hr  НЧРћ=53.0073hr  (БтСи:32.7267  ПРТї:0.31%)
    S     : ЧЅСи=15.1568hr  НЧРћ=10.0594hr  (БтСи:15.2149  ПРТї:0.38%)
    W     : ЧЅСи=5.3717hr  НЧРћ=6.2769hr  (БтСи:5.3717  ПРТї:0.00%)
    R     : ЧЅСи=4.8839hr  НЧРћ=4.9228hr  (БтСи:4.8839  ПРТї:0.00%)
  [АсАњ РњРх] C:\Users\РЬЙЎНТ\Desktop\PJ_Л§ЛъМКСіЧЅ\data\temp\result_2026-06-09.json

  DB РћРч Сп: 13АГ...
  [ПЯЗс] DB РћРч ПЯЗс

================================================================
АЫСѕ [2026-06-09] ЧЅСи/БнОз/ЙкНК ЁО1%, НЧРћ ЁО3%  (O=ХыАњ X=НЧЦа)
  zone         ЧЅСи       БнОз       ЙкНК        НЧРћ
  ------------------------------------------------------
  A-P      O 0.0%   O 0.0%   O 0.0%    O 0.0%
  B        O 0.0%   O 0.0%   O 0.0%    O 0.0%
  C-D      O 0.0%   O 0.0%   O 0.0%    O 0.0%
  DPS      O 0.1%   O 0.0%   O 0.0%    O 0.1%
  E-F      O 0.0%   O 0.0%   O 0.0%    O 0.0%
  H-I      O 0.0%   O 0.0%   O 0.0%    O 0.0%
  J-K      O 0.0%   O 0.0%   O 0.0%    O 0.0%
  L        O 0.0%   O 0.1%   O 0.0%    O 0.0%
  L/S      O 0.0%   O 0.0%   O 0.0%    O 0.0%
  M-N      O 0.3%   O 0.0%   O 0.0%    O 0.2%
  R        O 0.0%   X 6.6%   O 0.0%    O 0.0%
  S        O 0.4%   O 0.0%   O 0.0%    O 1.6%
  W        O 0.0%   X 1.5%   O 0.0%    O 0.0%
  ======================================================
  РЯКЮ FAIL
